CRITICAL - 2022-12-11 21:54:33 --> Undefined array key "berita"
#0 C:\xampp\htdocs\E-Learning-WP3\app\Views\dosen\absensi.php(53): CodeIgniter\Debug\Exceptions->errorHandler(2, 'Undefined array...', 'C:\\xampp\\htdocs...', 53)
#1 C:\xampp\htdocs\E-Learning-WP3\system\View\View.php(210): include('C:\\xampp\\htdocs...')
#2 C:\xampp\htdocs\E-Learning-WP3\system\View\View.php(213): CodeIgniter\View\View->CodeIgniter\View\{closure}()
#3 C:\xampp\htdocs\E-Learning-WP3\system\Common.php(1089): CodeIgniter\View\View->render('dosen/absensi', Array, true)
#4 C:\xampp\htdocs\E-Learning-WP3\app\Controllers\Dosen.php(472): view('dosen/absensi', Array)
#5 C:\xampp\htdocs\E-Learning-WP3\system\CodeIgniter.php(832): App\Controllers\Dosen->absensi('Mw==', 'MTUuNUEuMDE=')
#6 C:\xampp\htdocs\E-Learning-WP3\system\CodeIgniter.php(419): CodeIgniter\CodeIgniter->runController(Object(App\Controllers\Dosen))
#7 C:\xampp\htdocs\E-Learning-WP3\system\CodeIgniter.php(326): CodeIgniter\CodeIgniter->handleRequest(NULL, Object(Config\Cache), false)
#8 C:\xampp\htdocs\E-Learning-WP3\public\index.php(37): CodeIgniter\CodeIgniter->run()
#9 C:\xampp\htdocs\E-Learning-WP3\system\Commands\Server\rewrite.php(43): require_once('C:\\xampp\\htdocs...')
#10 {main}
CRITICAL - 2022-12-11 21:55:22 --> Array to string conversion
#0 C:\xampp\htdocs\E-Learning-WP3\app\Views\dosen\absensi.php(53): CodeIgniter\Debug\Exceptions->errorHandler(2, 'Array to string...', 'C:\\xampp\\htdocs...', 53)
#1 C:\xampp\htdocs\E-Learning-WP3\system\View\View.php(210): include('C:\\xampp\\htdocs...')
#2 C:\xampp\htdocs\E-Learning-WP3\system\View\View.php(213): CodeIgniter\View\View->CodeIgniter\View\{closure}()
#3 C:\xampp\htdocs\E-Learning-WP3\system\Common.php(1089): CodeIgniter\View\View->render('dosen/absensi', Array, true)
#4 C:\xampp\htdocs\E-Learning-WP3\app\Controllers\Dosen.php(472): view('dosen/absensi', Array)
#5 C:\xampp\htdocs\E-Learning-WP3\system\CodeIgniter.php(832): App\Controllers\Dosen->absensi('Mw==', 'MTUuNUEuMDE=')
#6 C:\xampp\htdocs\E-Learning-WP3\system\CodeIgniter.php(419): CodeIgniter\CodeIgniter->runController(Object(App\Controllers\Dosen))
#7 C:\xampp\htdocs\E-Learning-WP3\system\CodeIgniter.php(326): CodeIgniter\CodeIgniter->handleRequest(NULL, Object(Config\Cache), false)
#8 C:\xampp\htdocs\E-Learning-WP3\public\index.php(37): CodeIgniter\CodeIgniter->run()
#9 C:\xampp\htdocs\E-Learning-WP3\system\Commands\Server\rewrite.php(43): require_once('C:\\xampp\\htdocs...')
#10 {main}
CRITICAL - 2022-12-11 21:55:30 --> Undefined array key "berita"
#0 C:\xampp\htdocs\E-Learning-WP3\app\Views\dosen\absensi.php(53): CodeIgniter\Debug\Exceptions->errorHandler(2, 'Undefined array...', 'C:\\xampp\\htdocs...', 53)
#1 C:\xampp\htdocs\E-Learning-WP3\system\View\View.php(210): include('C:\\xampp\\htdocs...')
#2 C:\xampp\htdocs\E-Learning-WP3\system\View\View.php(213): CodeIgniter\View\View->CodeIgniter\View\{closure}()
#3 C:\xampp\htdocs\E-Learning-WP3\system\Common.php(1089): CodeIgniter\View\View->render('dosen/absensi', Array, true)
#4 C:\xampp\htdocs\E-Learning-WP3\app\Controllers\Dosen.php(472): view('dosen/absensi', Array)
#5 C:\xampp\htdocs\E-Learning-WP3\system\CodeIgniter.php(832): App\Controllers\Dosen->absensi('Mw==', 'MTUuNUEuMDE=')
#6 C:\xampp\htdocs\E-Learning-WP3\system\CodeIgniter.php(419): CodeIgniter\CodeIgniter->runController(Object(App\Controllers\Dosen))
#7 C:\xampp\htdocs\E-Learning-WP3\system\CodeIgniter.php(326): CodeIgniter\CodeIgniter->handleRequest(NULL, Object(Config\Cache), false)
#8 C:\xampp\htdocs\E-Learning-WP3\public\index.php(37): CodeIgniter\CodeIgniter->run()
#9 C:\xampp\htdocs\E-Learning-WP3\system\Commands\Server\rewrite.php(43): require_once('C:\\xampp\\htdocs...')
#10 {main}
CRITICAL - 2022-12-11 21:56:09 --> Undefined array key "berita"
#0 C:\xampp\htdocs\E-Learning-WP3\app\Views\dosen\absensi.php(53): CodeIgniter\Debug\Exceptions->errorHandler(2, 'Undefined array...', 'C:\\xampp\\htdocs...', 53)
#1 C:\xampp\htdocs\E-Learning-WP3\system\View\View.php(210): include('C:\\xampp\\htdocs...')
#2 C:\xampp\htdocs\E-Learning-WP3\system\View\View.php(213): CodeIgniter\View\View->CodeIgniter\View\{closure}()
#3 C:\xampp\htdocs\E-Learning-WP3\system\Common.php(1089): CodeIgniter\View\View->render('dosen/absensi', Array, true)
#4 C:\xampp\htdocs\E-Learning-WP3\app\Controllers\Dosen.php(472): view('dosen/absensi', Array)
#5 C:\xampp\htdocs\E-Learning-WP3\system\CodeIgniter.php(832): App\Controllers\Dosen->absensi('Mw==', 'MTUuNUEuMDE=')
#6 C:\xampp\htdocs\E-Learning-WP3\system\CodeIgniter.php(419): CodeIgniter\CodeIgniter->runController(Object(App\Controllers\Dosen))
#7 C:\xampp\htdocs\E-Learning-WP3\system\CodeIgniter.php(326): CodeIgniter\CodeIgniter->handleRequest(NULL, Object(Config\Cache), false)
#8 C:\xampp\htdocs\E-Learning-WP3\public\index.php(37): CodeIgniter\CodeIgniter->run()
#9 C:\xampp\htdocs\E-Learning-WP3\system\Commands\Server\rewrite.php(43): require_once('C:\\xampp\\htdocs...')
#10 {main}
CRITICAL - 2022-12-11 21:56:30 --> Array to string conversion
#0 C:\xampp\htdocs\E-Learning-WP3\app\Views\dosen\absensi.php(53): CodeIgniter\Debug\Exceptions->errorHandler(2, 'Array to string...', 'C:\\xampp\\htdocs...', 53)
#1 C:\xampp\htdocs\E-Learning-WP3\system\View\View.php(210): include('C:\\xampp\\htdocs...')
#2 C:\xampp\htdocs\E-Learning-WP3\system\View\View.php(213): CodeIgniter\View\View->CodeIgniter\View\{closure}()
#3 C:\xampp\htdocs\E-Learning-WP3\system\Common.php(1089): CodeIgniter\View\View->render('dosen/absensi', Array, true)
#4 C:\xampp\htdocs\E-Learning-WP3\app\Controllers\Dosen.php(472): view('dosen/absensi', Array)
#5 C:\xampp\htdocs\E-Learning-WP3\system\CodeIgniter.php(832): App\Controllers\Dosen->absensi('Mw==', 'MTUuNUEuMDE=')
#6 C:\xampp\htdocs\E-Learning-WP3\system\CodeIgniter.php(419): CodeIgniter\CodeIgniter->runController(Object(App\Controllers\Dosen))
#7 C:\xampp\htdocs\E-Learning-WP3\system\CodeIgniter.php(326): CodeIgniter\CodeIgniter->handleRequest(NULL, Object(Config\Cache), false)
#8 C:\xampp\htdocs\E-Learning-WP3\public\index.php(37): CodeIgniter\CodeIgniter->run()
#9 C:\xampp\htdocs\E-Learning-WP3\system\Commands\Server\rewrite.php(43): require_once('C:\\xampp\\htdocs...')
#10 {main}
CRITICAL - 2022-12-11 22:16:27 --> Undefined property: App\Controllers\Kuliah::$modeluser
#0 C:\xampp\htdocs\E-Learning-WP3\app\Controllers\Kuliah.php(261): CodeIgniter\Debug\Exceptions->errorHandler(2, 'Undefined prope...', 'C:\\xampp\\htdocs...', 261)
#1 C:\xampp\htdocs\E-Learning-WP3\system\CodeIgniter.php(832): App\Controllers\Kuliah->cetak_absen()
#2 C:\xampp\htdocs\E-Learning-WP3\system\CodeIgniter.php(419): CodeIgniter\CodeIgniter->runController(Object(App\Controllers\Kuliah))
#3 C:\xampp\htdocs\E-Learning-WP3\system\CodeIgniter.php(326): CodeIgniter\CodeIgniter->handleRequest(NULL, Object(Config\Cache), false)
#4 C:\xampp\htdocs\E-Learning-WP3\public\index.php(37): CodeIgniter\CodeIgniter->run()
#5 C:\xampp\htdocs\E-Learning-WP3\system\Commands\Server\rewrite.php(43): require_once('C:\\xampp\\htdocs...')
#6 {main}
CRITICAL - 2022-12-11 22:16:32 --> Undefined property: App\Controllers\Kuliah::$modeluser
#0 C:\xampp\htdocs\E-Learning-WP3\app\Controllers\Kuliah.php(261): CodeIgniter\Debug\Exceptions->errorHandler(2, 'Undefined prope...', 'C:\\xampp\\htdocs...', 261)
#1 C:\xampp\htdocs\E-Learning-WP3\system\CodeIgniter.php(832): App\Controllers\Kuliah->cetak_absen()
#2 C:\xampp\htdocs\E-Learning-WP3\system\CodeIgniter.php(419): CodeIgniter\CodeIgniter->runController(Object(App\Controllers\Kuliah))
#3 C:\xampp\htdocs\E-Learning-WP3\system\CodeIgniter.php(326): CodeIgniter\CodeIgniter->handleRequest(NULL, Object(Config\Cache), false)
#4 C:\xampp\htdocs\E-Learning-WP3\public\index.php(37): CodeIgniter\CodeIgniter->run()
#5 C:\xampp\htdocs\E-Learning-WP3\system\Commands\Server\rewrite.php(43): require_once('C:\\xampp\\htdocs...')
#6 {main}
ERROR - 2022-12-11 22:17:10 --> Unknown column 'email' in 'where clause'
CRITICAL - 2022-12-11 22:17:10 --> Unknown column 'email' in 'where clause'
#0 C:\xampp\htdocs\E-Learning-WP3\system\Database\MySQLi\Connection.php(292): mysqli->query('SELECT *\nFROM `...', 0)
#1 C:\xampp\htdocs\E-Learning-WP3\system\Database\BaseConnection.php(670): CodeIgniter\Database\MySQLi\Connection->execute('SELECT *\nFROM `...')
#2 C:\xampp\htdocs\E-Learning-WP3\system\Database\BaseConnection.php(598): CodeIgniter\Database\BaseConnection->simpleQuery('SELECT *\nFROM `...')
#3 C:\xampp\htdocs\E-Learning-WP3\system\Database\BaseBuilder.php(1588): CodeIgniter\Database\BaseConnection->query('SELECT *\nFROM `...', Array, false)
#4 C:\xampp\htdocs\E-Learning-WP3\app\Models\ModelUser.php(29): CodeIgniter\Database\BaseBuilder->getWhere(Array)
#5 C:\xampp\htdocs\E-Learning-WP3\app\Controllers\Kuliah.php(262): App\Models\ModelUser->cekData(Array)
#6 C:\xampp\htdocs\E-Learning-WP3\system\CodeIgniter.php(832): App\Controllers\Kuliah->cetak_absen()
#7 C:\xampp\htdocs\E-Learning-WP3\system\CodeIgniter.php(419): CodeIgniter\CodeIgniter->runController(Object(App\Controllers\Kuliah))
#8 C:\xampp\htdocs\E-Learning-WP3\system\CodeIgniter.php(326): CodeIgniter\CodeIgniter->handleRequest(NULL, Object(Config\Cache), false)
#9 C:\xampp\htdocs\E-Learning-WP3\public\index.php(37): CodeIgniter\CodeIgniter->run()
#10 C:\xampp\htdocs\E-Learning-WP3\system\Commands\Server\rewrite.php(43): require_once('C:\\xampp\\htdocs...')
#11 {main}
CRITICAL - 2022-12-11 22:22:30 --> Undefined variable $buku
#0 C:\xampp\htdocs\E-Learning-WP3\app\Views\kuliah\cetak_absen.php(40): CodeIgniter\Debug\Exceptions->errorHandler(2, 'Undefined varia...', 'C:\\xampp\\htdocs...', 40)
#1 C:\xampp\htdocs\E-Learning-WP3\system\View\View.php(210): include('C:\\xampp\\htdocs...')
#2 C:\xampp\htdocs\E-Learning-WP3\system\View\View.php(213): CodeIgniter\View\View->CodeIgniter\View\{closure}()
#3 C:\xampp\htdocs\E-Learning-WP3\system\Common.php(1089): CodeIgniter\View\View->render('kuliah/cetak_ab...', Array, true)
#4 C:\xampp\htdocs\E-Learning-WP3\app\Controllers\Kuliah.php(264): view('kuliah/cetak_ab...', Array)
#5 C:\xampp\htdocs\E-Learning-WP3\system\CodeIgniter.php(832): App\Controllers\Kuliah->cetak_absen()
#6 C:\xampp\htdocs\E-Learning-WP3\system\CodeIgniter.php(419): CodeIgniter\CodeIgniter->runController(Object(App\Controllers\Kuliah))
#7 C:\xampp\htdocs\E-Learning-WP3\system\CodeIgniter.php(326): CodeIgniter\CodeIgniter->handleRequest(NULL, Object(Config\Cache), false)
#8 C:\xampp\htdocs\E-Learning-WP3\public\index.php(37): CodeIgniter\CodeIgniter->run()
#9 C:\xampp\htdocs\E-Learning-WP3\system\Commands\Server\rewrite.php(43): require_once('C:\\xampp\\htdocs...')
#10 {main}
CRITICAL - 2022-12-11 22:22:36 --> Undefined array key "matakuliah"
#0 C:\xampp\htdocs\E-Learning-WP3\app\Views\kuliah\cetak_absen.php(46): CodeIgniter\Debug\Exceptions->errorHandler(2, 'Undefined array...', 'C:\\xampp\\htdocs...', 46)
#1 C:\xampp\htdocs\E-Learning-WP3\system\View\View.php(210): include('C:\\xampp\\htdocs...')
#2 C:\xampp\htdocs\E-Learning-WP3\system\View\View.php(213): CodeIgniter\View\View->CodeIgniter\View\{closure}()
#3 C:\xampp\htdocs\E-Learning-WP3\system\Common.php(1089): CodeIgniter\View\View->render('kuliah/cetak_ab...', Array, true)
#4 C:\xampp\htdocs\E-Learning-WP3\app\Controllers\Kuliah.php(264): view('kuliah/cetak_ab...', Array)
#5 C:\xampp\htdocs\E-Learning-WP3\system\CodeIgniter.php(832): App\Controllers\Kuliah->cetak_absen()
#6 C:\xampp\htdocs\E-Learning-WP3\system\CodeIgniter.php(419): CodeIgniter\CodeIgniter->runController(Object(App\Controllers\Kuliah))
#7 C:\xampp\htdocs\E-Learning-WP3\system\CodeIgniter.php(326): CodeIgniter\CodeIgniter->handleRequest(NULL, Object(Config\Cache), false)
#8 C:\xampp\htdocs\E-Learning-WP3\public\index.php(37): CodeIgniter\CodeIgniter->run()
#9 C:\xampp\htdocs\E-Learning-WP3\system\Commands\Server\rewrite.php(43): require_once('C:\\xampp\\htdocs...')
#10 {main}
ERROR - 2022-12-11 22:29:39 --> Column 'kelas' in where clause is ambiguous
CRITICAL - 2022-12-11 22:29:39 --> Column 'kelas' in where clause is ambiguous
#0 C:\xampp\htdocs\E-Learning-WP3\system\Database\MySQLi\Connection.php(292): mysqli->query('SELECT *\nFROM `...', 0)
#1 C:\xampp\htdocs\E-Learning-WP3\system\Database\BaseConnection.php(670): CodeIgniter\Database\MySQLi\Connection->execute('SELECT *\nFROM `...')
#2 C:\xampp\htdocs\E-Learning-WP3\system\Database\BaseConnection.php(598): CodeIgniter\Database\BaseConnection->simpleQuery('SELECT *\nFROM `...')
#3 C:\xampp\htdocs\E-Learning-WP3\system\Database\BaseBuilder.php(1588): CodeIgniter\Database\BaseConnection->query('SELECT *\nFROM `...', Array, false)
#4 C:\xampp\htdocs\E-Learning-WP3\app\Controllers\Kuliah.php(264): CodeIgniter\Database\BaseBuilder->getWhere(Array)
#5 C:\xampp\htdocs\E-Learning-WP3\system\CodeIgniter.php(832): App\Controllers\Kuliah->cetak_absen('MQ==', 'MTUuNUIuMDE=')
#6 C:\xampp\htdocs\E-Learning-WP3\system\CodeIgniter.php(419): CodeIgniter\CodeIgniter->runController(Object(App\Controllers\Kuliah))
#7 C:\xampp\htdocs\E-Learning-WP3\system\CodeIgniter.php(326): CodeIgniter\CodeIgniter->handleRequest(NULL, Object(Config\Cache), false)
#8 C:\xampp\htdocs\E-Learning-WP3\public\index.php(37): CodeIgniter\CodeIgniter->run()
#9 C:\xampp\htdocs\E-Learning-WP3\system\Commands\Server\rewrite.php(43): require_once('C:\\xampp\\htdocs...')
#10 {main}
CRITICAL - 2022-12-11 22:36:18 --> Request URI segment is out of range: 3
#0 C:\xampp\htdocs\E-Learning-WP3\system\HTTP\URI.php(529): CodeIgniter\HTTP\Exceptions\HTTPException::forURISegmentOutOfRange(3)
#1 C:\xampp\htdocs\E-Learning-WP3\app\Controllers\Kuliah.php(275): CodeIgniter\HTTP\URI->getSegment(3)
#2 C:\xampp\htdocs\E-Learning-WP3\system\CodeIgniter.php(832): App\Controllers\Kuliah->absen_pdf()
#3 C:\xampp\htdocs\E-Learning-WP3\system\CodeIgniter.php(419): CodeIgniter\CodeIgniter->runController(Object(App\Controllers\Kuliah))
#4 C:\xampp\htdocs\E-Learning-WP3\system\CodeIgniter.php(326): CodeIgniter\CodeIgniter->handleRequest(NULL, Object(Config\Cache), false)
#5 C:\xampp\htdocs\E-Learning-WP3\public\index.php(37): CodeIgniter\CodeIgniter->run()
#6 C:\xampp\htdocs\E-Learning-WP3\system\Commands\Server\rewrite.php(43): require_once('C:\\xampp\\htdocs...')
#7 {main}
CRITICAL - 2022-12-11 22:36:52 --> Class "Dompdf\Dompdf" not found
#0 C:\xampp\htdocs\E-Learning-WP3\system\CodeIgniter.php(832): App\Controllers\Kuliah->absen_pdf('NA==', 'MTUuNUIuMDE=')
#1 C:\xampp\htdocs\E-Learning-WP3\system\CodeIgniter.php(419): CodeIgniter\CodeIgniter->runController(Object(App\Controllers\Kuliah))
#2 C:\xampp\htdocs\E-Learning-WP3\system\CodeIgniter.php(326): CodeIgniter\CodeIgniter->handleRequest(NULL, Object(Config\Cache), false)
#3 C:\xampp\htdocs\E-Learning-WP3\public\index.php(37): CodeIgniter\CodeIgniter->run()
#4 C:\xampp\htdocs\E-Learning-WP3\system\Commands\Server\rewrite.php(43): require_once('C:\\xampp\\htdocs...')
#5 {main}
CRITICAL - 2022-12-11 22:36:52 --> Class "Dompdf\Dompdf" not found
#0 C:\xampp\htdocs\E-Learning-WP3\system\CodeIgniter.php(832): App\Controllers\Kuliah->absen_pdf('NA==', 'MTUuNUIuMDE=')
#1 C:\xampp\htdocs\E-Learning-WP3\system\CodeIgniter.php(419): CodeIgniter\CodeIgniter->runController(Object(App\Controllers\Kuliah))
#2 C:\xampp\htdocs\E-Learning-WP3\system\CodeIgniter.php(326): CodeIgniter\CodeIgniter->handleRequest(NULL, Object(Config\Cache), false)
#3 C:\xampp\htdocs\E-Learning-WP3\public\index.php(37): CodeIgniter\CodeIgniter->run()
#4 C:\xampp\htdocs\E-Learning-WP3\system\Commands\Server\rewrite.php(43): require_once('C:\\xampp\\htdocs...')
#5 {main}
CRITICAL - 2022-12-11 22:36:59 --> Class "Dompdf\Dompdf" not found
#0 C:\xampp\htdocs\E-Learning-WP3\system\CodeIgniter.php(832): App\Controllers\Kuliah->absen_pdf('NA==', 'MTUuNUIuMDE=')
#1 C:\xampp\htdocs\E-Learning-WP3\system\CodeIgniter.php(419): CodeIgniter\CodeIgniter->runController(Object(App\Controllers\Kuliah))
#2 C:\xampp\htdocs\E-Learning-WP3\system\CodeIgniter.php(326): CodeIgniter\CodeIgniter->handleRequest(NULL, Object(Config\Cache), false)
#3 C:\xampp\htdocs\E-Learning-WP3\public\index.php(37): CodeIgniter\CodeIgniter->run()
#4 C:\xampp\htdocs\E-Learning-WP3\system\Commands\Server\rewrite.php(43): require_once('C:\\xampp\\htdocs...')
#5 {main}
CRITICAL - 2022-12-11 22:37:00 --> Class "Dompdf\Dompdf" not found
#0 C:\xampp\htdocs\E-Learning-WP3\system\CodeIgniter.php(832): App\Controllers\Kuliah->absen_pdf('NA==', 'MTUuNUIuMDE=')
#1 C:\xampp\htdocs\E-Learning-WP3\system\CodeIgniter.php(419): CodeIgniter\CodeIgniter->runController(Object(App\Controllers\Kuliah))
#2 C:\xampp\htdocs\E-Learning-WP3\system\CodeIgniter.php(326): CodeIgniter\CodeIgniter->handleRequest(NULL, Object(Config\Cache), false)
#3 C:\xampp\htdocs\E-Learning-WP3\public\index.php(37): CodeIgniter\CodeIgniter->run()
#4 C:\xampp\htdocs\E-Learning-WP3\system\Commands\Server\rewrite.php(43): require_once('C:\\xampp\\htdocs...')
#5 {main}
CRITICAL - 2022-12-11 22:37:00 --> Class "Dompdf\Dompdf" not found
#0 C:\xampp\htdocs\E-Learning-WP3\system\CodeIgniter.php(832): App\Controllers\Kuliah->absen_pdf('NA==', 'MTUuNUIuMDE=')
#1 C:\xampp\htdocs\E-Learning-WP3\system\CodeIgniter.php(419): CodeIgniter\CodeIgniter->runController(Object(App\Controllers\Kuliah))
#2 C:\xampp\htdocs\E-Learning-WP3\system\CodeIgniter.php(326): CodeIgniter\CodeIgniter->handleRequest(NULL, Object(Config\Cache), false)
#3 C:\xampp\htdocs\E-Learning-WP3\public\index.php(37): CodeIgniter\CodeIgniter->run()
#4 C:\xampp\htdocs\E-Learning-WP3\system\Commands\Server\rewrite.php(43): require_once('C:\\xampp\\htdocs...')
#5 {main}
CRITICAL - 2022-12-11 22:37:00 --> Class "Dompdf\Dompdf" not found
#0 C:\xampp\htdocs\E-Learning-WP3\system\CodeIgniter.php(832): App\Controllers\Kuliah->absen_pdf('NA==', 'MTUuNUIuMDE=')
#1 C:\xampp\htdocs\E-Learning-WP3\system\CodeIgniter.php(419): CodeIgniter\CodeIgniter->runController(Object(App\Controllers\Kuliah))
#2 C:\xampp\htdocs\E-Learning-WP3\system\CodeIgniter.php(326): CodeIgniter\CodeIgniter->handleRequest(NULL, Object(Config\Cache), false)
#3 C:\xampp\htdocs\E-Learning-WP3\public\index.php(37): CodeIgniter\CodeIgniter->run()
#4 C:\xampp\htdocs\E-Learning-WP3\system\Commands\Server\rewrite.php(43): require_once('C:\\xampp\\htdocs...')
#5 {main}
CRITICAL - 2022-12-11 22:37:01 --> Class "Dompdf\Dompdf" not found
#0 C:\xampp\htdocs\E-Learning-WP3\system\CodeIgniter.php(832): App\Controllers\Kuliah->absen_pdf('NA==', 'MTUuNUIuMDE=')
#1 C:\xampp\htdocs\E-Learning-WP3\system\CodeIgniter.php(419): CodeIgniter\CodeIgniter->runController(Object(App\Controllers\Kuliah))
#2 C:\xampp\htdocs\E-Learning-WP3\system\CodeIgniter.php(326): CodeIgniter\CodeIgniter->handleRequest(NULL, Object(Config\Cache), false)
#3 C:\xampp\htdocs\E-Learning-WP3\public\index.php(37): CodeIgniter\CodeIgniter->run()
#4 C:\xampp\htdocs\E-Learning-WP3\system\Commands\Server\rewrite.php(43): require_once('C:\\xampp\\htdocs...')
#5 {main}
CRITICAL - 2022-12-11 22:37:01 --> Class "Dompdf\Dompdf" not found
#0 C:\xampp\htdocs\E-Learning-WP3\system\CodeIgniter.php(832): App\Controllers\Kuliah->absen_pdf('NA==', 'MTUuNUIuMDE=')
#1 C:\xampp\htdocs\E-Learning-WP3\system\CodeIgniter.php(419): CodeIgniter\CodeIgniter->runController(Object(App\Controllers\Kuliah))
#2 C:\xampp\htdocs\E-Learning-WP3\system\CodeIgniter.php(326): CodeIgniter\CodeIgniter->handleRequest(NULL, Object(Config\Cache), false)
#3 C:\xampp\htdocs\E-Learning-WP3\public\index.php(37): CodeIgniter\CodeIgniter->run()
#4 C:\xampp\htdocs\E-Learning-WP3\system\Commands\Server\rewrite.php(43): require_once('C:\\xampp\\htdocs...')
#5 {main}
CRITICAL - 2022-12-11 22:37:01 --> Class "Dompdf\Dompdf" not found
#0 C:\xampp\htdocs\E-Learning-WP3\system\CodeIgniter.php(832): App\Controllers\Kuliah->absen_pdf('NA==', 'MTUuNUIuMDE=')
#1 C:\xampp\htdocs\E-Learning-WP3\system\CodeIgniter.php(419): CodeIgniter\CodeIgniter->runController(Object(App\Controllers\Kuliah))
#2 C:\xampp\htdocs\E-Learning-WP3\system\CodeIgniter.php(326): CodeIgniter\CodeIgniter->handleRequest(NULL, Object(Config\Cache), false)
#3 C:\xampp\htdocs\E-Learning-WP3\public\index.php(37): CodeIgniter\CodeIgniter->run()
#4 C:\xampp\htdocs\E-Learning-WP3\system\Commands\Server\rewrite.php(43): require_once('C:\\xampp\\htdocs...')
#5 {main}
CRITICAL - 2022-12-11 22:37:01 --> Class "Dompdf\Dompdf" not found
#0 C:\xampp\htdocs\E-Learning-WP3\system\CodeIgniter.php(832): App\Controllers\Kuliah->absen_pdf('NA==', 'MTUuNUIuMDE=')
#1 C:\xampp\htdocs\E-Learning-WP3\system\CodeIgniter.php(419): CodeIgniter\CodeIgniter->runController(Object(App\Controllers\Kuliah))
#2 C:\xampp\htdocs\E-Learning-WP3\system\CodeIgniter.php(326): CodeIgniter\CodeIgniter->handleRequest(NULL, Object(Config\Cache), false)
#3 C:\xampp\htdocs\E-Learning-WP3\public\index.php(37): CodeIgniter\CodeIgniter->run()
#4 C:\xampp\htdocs\E-Learning-WP3\system\Commands\Server\rewrite.php(43): require_once('C:\\xampp\\htdocs...')
#5 {main}
CRITICAL - 2022-12-11 22:37:01 --> Class "Dompdf\Dompdf" not found
#0 C:\xampp\htdocs\E-Learning-WP3\system\CodeIgniter.php(832): App\Controllers\Kuliah->absen_pdf('NA==', 'MTUuNUIuMDE=')
#1 C:\xampp\htdocs\E-Learning-WP3\system\CodeIgniter.php(419): CodeIgniter\CodeIgniter->runController(Object(App\Controllers\Kuliah))
#2 C:\xampp\htdocs\E-Learning-WP3\system\CodeIgniter.php(326): CodeIgniter\CodeIgniter->handleRequest(NULL, Object(Config\Cache), false)
#3 C:\xampp\htdocs\E-Learning-WP3\public\index.php(37): CodeIgniter\CodeIgniter->run()
#4 C:\xampp\htdocs\E-Learning-WP3\system\Commands\Server\rewrite.php(43): require_once('C:\\xampp\\htdocs...')
#5 {main}
CRITICAL - 2022-12-11 22:37:01 --> Class "Dompdf\Dompdf" not found
#0 C:\xampp\htdocs\E-Learning-WP3\system\CodeIgniter.php(832): App\Controllers\Kuliah->absen_pdf('NA==', 'MTUuNUIuMDE=')
#1 C:\xampp\htdocs\E-Learning-WP3\system\CodeIgniter.php(419): CodeIgniter\CodeIgniter->runController(Object(App\Controllers\Kuliah))
#2 C:\xampp\htdocs\E-Learning-WP3\system\CodeIgniter.php(326): CodeIgniter\CodeIgniter->handleRequest(NULL, Object(Config\Cache), false)
#3 C:\xampp\htdocs\E-Learning-WP3\public\index.php(37): CodeIgniter\CodeIgniter->run()
#4 C:\xampp\htdocs\E-Learning-WP3\system\Commands\Server\rewrite.php(43): require_once('C:\\xampp\\htdocs...')
#5 {main}
CRITICAL - 2022-12-11 22:37:02 --> Class "Dompdf\Dompdf" not found
#0 C:\xampp\htdocs\E-Learning-WP3\system\CodeIgniter.php(832): App\Controllers\Kuliah->absen_pdf('NA==', 'MTUuNUIuMDE=')
#1 C:\xampp\htdocs\E-Learning-WP3\system\CodeIgniter.php(419): CodeIgniter\CodeIgniter->runController(Object(App\Controllers\Kuliah))
#2 C:\xampp\htdocs\E-Learning-WP3\system\CodeIgniter.php(326): CodeIgniter\CodeIgniter->handleRequest(NULL, Object(Config\Cache), false)
#3 C:\xampp\htdocs\E-Learning-WP3\public\index.php(37): CodeIgniter\CodeIgniter->run()
#4 C:\xampp\htdocs\E-Learning-WP3\system\Commands\Server\rewrite.php(43): require_once('C:\\xampp\\htdocs...')
#5 {main}
CRITICAL - 2022-12-11 22:37:02 --> Class "Dompdf\Dompdf" not found
#0 C:\xampp\htdocs\E-Learning-WP3\system\CodeIgniter.php(832): App\Controllers\Kuliah->absen_pdf('NA==', 'MTUuNUIuMDE=')
#1 C:\xampp\htdocs\E-Learning-WP3\system\CodeIgniter.php(419): CodeIgniter\CodeIgniter->runController(Object(App\Controllers\Kuliah))
#2 C:\xampp\htdocs\E-Learning-WP3\system\CodeIgniter.php(326): CodeIgniter\CodeIgniter->handleRequest(NULL, Object(Config\Cache), false)
#3 C:\xampp\htdocs\E-Learning-WP3\public\index.php(37): CodeIgniter\CodeIgniter->run()
#4 C:\xampp\htdocs\E-Learning-WP3\system\Commands\Server\rewrite.php(43): require_once('C:\\xampp\\htdocs...')
#5 {main}
CRITICAL - 2022-12-11 22:37:02 --> Class "Dompdf\Dompdf" not found
#0 C:\xampp\htdocs\E-Learning-WP3\system\CodeIgniter.php(832): App\Controllers\Kuliah->absen_pdf('NA==', 'MTUuNUIuMDE=')
#1 C:\xampp\htdocs\E-Learning-WP3\system\CodeIgniter.php(419): CodeIgniter\CodeIgniter->runController(Object(App\Controllers\Kuliah))
#2 C:\xampp\htdocs\E-Learning-WP3\system\CodeIgniter.php(326): CodeIgniter\CodeIgniter->handleRequest(NULL, Object(Config\Cache), false)
#3 C:\xampp\htdocs\E-Learning-WP3\public\index.php(37): CodeIgniter\CodeIgniter->run()
#4 C:\xampp\htdocs\E-Learning-WP3\system\Commands\Server\rewrite.php(43): require_once('C:\\xampp\\htdocs...')
#5 {main}
CRITICAL - 2022-12-11 22:37:02 --> Class "Dompdf\Dompdf" not found
#0 C:\xampp\htdocs\E-Learning-WP3\system\CodeIgniter.php(832): App\Controllers\Kuliah->absen_pdf('NA==', 'MTUuNUIuMDE=')
#1 C:\xampp\htdocs\E-Learning-WP3\system\CodeIgniter.php(419): CodeIgniter\CodeIgniter->runController(Object(App\Controllers\Kuliah))
#2 C:\xampp\htdocs\E-Learning-WP3\system\CodeIgniter.php(326): CodeIgniter\CodeIgniter->handleRequest(NULL, Object(Config\Cache), false)
#3 C:\xampp\htdocs\E-Learning-WP3\public\index.php(37): CodeIgniter\CodeIgniter->run()
#4 C:\xampp\htdocs\E-Learning-WP3\system\Commands\Server\rewrite.php(43): require_once('C:\\xampp\\htdocs...')
#5 {main}
CRITICAL - 2022-12-11 22:37:22 --> Class "Dompdf\Dompdf" not found
#0 C:\xampp\htdocs\E-Learning-WP3\system\CodeIgniter.php(832): App\Controllers\Kuliah->absen_pdf('NA==', 'MTUuNUIuMDE=')
#1 C:\xampp\htdocs\E-Learning-WP3\system\CodeIgniter.php(419): CodeIgniter\CodeIgniter->runController(Object(App\Controllers\Kuliah))
#2 C:\xampp\htdocs\E-Learning-WP3\system\CodeIgniter.php(326): CodeIgniter\CodeIgniter->handleRequest(NULL, Object(Config\Cache), false)
#3 C:\xampp\htdocs\E-Learning-WP3\public\index.php(37): CodeIgniter\CodeIgniter->run()
#4 C:\xampp\htdocs\E-Learning-WP3\system\Commands\Server\rewrite.php(43): require_once('C:\\xampp\\htdocs...')
#5 {main}
CRITICAL - 2022-12-11 22:37:22 --> Class "Dompdf\Dompdf" not found
#0 C:\xampp\htdocs\E-Learning-WP3\system\CodeIgniter.php(832): App\Controllers\Kuliah->absen_pdf('NA==', 'MTUuNUIuMDE=')
#1 C:\xampp\htdocs\E-Learning-WP3\system\CodeIgniter.php(419): CodeIgniter\CodeIgniter->runController(Object(App\Controllers\Kuliah))
#2 C:\xampp\htdocs\E-Learning-WP3\system\CodeIgniter.php(326): CodeIgniter\CodeIgniter->handleRequest(NULL, Object(Config\Cache), false)
#3 C:\xampp\htdocs\E-Learning-WP3\public\index.php(37): CodeIgniter\CodeIgniter->run()
#4 C:\xampp\htdocs\E-Learning-WP3\system\Commands\Server\rewrite.php(43): require_once('C:\\xampp\\htdocs...')
#5 {main}
CRITICAL - 2022-12-11 22:37:26 --> Class "Dompdf\Dompdf" not found
#0 C:\xampp\htdocs\E-Learning-WP3\system\CodeIgniter.php(832): App\Controllers\Kuliah->absen_pdf('NA==', 'MTUuNUIuMDE=')
#1 C:\xampp\htdocs\E-Learning-WP3\system\CodeIgniter.php(419): CodeIgniter\CodeIgniter->runController(Object(App\Controllers\Kuliah))
#2 C:\xampp\htdocs\E-Learning-WP3\system\CodeIgniter.php(326): CodeIgniter\CodeIgniter->handleRequest(NULL, Object(Config\Cache), false)
#3 C:\xampp\htdocs\E-Learning-WP3\public\index.php(37): CodeIgniter\CodeIgniter->run()
#4 C:\xampp\htdocs\E-Learning-WP3\system\Commands\Server\rewrite.php(43): require_once('C:\\xampp\\htdocs...')
#5 {main}
CRITICAL - 2022-12-11 22:38:04 --> Class "Dompdf\Dompdf" not found
#0 C:\xampp\htdocs\E-Learning-WP3\system\CodeIgniter.php(832): App\Controllers\Kuliah->absen_pdf('NA==', 'MTUuNUIuMDE=')
#1 C:\xampp\htdocs\E-Learning-WP3\system\CodeIgniter.php(419): CodeIgniter\CodeIgniter->runController(Object(App\Controllers\Kuliah))
#2 C:\xampp\htdocs\E-Learning-WP3\system\CodeIgniter.php(326): CodeIgniter\CodeIgniter->handleRequest(NULL, Object(Config\Cache), false)
#3 C:\xampp\htdocs\E-Learning-WP3\public\index.php(37): CodeIgniter\CodeIgniter->run()
#4 C:\xampp\htdocs\E-Learning-WP3\system\Commands\Server\rewrite.php(43): require_once('C:\\xampp\\htdocs...')
#5 {main}
CRITICAL - 2022-12-11 22:38:05 --> Class "Dompdf\Dompdf" not found
#0 C:\xampp\htdocs\E-Learning-WP3\system\CodeIgniter.php(832): App\Controllers\Kuliah->absen_pdf('NA==', 'MTUuNUIuMDE=')
#1 C:\xampp\htdocs\E-Learning-WP3\system\CodeIgniter.php(419): CodeIgniter\CodeIgniter->runController(Object(App\Controllers\Kuliah))
#2 C:\xampp\htdocs\E-Learning-WP3\system\CodeIgniter.php(326): CodeIgniter\CodeIgniter->handleRequest(NULL, Object(Config\Cache), false)
#3 C:\xampp\htdocs\E-Learning-WP3\public\index.php(37): CodeIgniter\CodeIgniter->run()
#4 C:\xampp\htdocs\E-Learning-WP3\system\Commands\Server\rewrite.php(43): require_once('C:\\xampp\\htdocs...')
#5 {main}
CRITICAL - 2022-12-11 22:38:05 --> Class "Dompdf\Dompdf" not found
#0 C:\xampp\htdocs\E-Learning-WP3\system\CodeIgniter.php(832): App\Controllers\Kuliah->absen_pdf('NA==', 'MTUuNUIuMDE=')
#1 C:\xampp\htdocs\E-Learning-WP3\system\CodeIgniter.php(419): CodeIgniter\CodeIgniter->runController(Object(App\Controllers\Kuliah))
#2 C:\xampp\htdocs\E-Learning-WP3\system\CodeIgniter.php(326): CodeIgniter\CodeIgniter->handleRequest(NULL, Object(Config\Cache), false)
#3 C:\xampp\htdocs\E-Learning-WP3\public\index.php(37): CodeIgniter\CodeIgniter->run()
#4 C:\xampp\htdocs\E-Learning-WP3\system\Commands\Server\rewrite.php(43): require_once('C:\\xampp\\htdocs...')
#5 {main}
CRITICAL - 2022-12-11 22:38:05 --> Class "Dompdf\Dompdf" not found
#0 C:\xampp\htdocs\E-Learning-WP3\system\CodeIgniter.php(832): App\Controllers\Kuliah->absen_pdf('NA==', 'MTUuNUIuMDE=')
#1 C:\xampp\htdocs\E-Learning-WP3\system\CodeIgniter.php(419): CodeIgniter\CodeIgniter->runController(Object(App\Controllers\Kuliah))
#2 C:\xampp\htdocs\E-Learning-WP3\system\CodeIgniter.php(326): CodeIgniter\CodeIgniter->handleRequest(NULL, Object(Config\Cache), false)
#3 C:\xampp\htdocs\E-Learning-WP3\public\index.php(37): CodeIgniter\CodeIgniter->run()
#4 C:\xampp\htdocs\E-Learning-WP3\system\Commands\Server\rewrite.php(43): require_once('C:\\xampp\\htdocs...')
#5 {main}
CRITICAL - 2022-12-11 22:38:05 --> Class "Dompdf\Dompdf" not found
#0 C:\xampp\htdocs\E-Learning-WP3\system\CodeIgniter.php(832): App\Controllers\Kuliah->absen_pdf('NA==', 'MTUuNUIuMDE=')
#1 C:\xampp\htdocs\E-Learning-WP3\system\CodeIgniter.php(419): CodeIgniter\CodeIgniter->runController(Object(App\Controllers\Kuliah))
#2 C:\xampp\htdocs\E-Learning-WP3\system\CodeIgniter.php(326): CodeIgniter\CodeIgniter->handleRequest(NULL, Object(Config\Cache), false)
#3 C:\xampp\htdocs\E-Learning-WP3\public\index.php(37): CodeIgniter\CodeIgniter->run()
#4 C:\xampp\htdocs\E-Learning-WP3\system\Commands\Server\rewrite.php(43): require_once('C:\\xampp\\htdocs...')
#5 {main}
CRITICAL - 2022-12-11 22:39:19 --> Class "Dompdf\Dompdf" not found
#0 C:\xampp\htdocs\E-Learning-WP3\system\CodeIgniter.php(832): App\Controllers\Kuliah->absen_pdf('MQ==', 'MTUuNUIuMDE=')
#1 C:\xampp\htdocs\E-Learning-WP3\system\CodeIgniter.php(419): CodeIgniter\CodeIgniter->runController(Object(App\Controllers\Kuliah))
#2 C:\xampp\htdocs\E-Learning-WP3\system\CodeIgniter.php(326): CodeIgniter\CodeIgniter->handleRequest(NULL, Object(Config\Cache), false)
#3 C:\xampp\htdocs\E-Learning-WP3\public\index.php(37): CodeIgniter\CodeIgniter->run()
#4 C:\xampp\htdocs\E-Learning-WP3\system\Commands\Server\rewrite.php(43): require_once('C:\\xampp\\htdocs...')
#5 {main}
CRITICAL - 2022-12-11 22:41:05 --> Class "Dompdf\Dompdf" not found
#0 C:\xampp\htdocs\E-Learning-WP3\system\CodeIgniter.php(832): App\Controllers\Kuliah->absen_pdf('MQ==', 'MTUuNUIuMDE=')
#1 C:\xampp\htdocs\E-Learning-WP3\system\CodeIgniter.php(419): CodeIgniter\CodeIgniter->runController(Object(App\Controllers\Kuliah))
#2 C:\xampp\htdocs\E-Learning-WP3\system\CodeIgniter.php(326): CodeIgniter\CodeIgniter->handleRequest(NULL, Object(Config\Cache), false)
#3 C:\xampp\htdocs\E-Learning-WP3\public\index.php(37): CodeIgniter\CodeIgniter->run()
#4 C:\xampp\htdocs\E-Learning-WP3\system\Commands\Server\rewrite.php(43): require_once('C:\\xampp\\htdocs...')
#5 {main}
CRITICAL - 2022-12-11 22:41:06 --> Class "Dompdf\Dompdf" not found
#0 C:\xampp\htdocs\E-Learning-WP3\system\CodeIgniter.php(832): App\Controllers\Kuliah->absen_pdf('MQ==', 'MTUuNUIuMDE=')
#1 C:\xampp\htdocs\E-Learning-WP3\system\CodeIgniter.php(419): CodeIgniter\CodeIgniter->runController(Object(App\Controllers\Kuliah))
#2 C:\xampp\htdocs\E-Learning-WP3\system\CodeIgniter.php(326): CodeIgniter\CodeIgniter->handleRequest(NULL, Object(Config\Cache), false)
#3 C:\xampp\htdocs\E-Learning-WP3\public\index.php(37): CodeIgniter\CodeIgniter->run()
#4 C:\xampp\htdocs\E-Learning-WP3\system\Commands\Server\rewrite.php(43): require_once('C:\\xampp\\htdocs...')
#5 {main}
CRITICAL - 2022-12-11 22:41:06 --> Class "Dompdf\Dompdf" not found
#0 C:\xampp\htdocs\E-Learning-WP3\system\CodeIgniter.php(832): App\Controllers\Kuliah->absen_pdf('MQ==', 'MTUuNUIuMDE=')
#1 C:\xampp\htdocs\E-Learning-WP3\system\CodeIgniter.php(419): CodeIgniter\CodeIgniter->runController(Object(App\Controllers\Kuliah))
#2 C:\xampp\htdocs\E-Learning-WP3\system\CodeIgniter.php(326): CodeIgniter\CodeIgniter->handleRequest(NULL, Object(Config\Cache), false)
#3 C:\xampp\htdocs\E-Learning-WP3\public\index.php(37): CodeIgniter\CodeIgniter->run()
#4 C:\xampp\htdocs\E-Learning-WP3\system\Commands\Server\rewrite.php(43): require_once('C:\\xampp\\htdocs...')
#5 {main}
CRITICAL - 2022-12-11 22:41:06 --> Class "Dompdf\Dompdf" not found
#0 C:\xampp\htdocs\E-Learning-WP3\system\CodeIgniter.php(832): App\Controllers\Kuliah->absen_pdf('MQ==', 'MTUuNUIuMDE=')
#1 C:\xampp\htdocs\E-Learning-WP3\system\CodeIgniter.php(419): CodeIgniter\CodeIgniter->runController(Object(App\Controllers\Kuliah))
#2 C:\xampp\htdocs\E-Learning-WP3\system\CodeIgniter.php(326): CodeIgniter\CodeIgniter->handleRequest(NULL, Object(Config\Cache), false)
#3 C:\xampp\htdocs\E-Learning-WP3\public\index.php(37): CodeIgniter\CodeIgniter->run()
#4 C:\xampp\htdocs\E-Learning-WP3\system\Commands\Server\rewrite.php(43): require_once('C:\\xampp\\htdocs...')
#5 {main}
CRITICAL - 2022-12-11 22:41:07 --> Class "Dompdf\Dompdf" not found
#0 C:\xampp\htdocs\E-Learning-WP3\system\CodeIgniter.php(832): App\Controllers\Kuliah->absen_pdf('MQ==', 'MTUuNUIuMDE=')
#1 C:\xampp\htdocs\E-Learning-WP3\system\CodeIgniter.php(419): CodeIgniter\CodeIgniter->runController(Object(App\Controllers\Kuliah))
#2 C:\xampp\htdocs\E-Learning-WP3\system\CodeIgniter.php(326): CodeIgniter\CodeIgniter->handleRequest(NULL, Object(Config\Cache), false)
#3 C:\xampp\htdocs\E-Learning-WP3\public\index.php(37): CodeIgniter\CodeIgniter->run()
#4 C:\xampp\htdocs\E-Learning-WP3\system\Commands\Server\rewrite.php(43): require_once('C:\\xampp\\htdocs...')
#5 {main}
CRITICAL - 2022-12-11 22:41:07 --> Class "Dompdf\Dompdf" not found
#0 C:\xampp\htdocs\E-Learning-WP3\system\CodeIgniter.php(832): App\Controllers\Kuliah->absen_pdf('MQ==', 'MTUuNUIuMDE=')
#1 C:\xampp\htdocs\E-Learning-WP3\system\CodeIgniter.php(419): CodeIgniter\CodeIgniter->runController(Object(App\Controllers\Kuliah))
#2 C:\xampp\htdocs\E-Learning-WP3\system\CodeIgniter.php(326): CodeIgniter\CodeIgniter->handleRequest(NULL, Object(Config\Cache), false)
#3 C:\xampp\htdocs\E-Learning-WP3\public\index.php(37): CodeIgniter\CodeIgniter->run()
#4 C:\xampp\htdocs\E-Learning-WP3\system\Commands\Server\rewrite.php(43): require_once('C:\\xampp\\htdocs...')
#5 {main}
CRITICAL - 2022-12-11 22:42:57 --> Class "Dompdf\Dompdf" not found
#0 C:\xampp\htdocs\E-Learning-WP3\system\CodeIgniter.php(832): App\Controllers\Kuliah->absen_pdf('MQ==', 'MTUuNUIuMDE=')
#1 C:\xampp\htdocs\E-Learning-WP3\system\CodeIgniter.php(419): CodeIgniter\CodeIgniter->runController(Object(App\Controllers\Kuliah))
#2 C:\xampp\htdocs\E-Learning-WP3\system\CodeIgniter.php(326): CodeIgniter\CodeIgniter->handleRequest(NULL, Object(Config\Cache), false)
#3 C:\xampp\htdocs\E-Learning-WP3\public\index.php(37): CodeIgniter\CodeIgniter->run()
#4 C:\xampp\htdocs\E-Learning-WP3\system\Commands\Server\rewrite.php(43): require_once('C:\\xampp\\htdocs...')
#5 {main}
CRITICAL - 2022-12-11 22:42:57 --> Class "Dompdf\Dompdf" not found
#0 C:\xampp\htdocs\E-Learning-WP3\system\CodeIgniter.php(832): App\Controllers\Kuliah->absen_pdf('MQ==', 'MTUuNUIuMDE=')
#1 C:\xampp\htdocs\E-Learning-WP3\system\CodeIgniter.php(419): CodeIgniter\CodeIgniter->runController(Object(App\Controllers\Kuliah))
#2 C:\xampp\htdocs\E-Learning-WP3\system\CodeIgniter.php(326): CodeIgniter\CodeIgniter->handleRequest(NULL, Object(Config\Cache), false)
#3 C:\xampp\htdocs\E-Learning-WP3\public\index.php(37): CodeIgniter\CodeIgniter->run()
#4 C:\xampp\htdocs\E-Learning-WP3\system\Commands\Server\rewrite.php(43): require_once('C:\\xampp\\htdocs...')
#5 {main}
CRITICAL - 2022-12-11 22:43:01 --> Class "Dompdf\Dompdf" not found
#0 C:\xampp\htdocs\E-Learning-WP3\system\CodeIgniter.php(832): App\Controllers\Kuliah->absen_pdf('MQ==', 'MTUuNUIuMDE=')
#1 C:\xampp\htdocs\E-Learning-WP3\system\CodeIgniter.php(419): CodeIgniter\CodeIgniter->runController(Object(App\Controllers\Kuliah))
#2 C:\xampp\htdocs\E-Learning-WP3\system\CodeIgniter.php(326): CodeIgniter\CodeIgniter->handleRequest(NULL, Object(Config\Cache), false)
#3 C:\xampp\htdocs\E-Learning-WP3\public\index.php(37): CodeIgniter\CodeIgniter->run()
#4 C:\xampp\htdocs\E-Learning-WP3\system\Commands\Server\rewrite.php(43): require_once('C:\\xampp\\htdocs...')
#5 {main}
CRITICAL - 2022-12-11 22:43:45 --> Class "Dompdf\Dompdf" not found
#0 C:\xampp\htdocs\E-Learning-WP3\system\CodeIgniter.php(832): App\Controllers\Kuliah->absen_pdf('MQ==', 'MTUuNUIuMDE=')
#1 C:\xampp\htdocs\E-Learning-WP3\system\CodeIgniter.php(419): CodeIgniter\CodeIgniter->runController(Object(App\Controllers\Kuliah))
#2 C:\xampp\htdocs\E-Learning-WP3\system\CodeIgniter.php(326): CodeIgniter\CodeIgniter->handleRequest(NULL, Object(Config\Cache), false)
#3 C:\xampp\htdocs\E-Learning-WP3\public\index.php(37): CodeIgniter\CodeIgniter->run()
#4 C:\xampp\htdocs\E-Learning-WP3\system\Commands\Server\rewrite.php(43): require_once('C:\\xampp\\htdocs...')
#5 {main}
CRITICAL - 2022-12-11 22:43:45 --> Class "Dompdf\Dompdf" not found
#0 C:\xampp\htdocs\E-Learning-WP3\system\CodeIgniter.php(832): App\Controllers\Kuliah->absen_pdf('MQ==', 'MTUuNUIuMDE=')
#1 C:\xampp\htdocs\E-Learning-WP3\system\CodeIgniter.php(419): CodeIgniter\CodeIgniter->runController(Object(App\Controllers\Kuliah))
#2 C:\xampp\htdocs\E-Learning-WP3\system\CodeIgniter.php(326): CodeIgniter\CodeIgniter->handleRequest(NULL, Object(Config\Cache), false)
#3 C:\xampp\htdocs\E-Learning-WP3\public\index.php(37): CodeIgniter\CodeIgniter->run()
#4 C:\xampp\htdocs\E-Learning-WP3\system\Commands\Server\rewrite.php(43): require_once('C:\\xampp\\htdocs...')
#5 {main}
CRITICAL - 2022-12-11 22:43:45 --> Class "Dompdf\Dompdf" not found
#0 C:\xampp\htdocs\E-Learning-WP3\system\CodeIgniter.php(832): App\Controllers\Kuliah->absen_pdf('MQ==', 'MTUuNUIuMDE=')
#1 C:\xampp\htdocs\E-Learning-WP3\system\CodeIgniter.php(419): CodeIgniter\CodeIgniter->runController(Object(App\Controllers\Kuliah))
#2 C:\xampp\htdocs\E-Learning-WP3\system\CodeIgniter.php(326): CodeIgniter\CodeIgniter->handleRequest(NULL, Object(Config\Cache), false)
#3 C:\xampp\htdocs\E-Learning-WP3\public\index.php(37): CodeIgniter\CodeIgniter->run()
#4 C:\xampp\htdocs\E-Learning-WP3\system\Commands\Server\rewrite.php(43): require_once('C:\\xampp\\htdocs...')
#5 {main}
CRITICAL - 2022-12-11 22:43:47 --> Class "Dompdf\Dompdf" not found
#0 C:\xampp\htdocs\E-Learning-WP3\system\CodeIgniter.php(832): App\Controllers\Kuliah->absen_pdf('MQ==', 'MTUuNUIuMDE=')
#1 C:\xampp\htdocs\E-Learning-WP3\system\CodeIgniter.php(419): CodeIgniter\CodeIgniter->runController(Object(App\Controllers\Kuliah))
#2 C:\xampp\htdocs\E-Learning-WP3\system\CodeIgniter.php(326): CodeIgniter\CodeIgniter->handleRequest(NULL, Object(Config\Cache), false)
#3 C:\xampp\htdocs\E-Learning-WP3\public\index.php(37): CodeIgniter\CodeIgniter->run()
#4 C:\xampp\htdocs\E-Learning-WP3\system\Commands\Server\rewrite.php(43): require_once('C:\\xampp\\htdocs...')
#5 {main}
CRITICAL - 2022-12-11 22:48:12 --> Class "Dompdf\Dompdf" not found
#0 C:\xampp\htdocs\E-Learning-WP3\system\CodeIgniter.php(832): App\Controllers\Kuliah->absen_pdf('MQ==', 'MTUuNUIuMDE=')
#1 C:\xampp\htdocs\E-Learning-WP3\system\CodeIgniter.php(419): CodeIgniter\CodeIgniter->runController(Object(App\Controllers\Kuliah))
#2 C:\xampp\htdocs\E-Learning-WP3\system\CodeIgniter.php(326): CodeIgniter\CodeIgniter->handleRequest(NULL, Object(Config\Cache), false)
#3 C:\xampp\htdocs\E-Learning-WP3\public\index.php(37): CodeIgniter\CodeIgniter->run()
#4 C:\xampp\htdocs\E-Learning-WP3\system\Commands\Server\rewrite.php(43): require_once('C:\\xampp\\htdocs...')
#5 {main}
CRITICAL - 2022-12-11 22:48:14 --> Class "Dompdf\Dompdf" not found
#0 C:\xampp\htdocs\E-Learning-WP3\system\CodeIgniter.php(832): App\Controllers\Kuliah->absen_pdf('MQ==', 'MTUuNUIuMDE=')
#1 C:\xampp\htdocs\E-Learning-WP3\system\CodeIgniter.php(419): CodeIgniter\CodeIgniter->runController(Object(App\Controllers\Kuliah))
#2 C:\xampp\htdocs\E-Learning-WP3\system\CodeIgniter.php(326): CodeIgniter\CodeIgniter->handleRequest(NULL, Object(Config\Cache), false)
#3 C:\xampp\htdocs\E-Learning-WP3\public\index.php(37): CodeIgniter\CodeIgniter->run()
#4 C:\xampp\htdocs\E-Learning-WP3\system\Commands\Server\rewrite.php(43): require_once('C:\\xampp\\htdocs...')
#5 {main}
CRITICAL - 2022-12-11 22:48:36 --> Invalid file: kuliah/absen_excel.php
#0 C:\xampp\htdocs\E-Learning-WP3\system\View\View.php(198): CodeIgniter\Exceptions\FrameworkException::forInvalidFile('kuliah/absen_ex...')
#1 C:\xampp\htdocs\E-Learning-WP3\system\Common.php(1089): CodeIgniter\View\View->render('kuliah/absen_ex...', Array, true)
#2 C:\xampp\htdocs\E-Learning-WP3\app\Controllers\Kuliah.php(306): view('kuliah/absen_ex...', Array)
#3 C:\xampp\htdocs\E-Learning-WP3\system\CodeIgniter.php(832): App\Controllers\Kuliah->absen_excel('MQ==', 'MTUuNUIuMDE=')
#4 C:\xampp\htdocs\E-Learning-WP3\system\CodeIgniter.php(419): CodeIgniter\CodeIgniter->runController(Object(App\Controllers\Kuliah))
#5 C:\xampp\htdocs\E-Learning-WP3\system\CodeIgniter.php(326): CodeIgniter\CodeIgniter->handleRequest(NULL, Object(Config\Cache), false)
#6 C:\xampp\htdocs\E-Learning-WP3\public\index.php(37): CodeIgniter\CodeIgniter->run()
#7 C:\xampp\htdocs\E-Learning-WP3\system\Commands\Server\rewrite.php(43): require_once('C:\\xampp\\htdocs...')
#8 {main}
CRITICAL - 2022-12-11 22:50:27 --> Class "Dompdf\Dompdf" not found
#0 C:\xampp\htdocs\E-Learning-WP3\system\CodeIgniter.php(832): App\Controllers\Kuliah->absen_pdf('MQ==', 'MTUuNUIuMDE=')
#1 C:\xampp\htdocs\E-Learning-WP3\system\CodeIgniter.php(419): CodeIgniter\CodeIgniter->runController(Object(App\Controllers\Kuliah))
#2 C:\xampp\htdocs\E-Learning-WP3\system\CodeIgniter.php(326): CodeIgniter\CodeIgniter->handleRequest(NULL, Object(Config\Cache), false)
#3 C:\xampp\htdocs\E-Learning-WP3\public\index.php(37): CodeIgniter\CodeIgniter->run()
#4 C:\xampp\htdocs\E-Learning-WP3\system\Commands\Server\rewrite.php(43): require_once('C:\\xampp\\htdocs...')
#5 {main}
CRITICAL - 2022-12-11 22:50:28 --> Class "Dompdf\Dompdf" not found
#0 C:\xampp\htdocs\E-Learning-WP3\system\CodeIgniter.php(832): App\Controllers\Kuliah->absen_pdf('MQ==', 'MTUuNUIuMDE=')
#1 C:\xampp\htdocs\E-Learning-WP3\system\CodeIgniter.php(419): CodeIgniter\CodeIgniter->runController(Object(App\Controllers\Kuliah))
#2 C:\xampp\htdocs\E-Learning-WP3\system\CodeIgniter.php(326): CodeIgniter\CodeIgniter->handleRequest(NULL, Object(Config\Cache), false)
#3 C:\xampp\htdocs\E-Learning-WP3\public\index.php(37): CodeIgniter\CodeIgniter->run()
#4 C:\xampp\htdocs\E-Learning-WP3\system\Commands\Server\rewrite.php(43): require_once('C:\\xampp\\htdocs...')
#5 {main}
CRITICAL - 2022-12-11 23:13:47 --> Class "Dompdf\Dompdf" not found
#0 C:\xampp\htdocs\E-Learning-WP3\system\CodeIgniter.php(832): App\Controllers\Kuliah->absen_pdf('NA==', 'MTUuNUIuMDE=')
#1 C:\xampp\htdocs\E-Learning-WP3\system\CodeIgniter.php(419): CodeIgniter\CodeIgniter->runController(Object(App\Controllers\Kuliah))
#2 C:\xampp\htdocs\E-Learning-WP3\system\CodeIgniter.php(326): CodeIgniter\CodeIgniter->handleRequest(NULL, Object(Config\Cache), false)
#3 C:\xampp\htdocs\E-Learning-WP3\public\index.php(37): CodeIgniter\CodeIgniter->run()
#4 C:\xampp\htdocs\E-Learning-WP3\system\Commands\Server\rewrite.php(43): require_once('C:\\xampp\\htdocs...')
#5 {main}
CRITICAL - 2022-12-11 23:14:40 --> Class "Dompdf\Dompdf" not found
#0 C:\xampp\htdocs\E-Learning-WP3\system\CodeIgniter.php(832): App\Controllers\Kuliah->absen_pdf('NA==', 'MTUuNUIuMDE=')
#1 C:\xampp\htdocs\E-Learning-WP3\system\CodeIgniter.php(419): CodeIgniter\CodeIgniter->runController(Object(App\Controllers\Kuliah))
#2 C:\xampp\htdocs\E-Learning-WP3\system\CodeIgniter.php(326): CodeIgniter\CodeIgniter->handleRequest(NULL, Object(Config\Cache), false)
#3 C:\xampp\htdocs\E-Learning-WP3\public\index.php(37): CodeIgniter\CodeIgniter->run()
#4 C:\xampp\htdocs\E-Learning-WP3\system\Commands\Server\rewrite.php(43): require_once('C:\\xampp\\htdocs...')
#5 {main}
CRITICAL - 2022-12-11 23:14:40 --> Class "Dompdf\Dompdf" not found
#0 C:\xampp\htdocs\E-Learning-WP3\system\CodeIgniter.php(832): App\Controllers\Kuliah->absen_pdf('NA==', 'MTUuNUIuMDE=')
#1 C:\xampp\htdocs\E-Learning-WP3\system\CodeIgniter.php(419): CodeIgniter\CodeIgniter->runController(Object(App\Controllers\Kuliah))
#2 C:\xampp\htdocs\E-Learning-WP3\system\CodeIgniter.php(326): CodeIgniter\CodeIgniter->handleRequest(NULL, Object(Config\Cache), false)
#3 C:\xampp\htdocs\E-Learning-WP3\public\index.php(37): CodeIgniter\CodeIgniter->run()
#4 C:\xampp\htdocs\E-Learning-WP3\system\Commands\Server\rewrite.php(43): require_once('C:\\xampp\\htdocs...')
#5 {main}
CRITICAL - 2022-12-11 23:14:41 --> Class "Dompdf\Dompdf" not found
#0 C:\xampp\htdocs\E-Learning-WP3\system\CodeIgniter.php(832): App\Controllers\Kuliah->absen_pdf('NA==', 'MTUuNUIuMDE=')
#1 C:\xampp\htdocs\E-Learning-WP3\system\CodeIgniter.php(419): CodeIgniter\CodeIgniter->runController(Object(App\Controllers\Kuliah))
#2 C:\xampp\htdocs\E-Learning-WP3\system\CodeIgniter.php(326): CodeIgniter\CodeIgniter->handleRequest(NULL, Object(Config\Cache), false)
#3 C:\xampp\htdocs\E-Learning-WP3\public\index.php(37): CodeIgniter\CodeIgniter->run()
#4 C:\xampp\htdocs\E-Learning-WP3\system\Commands\Server\rewrite.php(43): require_once('C:\\xampp\\htdocs...')
#5 {main}
CRITICAL - 2022-12-11 23:17:20 --> Class "Dompdf\Dompdf" not found
#0 C:\xampp\htdocs\E-Learning-WP3\system\CodeIgniter.php(832): App\Controllers\Kuliah->absen_pdf('NA==', 'MTUuNUIuMDE=')
#1 C:\xampp\htdocs\E-Learning-WP3\system\CodeIgniter.php(419): CodeIgniter\CodeIgniter->runController(Object(App\Controllers\Kuliah))
#2 C:\xampp\htdocs\E-Learning-WP3\system\CodeIgniter.php(326): CodeIgniter\CodeIgniter->handleRequest(NULL, Object(Config\Cache), false)
#3 C:\xampp\htdocs\E-Learning-WP3\public\index.php(37): CodeIgniter\CodeIgniter->run()
#4 C:\xampp\htdocs\E-Learning-WP3\system\Commands\Server\rewrite.php(43): require_once('C:\\xampp\\htdocs...')
#5 {main}
CRITICAL - 2022-12-11 23:17:20 --> Class "Dompdf\Dompdf" not found
#0 C:\xampp\htdocs\E-Learning-WP3\system\CodeIgniter.php(832): App\Controllers\Kuliah->absen_pdf('NA==', 'MTUuNUIuMDE=')
#1 C:\xampp\htdocs\E-Learning-WP3\system\CodeIgniter.php(419): CodeIgniter\CodeIgniter->runController(Object(App\Controllers\Kuliah))
#2 C:\xampp\htdocs\E-Learning-WP3\system\CodeIgniter.php(326): CodeIgniter\CodeIgniter->handleRequest(NULL, Object(Config\Cache), false)
#3 C:\xampp\htdocs\E-Learning-WP3\public\index.php(37): CodeIgniter\CodeIgniter->run()
#4 C:\xampp\htdocs\E-Learning-WP3\system\Commands\Server\rewrite.php(43): require_once('C:\\xampp\\htdocs...')
#5 {main}
CRITICAL - 2022-12-11 23:17:22 --> Class "Dompdf\Dompdf" not found
#0 C:\xampp\htdocs\E-Learning-WP3\system\CodeIgniter.php(832): App\Controllers\Kuliah->absen_pdf('NA==', 'MTUuNUIuMDE=')
#1 C:\xampp\htdocs\E-Learning-WP3\system\CodeIgniter.php(419): CodeIgniter\CodeIgniter->runController(Object(App\Controllers\Kuliah))
#2 C:\xampp\htdocs\E-Learning-WP3\system\CodeIgniter.php(326): CodeIgniter\CodeIgniter->handleRequest(NULL, Object(Config\Cache), false)
#3 C:\xampp\htdocs\E-Learning-WP3\public\index.php(37): CodeIgniter\CodeIgniter->run()
#4 C:\xampp\htdocs\E-Learning-WP3\system\Commands\Server\rewrite.php(43): require_once('C:\\xampp\\htdocs...')
#5 {main}
CRITICAL - 2022-12-11 23:17:57 --> Class "Dompdf\Dompdf" not found
#0 C:\xampp\htdocs\E-Learning-WP3\system\CodeIgniter.php(832): App\Controllers\Kuliah->absen_pdf('NA==', 'MTUuNUIuMDE=')
#1 C:\xampp\htdocs\E-Learning-WP3\system\CodeIgniter.php(419): CodeIgniter\CodeIgniter->runController(Object(App\Controllers\Kuliah))
#2 C:\xampp\htdocs\E-Learning-WP3\system\CodeIgniter.php(326): CodeIgniter\CodeIgniter->handleRequest(NULL, Object(Config\Cache), false)
#3 C:\xampp\htdocs\E-Learning-WP3\public\index.php(37): CodeIgniter\CodeIgniter->run()
#4 C:\xampp\htdocs\E-Learning-WP3\system\Commands\Server\rewrite.php(43): require_once('C:\\xampp\\htdocs...')
#5 {main}
