CRITICAL - 2022-06-12 00:39:59 --> Trying to access array offset on value of type null
#0 C:\xampp\htdocs\projectweb2\app\Views\user\ubahmahasiswa.php(5): CodeIgniter\Debug\Exceptions->errorHandler(2, 'Trying to acces...', 'C:\\xampp\\htdocs...', 5)
#1 C:\xampp\htdocs\projectweb2\system\View\View.php(210): include('C:\\xampp\\htdocs...')
#2 C:\xampp\htdocs\projectweb2\system\View\View.php(213): CodeIgniter\View\View->CodeIgniter\View\{closure}()
#3 C:\xampp\htdocs\projectweb2\system\Common.php(1089): CodeIgniter\View\View->render('user/ubahmahasi...', Array, true)
#4 C:\xampp\htdocs\projectweb2\app\Controllers\User.php(106): view('user/ubahmahasi...', Array)
#5 C:\xampp\htdocs\projectweb2\system\CodeIgniter.php(832): App\Controllers\User->ubahmahasiswa('3')
#6 C:\xampp\htdocs\projectweb2\system\CodeIgniter.php(419): CodeIgniter\CodeIgniter->runController(Object(App\Controllers\User))
#7 C:\xampp\htdocs\projectweb2\system\CodeIgniter.php(326): CodeIgniter\CodeIgniter->handleRequest(NULL, Object(Config\Cache), false)
#8 C:\xampp\htdocs\projectweb2\public\index.php(37): CodeIgniter\CodeIgniter->run()
#9 C:\xampp\htdocs\projectweb2\system\Commands\Server\rewrite.php(43): require_once('C:\\xampp\\htdocs...')
#10 {main}
CRITICAL - 2022-06-12 05:30:50 --> Trying to access array offset on value of type null
#0 C:\xampp\htdocs\projectweb2\app\Views\templates\topbar.php(27): CodeIgniter\Debug\Exceptions->errorHandler(2, 'Trying to acces...', 'C:\\xampp\\htdocs...', 27)
#1 C:\xampp\htdocs\projectweb2\system\View\View.php(210): include('C:\\xampp\\htdocs...')
#2 C:\xampp\htdocs\projectweb2\system\View\View.php(213): CodeIgniter\View\View->CodeIgniter\View\{closure}()
#3 C:\xampp\htdocs\projectweb2\system\Common.php(1089): CodeIgniter\View\View->render('templates/topba...', Array, true)
#4 C:\xampp\htdocs\projectweb2\app\Controllers\User.php(105): view('templates/topba...', Array)
#5 C:\xampp\htdocs\projectweb2\system\CodeIgniter.php(832): App\Controllers\User->ubahmahasiswa('15200318')
#6 C:\xampp\htdocs\projectweb2\system\CodeIgniter.php(419): CodeIgniter\CodeIgniter->runController(Object(App\Controllers\User))
#7 C:\xampp\htdocs\projectweb2\system\CodeIgniter.php(326): CodeIgniter\CodeIgniter->handleRequest(NULL, Object(Config\Cache), false)
#8 C:\xampp\htdocs\projectweb2\public\index.php(37): CodeIgniter\CodeIgniter->run()
#9 C:\xampp\htdocs\projectweb2\system\Commands\Server\rewrite.php(43): require_once('C:\\xampp\\htdocs...')
#10 {main}
CRITICAL - 2022-06-12 05:30:58 --> Trying to access array offset on value of type null
#0 C:\xampp\htdocs\projectweb2\app\Views\templates\topbar.php(27): CodeIgniter\Debug\Exceptions->errorHandler(2, 'Trying to acces...', 'C:\\xampp\\htdocs...', 27)
#1 C:\xampp\htdocs\projectweb2\system\View\View.php(210): include('C:\\xampp\\htdocs...')
#2 C:\xampp\htdocs\projectweb2\system\View\View.php(213): CodeIgniter\View\View->CodeIgniter\View\{closure}()
#3 C:\xampp\htdocs\projectweb2\system\Common.php(1089): CodeIgniter\View\View->render('templates/topba...', Array, true)
#4 C:\xampp\htdocs\projectweb2\app\Controllers\User.php(105): view('templates/topba...', Array)
#5 C:\xampp\htdocs\projectweb2\system\CodeIgniter.php(832): App\Controllers\User->ubahmahasiswa('15200318')
#6 C:\xampp\htdocs\projectweb2\system\CodeIgniter.php(419): CodeIgniter\CodeIgniter->runController(Object(App\Controllers\User))
#7 C:\xampp\htdocs\projectweb2\system\CodeIgniter.php(326): CodeIgniter\CodeIgniter->handleRequest(NULL, Object(Config\Cache), false)
#8 C:\xampp\htdocs\projectweb2\public\index.php(37): CodeIgniter\CodeIgniter->run()
#9 C:\xampp\htdocs\projectweb2\system\Commands\Server\rewrite.php(43): require_once('C:\\xampp\\htdocs...')
#10 {main}
CRITICAL - 2022-06-12 05:34:42 -->  route cannot be found while reverse-routing.
#0 C:\xampp\htdocs\projectweb2\system\HTTP\RedirectResponse.php(56): CodeIgniter\HTTP\Exceptions\HTTPException::forInvalidRedirectRoute('')
#1 C:\xampp\htdocs\projectweb2\system\Common.php(832): CodeIgniter\HTTP\RedirectResponse->route(false)
#2 C:\xampp\htdocs\projectweb2\app\Controllers\Kuliah.php(17): redirect('kuliah/mahasisw...')
#3 C:\xampp\htdocs\projectweb2\system\CodeIgniter.php(832): App\Controllers\Kuliah->index()
#4 C:\xampp\htdocs\projectweb2\system\CodeIgniter.php(419): CodeIgniter\CodeIgniter->runController(Object(App\Controllers\Kuliah))
#5 C:\xampp\htdocs\projectweb2\system\CodeIgniter.php(326): CodeIgniter\CodeIgniter->handleRequest(NULL, Object(Config\Cache), false)
#6 C:\xampp\htdocs\projectweb2\public\index.php(37): CodeIgniter\CodeIgniter->run()
#7 C:\xampp\htdocs\projectweb2\system\Commands\Server\rewrite.php(43): require_once('C:\\xampp\\htdocs...')
#8 {main}
CRITICAL - 2022-06-12 05:40:55 --> Undefined array key "email"
#0 C:\xampp\htdocs\projectweb2\app\Views\user\ubah-profil.php(9): CodeIgniter\Debug\Exceptions->errorHandler(2, 'Undefined array...', 'C:\\xampp\\htdocs...', 9)
#1 C:\xampp\htdocs\projectweb2\system\View\View.php(210): include('C:\\xampp\\htdocs...')
#2 C:\xampp\htdocs\projectweb2\system\View\View.php(213): CodeIgniter\View\View->CodeIgniter\View\{closure}()
#3 C:\xampp\htdocs\projectweb2\system\Common.php(1089): CodeIgniter\View\View->render('user/ubah-profi...', Array, true)
#4 C:\xampp\htdocs\projectweb2\app\Controllers\User.php(135): view('user/ubah-profi...', Array)
#5 C:\xampp\htdocs\projectweb2\system\CodeIgniter.php(832): App\Controllers\User->ubahprofil()
#6 C:\xampp\htdocs\projectweb2\system\CodeIgniter.php(419): CodeIgniter\CodeIgniter->runController(Object(App\Controllers\User))
#7 C:\xampp\htdocs\projectweb2\system\CodeIgniter.php(326): CodeIgniter\CodeIgniter->handleRequest(NULL, Object(Config\Cache), false)
#8 C:\xampp\htdocs\projectweb2\public\index.php(37): CodeIgniter\CodeIgniter->run()
#9 C:\xampp\htdocs\projectweb2\system\Commands\Server\rewrite.php(43): require_once('C:\\xampp\\htdocs...')
#10 {main}
ERROR - 2022-06-12 05:53:06 --> You have an error in your SQL syntax; check the manual that corresponds to your MariaDB server version for the right syntax to use near '1 USING (1)' at line 3
CRITICAL - 2022-06-12 05:53:06 --> Call to a member function getResultArray() on bool
#0 C:\xampp\htdocs\projectweb2\system\CodeIgniter.php(832): App\Controllers\User->index()
#1 C:\xampp\htdocs\projectweb2\system\CodeIgniter.php(419): CodeIgniter\CodeIgniter->runController(Object(App\Controllers\User))
#2 C:\xampp\htdocs\projectweb2\system\CodeIgniter.php(326): CodeIgniter\CodeIgniter->handleRequest(NULL, Object(Config\Cache), false)
#3 C:\xampp\htdocs\projectweb2\public\index.php(37): CodeIgniter\CodeIgniter->run()
#4 C:\xampp\htdocs\projectweb2\system\Commands\Server\rewrite.php(43): require_once('C:\\xampp\\htdocs...')
#5 {main}
ERROR - 2022-06-12 05:53:23 --> You have an error in your SQL syntax; check the manual that corresponds to your MariaDB server version for the right syntax to use near '1 USING (1)' at line 3
CRITICAL - 2022-06-12 05:53:23 --> Call to a member function getRowArray() on bool
#0 C:\xampp\htdocs\projectweb2\system\CodeIgniter.php(832): App\Controllers\User->index()
#1 C:\xampp\htdocs\projectweb2\system\CodeIgniter.php(419): CodeIgniter\CodeIgniter->runController(Object(App\Controllers\User))
#2 C:\xampp\htdocs\projectweb2\system\CodeIgniter.php(326): CodeIgniter\CodeIgniter->handleRequest(NULL, Object(Config\Cache), false)
#3 C:\xampp\htdocs\projectweb2\public\index.php(37): CodeIgniter\CodeIgniter->run()
#4 C:\xampp\htdocs\projectweb2\system\Commands\Server\rewrite.php(43): require_once('C:\\xampp\\htdocs...')
#5 {main}
ERROR - 2022-06-12 05:55:17 --> You have an error in your SQL syntax; check the manual that corresponds to your MariaDB server version for the right syntax to use near '1 USING (1)
WHERE `username` = '15200318'' at line 3
CRITICAL - 2022-06-12 05:55:17 --> Call to a member function getResultArray() on bool
#0 C:\xampp\htdocs\projectweb2\system\CodeIgniter.php(832): App\Controllers\User->index()
#1 C:\xampp\htdocs\projectweb2\system\CodeIgniter.php(419): CodeIgniter\CodeIgniter->runController(Object(App\Controllers\User))
#2 C:\xampp\htdocs\projectweb2\system\CodeIgniter.php(326): CodeIgniter\CodeIgniter->handleRequest(NULL, Object(Config\Cache), false)
#3 C:\xampp\htdocs\projectweb2\public\index.php(37): CodeIgniter\CodeIgniter->run()
#4 C:\xampp\htdocs\projectweb2\system\Commands\Server\rewrite.php(43): require_once('C:\\xampp\\htdocs...')
#5 {main}
ERROR - 2022-06-12 05:55:27 --> You have an error in your SQL syntax; check the manual that corresponds to your MariaDB server version for the right syntax to use near '1 USING (1)
WHERE `username` = '15200318'' at line 3
CRITICAL - 2022-06-12 05:55:27 --> Call to a member function getRowArray() on bool
#0 C:\xampp\htdocs\projectweb2\system\CodeIgniter.php(832): App\Controllers\User->index()
#1 C:\xampp\htdocs\projectweb2\system\CodeIgniter.php(419): CodeIgniter\CodeIgniter->runController(Object(App\Controllers\User))
#2 C:\xampp\htdocs\projectweb2\system\CodeIgniter.php(326): CodeIgniter\CodeIgniter->handleRequest(NULL, Object(Config\Cache), false)
#3 C:\xampp\htdocs\projectweb2\public\index.php(37): CodeIgniter\CodeIgniter->run()
#4 C:\xampp\htdocs\projectweb2\system\Commands\Server\rewrite.php(43): require_once('C:\\xampp\\htdocs...')
#5 {main}
ERROR - 2022-06-12 05:55:39 --> You have an error in your SQL syntax; check the manual that corresponds to your MariaDB server version for the right syntax to use near '1 ON `user`.`username` = `mahasiswa`.`nim`
WHERE `username` = '15200318'' at line 3
CRITICAL - 2022-06-12 05:55:39 --> Call to a member function getRowArray() on bool
#0 C:\xampp\htdocs\projectweb2\system\CodeIgniter.php(832): App\Controllers\User->index()
#1 C:\xampp\htdocs\projectweb2\system\CodeIgniter.php(419): CodeIgniter\CodeIgniter->runController(Object(App\Controllers\User))
#2 C:\xampp\htdocs\projectweb2\system\CodeIgniter.php(326): CodeIgniter\CodeIgniter->handleRequest(NULL, Object(Config\Cache), false)
#3 C:\xampp\htdocs\projectweb2\public\index.php(37): CodeIgniter\CodeIgniter->run()
#4 C:\xampp\htdocs\projectweb2\system\Commands\Server\rewrite.php(43): require_once('C:\\xampp\\htdocs...')
#5 {main}
CRITICAL - 2022-06-12 06:14:02 --> Undefined array key "username"
#0 C:\xampp\htdocs\projectweb2\app\Views\user\index.php(14): CodeIgniter\Debug\Exceptions->errorHandler(2, 'Undefined array...', 'C:\\xampp\\htdocs...', 14)
#1 C:\xampp\htdocs\projectweb2\system\View\View.php(210): include('C:\\xampp\\htdocs...')
#2 C:\xampp\htdocs\projectweb2\system\View\View.php(213): CodeIgniter\View\View->CodeIgniter\View\{closure}()
#3 C:\xampp\htdocs\projectweb2\system\Common.php(1089): CodeIgniter\View\View->render('user/index', Array, true)
#4 C:\xampp\htdocs\projectweb2\app\Controllers\User.php(34): view('user/index', Array)
#5 C:\xampp\htdocs\projectweb2\system\CodeIgniter.php(832): App\Controllers\User->index()
#6 C:\xampp\htdocs\projectweb2\system\CodeIgniter.php(419): CodeIgniter\CodeIgniter->runController(Object(App\Controllers\User))
#7 C:\xampp\htdocs\projectweb2\system\CodeIgniter.php(326): CodeIgniter\CodeIgniter->handleRequest(NULL, Object(Config\Cache), false)
#8 C:\xampp\htdocs\projectweb2\public\index.php(37): CodeIgniter\CodeIgniter->run()
#9 C:\xampp\htdocs\projectweb2\system\Commands\Server\rewrite.php(43): require_once('C:\\xampp\\htdocs...')
#10 {main}
CRITICAL - 2022-06-12 06:14:37 --> Undefined array key "image"
#0 C:\xampp\htdocs\projectweb2\app\Views\user\index.php(10): CodeIgniter\Debug\Exceptions->errorHandler(2, 'Undefined array...', 'C:\\xampp\\htdocs...', 10)
#1 C:\xampp\htdocs\projectweb2\system\View\View.php(210): include('C:\\xampp\\htdocs...')
#2 C:\xampp\htdocs\projectweb2\system\View\View.php(213): CodeIgniter\View\View->CodeIgniter\View\{closure}()
#3 C:\xampp\htdocs\projectweb2\system\Common.php(1089): CodeIgniter\View\View->render('user/index', Array, true)
#4 C:\xampp\htdocs\projectweb2\app\Controllers\User.php(34): view('user/index', Array)
#5 C:\xampp\htdocs\projectweb2\system\CodeIgniter.php(832): App\Controllers\User->index()
#6 C:\xampp\htdocs\projectweb2\system\CodeIgniter.php(419): CodeIgniter\CodeIgniter->runController(Object(App\Controllers\User))
#7 C:\xampp\htdocs\projectweb2\system\CodeIgniter.php(326): CodeIgniter\CodeIgniter->handleRequest(NULL, Object(Config\Cache), false)
#8 C:\xampp\htdocs\projectweb2\public\index.php(37): CodeIgniter\CodeIgniter->run()
#9 C:\xampp\htdocs\projectweb2\system\Commands\Server\rewrite.php(43): require_once('C:\\xampp\\htdocs...')
#10 {main}
CRITICAL - 2022-06-12 06:15:00 --> Undefined array key "image"
#0 C:\xampp\htdocs\projectweb2\app\Views\user\index.php(10): CodeIgniter\Debug\Exceptions->errorHandler(2, 'Undefined array...', 'C:\\xampp\\htdocs...', 10)
#1 C:\xampp\htdocs\projectweb2\system\View\View.php(210): include('C:\\xampp\\htdocs...')
#2 C:\xampp\htdocs\projectweb2\system\View\View.php(213): CodeIgniter\View\View->CodeIgniter\View\{closure}()
#3 C:\xampp\htdocs\projectweb2\system\Common.php(1089): CodeIgniter\View\View->render('user/index', Array, true)
#4 C:\xampp\htdocs\projectweb2\app\Controllers\User.php(35): view('user/index', Array)
#5 C:\xampp\htdocs\projectweb2\system\CodeIgniter.php(832): App\Controllers\User->index()
#6 C:\xampp\htdocs\projectweb2\system\CodeIgniter.php(419): CodeIgniter\CodeIgniter->runController(Object(App\Controllers\User))
#7 C:\xampp\htdocs\projectweb2\system\CodeIgniter.php(326): CodeIgniter\CodeIgniter->handleRequest(NULL, Object(Config\Cache), false)
#8 C:\xampp\htdocs\projectweb2\public\index.php(37): CodeIgniter\CodeIgniter->run()
#9 C:\xampp\htdocs\projectweb2\system\Commands\Server\rewrite.php(43): require_once('C:\\xampp\\htdocs...')
#10 {main}
CRITICAL - 2022-06-12 06:15:38 --> Undefined array key "image"
#0 C:\xampp\htdocs\projectweb2\app\Views\user\index.php(10): CodeIgniter\Debug\Exceptions->errorHandler(2, 'Undefined array...', 'C:\\xampp\\htdocs...', 10)
#1 C:\xampp\htdocs\projectweb2\system\View\View.php(210): include('C:\\xampp\\htdocs...')
#2 C:\xampp\htdocs\projectweb2\system\View\View.php(213): CodeIgniter\View\View->CodeIgniter\View\{closure}()
#3 C:\xampp\htdocs\projectweb2\system\Common.php(1089): CodeIgniter\View\View->render('user/index', Array, true)
#4 C:\xampp\htdocs\projectweb2\app\Controllers\User.php(35): view('user/index', Array)
#5 C:\xampp\htdocs\projectweb2\system\CodeIgniter.php(832): App\Controllers\User->index()
#6 C:\xampp\htdocs\projectweb2\system\CodeIgniter.php(419): CodeIgniter\CodeIgniter->runController(Object(App\Controllers\User))
#7 C:\xampp\htdocs\projectweb2\system\CodeIgniter.php(326): CodeIgniter\CodeIgniter->handleRequest(NULL, Object(Config\Cache), false)
#8 C:\xampp\htdocs\projectweb2\public\index.php(37): CodeIgniter\CodeIgniter->run()
#9 C:\xampp\htdocs\projectweb2\system\Commands\Server\rewrite.php(43): require_once('C:\\xampp\\htdocs...')
#10 {main}
CRITICAL - 2022-06-12 06:16:44 --> Undefined array key "image"
#0 C:\xampp\htdocs\projectweb2\app\Views\user\index.php(10): CodeIgniter\Debug\Exceptions->errorHandler(2, 'Undefined array...', 'C:\\xampp\\htdocs...', 10)
#1 C:\xampp\htdocs\projectweb2\system\View\View.php(210): include('C:\\xampp\\htdocs...')
#2 C:\xampp\htdocs\projectweb2\system\View\View.php(213): CodeIgniter\View\View->CodeIgniter\View\{closure}()
#3 C:\xampp\htdocs\projectweb2\system\Common.php(1089): CodeIgniter\View\View->render('user/index', Array, true)
#4 C:\xampp\htdocs\projectweb2\app\Controllers\User.php(35): view('user/index', Array)
#5 C:\xampp\htdocs\projectweb2\system\CodeIgniter.php(832): App\Controllers\User->index()
#6 C:\xampp\htdocs\projectweb2\system\CodeIgniter.php(419): CodeIgniter\CodeIgniter->runController(Object(App\Controllers\User))
#7 C:\xampp\htdocs\projectweb2\system\CodeIgniter.php(326): CodeIgniter\CodeIgniter->handleRequest(NULL, Object(Config\Cache), false)
#8 C:\xampp\htdocs\projectweb2\public\index.php(37): CodeIgniter\CodeIgniter->run()
#9 C:\xampp\htdocs\projectweb2\system\Commands\Server\rewrite.php(43): require_once('C:\\xampp\\htdocs...')
#10 {main}
CRITICAL - 2022-06-12 06:23:31 --> Unclosed '{' on line 23
#0 C:\xampp\htdocs\projectweb2\system\View\View.php(213): CodeIgniter\View\View->CodeIgniter\View\{closure}()
#1 C:\xampp\htdocs\projectweb2\system\Common.php(1089): CodeIgniter\View\View->render('user/index', Array, true)
#2 C:\xampp\htdocs\projectweb2\app\Controllers\User.php(35): view('user/index', Array)
#3 C:\xampp\htdocs\projectweb2\system\CodeIgniter.php(832): App\Controllers\User->index()
#4 C:\xampp\htdocs\projectweb2\system\CodeIgniter.php(419): CodeIgniter\CodeIgniter->runController(Object(App\Controllers\User))
#5 C:\xampp\htdocs\projectweb2\system\CodeIgniter.php(326): CodeIgniter\CodeIgniter->handleRequest(NULL, Object(Config\Cache), false)
#6 C:\xampp\htdocs\projectweb2\public\index.php(37): CodeIgniter\CodeIgniter->run()
#7 C:\xampp\htdocs\projectweb2\system\Commands\Server\rewrite.php(43): require_once('C:\\xampp\\htdocs...')
#8 {main}
CRITICAL - 2022-06-12 06:25:14 --> Undefined array key "image"
#0 C:\xampp\htdocs\projectweb2\app\Views\user\index.php(11): CodeIgniter\Debug\Exceptions->errorHandler(2, 'Undefined array...', 'C:\\xampp\\htdocs...', 11)
#1 C:\xampp\htdocs\projectweb2\system\View\View.php(210): include('C:\\xampp\\htdocs...')
#2 C:\xampp\htdocs\projectweb2\system\View\View.php(213): CodeIgniter\View\View->CodeIgniter\View\{closure}()
#3 C:\xampp\htdocs\projectweb2\system\Common.php(1089): CodeIgniter\View\View->render('user/index', Array, true)
#4 C:\xampp\htdocs\projectweb2\app\Controllers\User.php(35): view('user/index', Array)
#5 C:\xampp\htdocs\projectweb2\system\CodeIgniter.php(832): App\Controllers\User->index()
#6 C:\xampp\htdocs\projectweb2\system\CodeIgniter.php(419): CodeIgniter\CodeIgniter->runController(Object(App\Controllers\User))
#7 C:\xampp\htdocs\projectweb2\system\CodeIgniter.php(326): CodeIgniter\CodeIgniter->handleRequest(NULL, Object(Config\Cache), false)
#8 C:\xampp\htdocs\projectweb2\public\index.php(37): CodeIgniter\CodeIgniter->run()
#9 C:\xampp\htdocs\projectweb2\system\Commands\Server\rewrite.php(43): require_once('C:\\xampp\\htdocs...')
#10 {main}
CRITICAL - 2022-06-12 06:25:35 --> Undefined array key "image"
#0 C:\xampp\htdocs\projectweb2\app\Views\user\index.php(11): CodeIgniter\Debug\Exceptions->errorHandler(2, 'Undefined array...', 'C:\\xampp\\htdocs...', 11)
#1 C:\xampp\htdocs\projectweb2\system\View\View.php(210): include('C:\\xampp\\htdocs...')
#2 C:\xampp\htdocs\projectweb2\system\View\View.php(213): CodeIgniter\View\View->CodeIgniter\View\{closure}()
#3 C:\xampp\htdocs\projectweb2\system\Common.php(1089): CodeIgniter\View\View->render('user/index', Array, true)
#4 C:\xampp\htdocs\projectweb2\app\Controllers\User.php(35): view('user/index', Array)
#5 C:\xampp\htdocs\projectweb2\system\CodeIgniter.php(832): App\Controllers\User->index()
#6 C:\xampp\htdocs\projectweb2\system\CodeIgniter.php(419): CodeIgniter\CodeIgniter->runController(Object(App\Controllers\User))
#7 C:\xampp\htdocs\projectweb2\system\CodeIgniter.php(326): CodeIgniter\CodeIgniter->handleRequest(NULL, Object(Config\Cache), false)
#8 C:\xampp\htdocs\projectweb2\public\index.php(37): CodeIgniter\CodeIgniter->run()
#9 C:\xampp\htdocs\projectweb2\system\Commands\Server\rewrite.php(43): require_once('C:\\xampp\\htdocs...')
#10 {main}
CRITICAL - 2022-06-12 06:26:03 --> Undefined array key "image"
#0 C:\xampp\htdocs\projectweb2\app\Views\user\index.php(11): CodeIgniter\Debug\Exceptions->errorHandler(2, 'Undefined array...', 'C:\\xampp\\htdocs...', 11)
#1 C:\xampp\htdocs\projectweb2\system\View\View.php(210): include('C:\\xampp\\htdocs...')
#2 C:\xampp\htdocs\projectweb2\system\View\View.php(213): CodeIgniter\View\View->CodeIgniter\View\{closure}()
#3 C:\xampp\htdocs\projectweb2\system\Common.php(1089): CodeIgniter\View\View->render('user/index', Array, true)
#4 C:\xampp\htdocs\projectweb2\app\Controllers\User.php(35): view('user/index', Array)
#5 C:\xampp\htdocs\projectweb2\system\CodeIgniter.php(832): App\Controllers\User->index()
#6 C:\xampp\htdocs\projectweb2\system\CodeIgniter.php(419): CodeIgniter\CodeIgniter->runController(Object(App\Controllers\User))
#7 C:\xampp\htdocs\projectweb2\system\CodeIgniter.php(326): CodeIgniter\CodeIgniter->handleRequest(NULL, Object(Config\Cache), false)
#8 C:\xampp\htdocs\projectweb2\public\index.php(37): CodeIgniter\CodeIgniter->run()
#9 C:\xampp\htdocs\projectweb2\system\Commands\Server\rewrite.php(43): require_once('C:\\xampp\\htdocs...')
#10 {main}
CRITICAL - 2022-06-12 06:29:55 --> Invalid file: user/member.php
#0 C:\xampp\htdocs\projectweb2\system\View\View.php(198): CodeIgniter\Exceptions\FrameworkException::forInvalidFile('user/member.php')
#1 C:\xampp\htdocs\projectweb2\system\Common.php(1089): CodeIgniter\View\View->render('user/member', Array, true)
#2 C:\xampp\htdocs\projectweb2\app\Controllers\User.php(69): view('user/member', Array)
#3 C:\xampp\htdocs\projectweb2\system\CodeIgniter.php(832): App\Controllers\User->admin()
#4 C:\xampp\htdocs\projectweb2\system\CodeIgniter.php(419): CodeIgniter\CodeIgniter->runController(Object(App\Controllers\User))
#5 C:\xampp\htdocs\projectweb2\system\CodeIgniter.php(326): CodeIgniter\CodeIgniter->handleRequest(NULL, Object(Config\Cache), false)
#6 C:\xampp\htdocs\projectweb2\public\index.php(37): CodeIgniter\CodeIgniter->run()
#7 C:\xampp\htdocs\projectweb2\system\Commands\Server\rewrite.php(43): require_once('C:\\xampp\\htdocs...')
#8 {main}
CRITICAL - 2022-06-12 06:30:03 --> Invalid file: user/member.php
#0 C:\xampp\htdocs\projectweb2\system\View\View.php(198): CodeIgniter\Exceptions\FrameworkException::forInvalidFile('user/member.php')
#1 C:\xampp\htdocs\projectweb2\system\Common.php(1089): CodeIgniter\View\View->render('user/member', Array, true)
#2 C:\xampp\htdocs\projectweb2\app\Controllers\User.php(69): view('user/member', Array)
#3 C:\xampp\htdocs\projectweb2\system\CodeIgniter.php(832): App\Controllers\User->admin()
#4 C:\xampp\htdocs\projectweb2\system\CodeIgniter.php(419): CodeIgniter\CodeIgniter->runController(Object(App\Controllers\User))
#5 C:\xampp\htdocs\projectweb2\system\CodeIgniter.php(326): CodeIgniter\CodeIgniter->handleRequest(NULL, Object(Config\Cache), false)
#6 C:\xampp\htdocs\projectweb2\public\index.php(37): CodeIgniter\CodeIgniter->run()
#7 C:\xampp\htdocs\projectweb2\system\Commands\Server\rewrite.php(43): require_once('C:\\xampp\\htdocs...')
#8 {main}
CRITICAL - 2022-06-12 06:30:54 --> Call to undefined function App\Helpers\cek_login()
#0 C:\xampp\htdocs\projectweb2\app\Controllers\User.php(17): App\Controllers\BaseController->initController(Object(CodeIgniter\HTTP\IncomingRequest), Object(CodeIgniter\HTTP\Response), Object(CodeIgniter\Log\Logger))
#1 C:\xampp\htdocs\projectweb2\system\CodeIgniter.php(810): App\Controllers\User->initController(Object(CodeIgniter\HTTP\IncomingRequest), Object(CodeIgniter\HTTP\Response), Object(CodeIgniter\Log\Logger))
#2 C:\xampp\htdocs\projectweb2\system\CodeIgniter.php(410): CodeIgniter\CodeIgniter->createController()
#3 C:\xampp\htdocs\projectweb2\system\CodeIgniter.php(326): CodeIgniter\CodeIgniter->handleRequest(NULL, Object(Config\Cache), false)
#4 C:\xampp\htdocs\projectweb2\public\index.php(37): CodeIgniter\CodeIgniter->run()
#5 C:\xampp\htdocs\projectweb2\system\Commands\Server\rewrite.php(43): require_once('C:\\xampp\\htdocs...')
#6 {main}
CRITICAL - 2022-06-12 06:30:57 --> Call to undefined function App\Helpers\cek_login()
#0 C:\xampp\htdocs\projectweb2\app\Controllers\User.php(17): App\Controllers\BaseController->initController(Object(CodeIgniter\HTTP\IncomingRequest), Object(CodeIgniter\HTTP\Response), Object(CodeIgniter\Log\Logger))
#1 C:\xampp\htdocs\projectweb2\system\CodeIgniter.php(810): App\Controllers\User->initController(Object(CodeIgniter\HTTP\IncomingRequest), Object(CodeIgniter\HTTP\Response), Object(CodeIgniter\Log\Logger))
#2 C:\xampp\htdocs\projectweb2\system\CodeIgniter.php(410): CodeIgniter\CodeIgniter->createController()
#3 C:\xampp\htdocs\projectweb2\system\CodeIgniter.php(326): CodeIgniter\CodeIgniter->handleRequest(NULL, Object(Config\Cache), false)
#4 C:\xampp\htdocs\projectweb2\public\index.php(37): CodeIgniter\CodeIgniter->run()
#5 C:\xampp\htdocs\projectweb2\system\Commands\Server\rewrite.php(43): require_once('C:\\xampp\\htdocs...')
#6 {main}
CRITICAL - 2022-06-12 06:33:50 --> Trying to access array offset on value of type null
#0 C:\xampp\htdocs\projectweb2\app\Views\templates\topbar.php(27): CodeIgniter\Debug\Exceptions->errorHandler(2, 'Trying to acces...', 'C:\\xampp\\htdocs...', 27)
#1 C:\xampp\htdocs\projectweb2\system\View\View.php(210): include('C:\\xampp\\htdocs...')
#2 C:\xampp\htdocs\projectweb2\system\View\View.php(213): CodeIgniter\View\View->CodeIgniter\View\{closure}()
#3 C:\xampp\htdocs\projectweb2\system\Common.php(1089): CodeIgniter\View\View->render('templates/topba...', Array, true)
#4 C:\xampp\htdocs\projectweb2\app\Controllers\User.php(54): view('templates/topba...', Array)
#5 C:\xampp\htdocs\projectweb2\system\CodeIgniter.php(832): App\Controllers\User->member()
#6 C:\xampp\htdocs\projectweb2\system\CodeIgniter.php(419): CodeIgniter\CodeIgniter->runController(Object(App\Controllers\User))
#7 C:\xampp\htdocs\projectweb2\system\CodeIgniter.php(326): CodeIgniter\CodeIgniter->handleRequest(NULL, Object(Config\Cache), false)
#8 C:\xampp\htdocs\projectweb2\public\index.php(37): CodeIgniter\CodeIgniter->run()
#9 C:\xampp\htdocs\projectweb2\system\Commands\Server\rewrite.php(43): require_once('C:\\xampp\\htdocs...')
#10 {main}
CRITICAL - 2022-06-12 06:34:20 --> Trying to access array offset on value of type null
#0 C:\xampp\htdocs\projectweb2\app\Views\templates\topbar.php(27): CodeIgniter\Debug\Exceptions->errorHandler(2, 'Trying to acces...', 'C:\\xampp\\htdocs...', 27)
#1 C:\xampp\htdocs\projectweb2\system\View\View.php(210): include('C:\\xampp\\htdocs...')
#2 C:\xampp\htdocs\projectweb2\system\View\View.php(213): CodeIgniter\View\View->CodeIgniter\View\{closure}()
#3 C:\xampp\htdocs\projectweb2\system\Common.php(1089): CodeIgniter\View\View->render('templates/topba...', Array, true)
#4 C:\xampp\htdocs\projectweb2\app\Controllers\User.php(54): view('templates/topba...', Array)
#5 C:\xampp\htdocs\projectweb2\system\CodeIgniter.php(832): App\Controllers\User->member()
#6 C:\xampp\htdocs\projectweb2\system\CodeIgniter.php(419): CodeIgniter\CodeIgniter->runController(Object(App\Controllers\User))
#7 C:\xampp\htdocs\projectweb2\system\CodeIgniter.php(326): CodeIgniter\CodeIgniter->handleRequest(NULL, Object(Config\Cache), false)
#8 C:\xampp\htdocs\projectweb2\public\index.php(37): CodeIgniter\CodeIgniter->run()
#9 C:\xampp\htdocs\projectweb2\system\Commands\Server\rewrite.php(43): require_once('C:\\xampp\\htdocs...')
#10 {main}
CRITICAL - 2022-06-12 06:55:43 --> Undefined array key "nim"
#0 C:\xampp\htdocs\projectweb2\app\Views\user\datadosen.php(28): CodeIgniter\Debug\Exceptions->errorHandler(2, 'Undefined array...', 'C:\\xampp\\htdocs...', 28)
#1 C:\xampp\htdocs\projectweb2\system\View\View.php(210): include('C:\\xampp\\htdocs...')
#2 C:\xampp\htdocs\projectweb2\system\View\View.php(213): CodeIgniter\View\View->CodeIgniter\View\{closure}()
#3 C:\xampp\htdocs\projectweb2\system\Common.php(1089): CodeIgniter\View\View->render('user/datadosen', Array, true)
#4 C:\xampp\htdocs\projectweb2\app\Controllers\User.php(83): view('user/datadosen', Array)
#5 C:\xampp\htdocs\projectweb2\system\CodeIgniter.php(832): App\Controllers\User->dosen()
#6 C:\xampp\htdocs\projectweb2\system\CodeIgniter.php(419): CodeIgniter\CodeIgniter->runController(Object(App\Controllers\User))
#7 C:\xampp\htdocs\projectweb2\system\CodeIgniter.php(326): CodeIgniter\CodeIgniter->handleRequest(NULL, Object(Config\Cache), false)
#8 C:\xampp\htdocs\projectweb2\public\index.php(37): CodeIgniter\CodeIgniter->run()
#9 C:\xampp\htdocs\projectweb2\system\Commands\Server\rewrite.php(43): require_once('C:\\xampp\\htdocs...')
#10 {main}
CRITICAL - 2022-06-12 07:00:01 --> Invalid file: user/datadosen.php
#0 C:\xampp\htdocs\projectweb2\system\View\View.php(198): CodeIgniter\Exceptions\FrameworkException::forInvalidFile('user/datadosen....')
#1 C:\xampp\htdocs\projectweb2\system\Common.php(1089): CodeIgniter\View\View->render('user/datadosen', Array, true)
#2 C:\xampp\htdocs\projectweb2\app\Controllers\User.php(84): view('user/datadosen', Array)
#3 C:\xampp\htdocs\projectweb2\system\CodeIgniter.php(832): App\Controllers\User->dosen()
#4 C:\xampp\htdocs\projectweb2\system\CodeIgniter.php(419): CodeIgniter\CodeIgniter->runController(Object(App\Controllers\User))
#5 C:\xampp\htdocs\projectweb2\system\CodeIgniter.php(326): CodeIgniter\CodeIgniter->handleRequest(NULL, Object(Config\Cache), false)
#6 C:\xampp\htdocs\projectweb2\public\index.php(37): CodeIgniter\CodeIgniter->run()
#7 C:\xampp\htdocs\projectweb2\system\Commands\Server\rewrite.php(43): require_once('C:\\xampp\\htdocs...')
#8 {main}
CRITICAL - 2022-06-12 07:00:22 --> Invalid file: user/datadosen.php
#0 C:\xampp\htdocs\projectweb2\system\View\View.php(198): CodeIgniter\Exceptions\FrameworkException::forInvalidFile('user/datadosen....')
#1 C:\xampp\htdocs\projectweb2\system\Common.php(1089): CodeIgniter\View\View->render('user/datadosen', Array, true)
#2 C:\xampp\htdocs\projectweb2\app\Controllers\User.php(84): view('user/datadosen', Array)
#3 C:\xampp\htdocs\projectweb2\system\CodeIgniter.php(832): App\Controllers\User->dosen()
#4 C:\xampp\htdocs\projectweb2\system\CodeIgniter.php(419): CodeIgniter\CodeIgniter->runController(Object(App\Controllers\User))
#5 C:\xampp\htdocs\projectweb2\system\CodeIgniter.php(326): CodeIgniter\CodeIgniter->handleRequest(NULL, Object(Config\Cache), false)
#6 C:\xampp\htdocs\projectweb2\public\index.php(37): CodeIgniter\CodeIgniter->run()
#7 C:\xampp\htdocs\projectweb2\system\Commands\Server\rewrite.php(43): require_once('C:\\xampp\\htdocs...')
#8 {main}
CRITICAL - 2022-06-12 07:00:36 --> Unclosed '{' on line 44
#0 C:\xampp\htdocs\projectweb2\system\View\View.php(213): CodeIgniter\View\View->CodeIgniter\View\{closure}()
#1 C:\xampp\htdocs\projectweb2\system\Common.php(1089): CodeIgniter\View\View->render('user/data', Array, true)
#2 C:\xampp\htdocs\projectweb2\app\Controllers\User.php(99): view('user/data', Array)
#3 C:\xampp\htdocs\projectweb2\system\CodeIgniter.php(832): App\Controllers\User->mahasiswa()
#4 C:\xampp\htdocs\projectweb2\system\CodeIgniter.php(419): CodeIgniter\CodeIgniter->runController(Object(App\Controllers\User))
#5 C:\xampp\htdocs\projectweb2\system\CodeIgniter.php(326): CodeIgniter\CodeIgniter->handleRequest(NULL, Object(Config\Cache), false)
#6 C:\xampp\htdocs\projectweb2\public\index.php(37): CodeIgniter\CodeIgniter->run()
#7 C:\xampp\htdocs\projectweb2\system\Commands\Server\rewrite.php(43): require_once('C:\\xampp\\htdocs...')
#8 {main}
CRITICAL - 2022-06-12 07:25:49 --> Undefined array key "nama"
#0 C:\xampp\htdocs\projectweb2\app\Views\admin\index.php(70): CodeIgniter\Debug\Exceptions->errorHandler(2, 'Undefined array...', 'C:\\xampp\\htdocs...', 70)
#1 C:\xampp\htdocs\projectweb2\system\View\View.php(210): include('C:\\xampp\\htdocs...')
#2 C:\xampp\htdocs\projectweb2\system\View\View.php(213): CodeIgniter\View\View->CodeIgniter\View\{closure}()
#3 C:\xampp\htdocs\projectweb2\system\Common.php(1089): CodeIgniter\View\View->render('admin/index', Array, true)
#4 C:\xampp\htdocs\projectweb2\app\Controllers\Admin.php(45): view('admin/index', Array)
#5 C:\xampp\htdocs\projectweb2\system\CodeIgniter.php(832): App\Controllers\Admin->index()
#6 C:\xampp\htdocs\projectweb2\system\CodeIgniter.php(419): CodeIgniter\CodeIgniter->runController(Object(App\Controllers\Admin))
#7 C:\xampp\htdocs\projectweb2\system\CodeIgniter.php(326): CodeIgniter\CodeIgniter->handleRequest(NULL, Object(Config\Cache), false)
#8 C:\xampp\htdocs\projectweb2\public\index.php(37): CodeIgniter\CodeIgniter->run()
#9 C:\xampp\htdocs\projectweb2\system\Commands\Server\rewrite.php(43): require_once('C:\\xampp\\htdocs...')
#10 {main}
CRITICAL - 2022-06-12 07:26:11 --> Undefined array key "nama"
#0 C:\xampp\htdocs\projectweb2\app\Views\admin\index.php(70): CodeIgniter\Debug\Exceptions->errorHandler(2, 'Undefined array...', 'C:\\xampp\\htdocs...', 70)
#1 C:\xampp\htdocs\projectweb2\system\View\View.php(210): include('C:\\xampp\\htdocs...')
#2 C:\xampp\htdocs\projectweb2\system\View\View.php(213): CodeIgniter\View\View->CodeIgniter\View\{closure}()
#3 C:\xampp\htdocs\projectweb2\system\Common.php(1089): CodeIgniter\View\View->render('admin/index', Array, true)
#4 C:\xampp\htdocs\projectweb2\app\Controllers\Admin.php(45): view('admin/index', Array)
#5 C:\xampp\htdocs\projectweb2\system\CodeIgniter.php(832): App\Controllers\Admin->index()
#6 C:\xampp\htdocs\projectweb2\system\CodeIgniter.php(419): CodeIgniter\CodeIgniter->runController(Object(App\Controllers\Admin))
#7 C:\xampp\htdocs\projectweb2\system\CodeIgniter.php(326): CodeIgniter\CodeIgniter->handleRequest(NULL, Object(Config\Cache), false)
#8 C:\xampp\htdocs\projectweb2\public\index.php(37): CodeIgniter\CodeIgniter->run()
#9 C:\xampp\htdocs\projectweb2\system\Commands\Server\rewrite.php(43): require_once('C:\\xampp\\htdocs...')
#10 {main}
CRITICAL - 2022-06-12 07:30:04 --> Undefined array key "nama"
#0 C:\xampp\htdocs\projectweb2\app\Views\admin\index.php(70): CodeIgniter\Debug\Exceptions->errorHandler(2, 'Undefined array...', 'C:\\xampp\\htdocs...', 70)
#1 C:\xampp\htdocs\projectweb2\system\View\View.php(210): include('C:\\xampp\\htdocs...')
#2 C:\xampp\htdocs\projectweb2\system\View\View.php(213): CodeIgniter\View\View->CodeIgniter\View\{closure}()
#3 C:\xampp\htdocs\projectweb2\system\Common.php(1089): CodeIgniter\View\View->render('admin/index', Array, true)
#4 C:\xampp\htdocs\projectweb2\app\Controllers\Admin.php(45): view('admin/index', Array)
#5 C:\xampp\htdocs\projectweb2\system\CodeIgniter.php(832): App\Controllers\Admin->index()
#6 C:\xampp\htdocs\projectweb2\system\CodeIgniter.php(419): CodeIgniter\CodeIgniter->runController(Object(App\Controllers\Admin))
#7 C:\xampp\htdocs\projectweb2\system\CodeIgniter.php(326): CodeIgniter\CodeIgniter->handleRequest(NULL, Object(Config\Cache), false)
#8 C:\xampp\htdocs\projectweb2\public\index.php(37): CodeIgniter\CodeIgniter->run()
#9 C:\xampp\htdocs\projectweb2\system\Commands\Server\rewrite.php(43): require_once('C:\\xampp\\htdocs...')
#10 {main}
CRITICAL - 2022-06-12 07:30:26 --> Undefined array key "nama"
#0 C:\xampp\htdocs\projectweb2\app\Views\admin\index.php(70): CodeIgniter\Debug\Exceptions->errorHandler(2, 'Undefined array...', 'C:\\xampp\\htdocs...', 70)
#1 C:\xampp\htdocs\projectweb2\system\View\View.php(210): include('C:\\xampp\\htdocs...')
#2 C:\xampp\htdocs\projectweb2\system\View\View.php(213): CodeIgniter\View\View->CodeIgniter\View\{closure}()
#3 C:\xampp\htdocs\projectweb2\system\Common.php(1089): CodeIgniter\View\View->render('admin/index', Array, true)
#4 C:\xampp\htdocs\projectweb2\app\Controllers\Admin.php(45): view('admin/index', Array)
#5 C:\xampp\htdocs\projectweb2\system\CodeIgniter.php(832): App\Controllers\Admin->index()
#6 C:\xampp\htdocs\projectweb2\system\CodeIgniter.php(419): CodeIgniter\CodeIgniter->runController(Object(App\Controllers\Admin))
#7 C:\xampp\htdocs\projectweb2\system\CodeIgniter.php(326): CodeIgniter\CodeIgniter->handleRequest(NULL, Object(Config\Cache), false)
#8 C:\xampp\htdocs\projectweb2\public\index.php(37): CodeIgniter\CodeIgniter->run()
#9 C:\xampp\htdocs\projectweb2\system\Commands\Server\rewrite.php(43): require_once('C:\\xampp\\htdocs...')
#10 {main}
CRITICAL - 2022-06-12 07:34:45 --> Undefined array key "nama"
#0 C:\xampp\htdocs\projectweb2\app\Views\admin\index.php(48): CodeIgniter\Debug\Exceptions->errorHandler(2, 'Undefined array...', 'C:\\xampp\\htdocs...', 48)
#1 C:\xampp\htdocs\projectweb2\system\View\View.php(210): include('C:\\xampp\\htdocs...')
#2 C:\xampp\htdocs\projectweb2\system\View\View.php(213): CodeIgniter\View\View->CodeIgniter\View\{closure}()
#3 C:\xampp\htdocs\projectweb2\system\Common.php(1089): CodeIgniter\View\View->render('admin/index', Array, true)
#4 C:\xampp\htdocs\projectweb2\app\Controllers\Admin.php(39): view('admin/index', Array)
#5 C:\xampp\htdocs\projectweb2\system\CodeIgniter.php(832): App\Controllers\Admin->index()
#6 C:\xampp\htdocs\projectweb2\system\CodeIgniter.php(419): CodeIgniter\CodeIgniter->runController(Object(App\Controllers\Admin))
#7 C:\xampp\htdocs\projectweb2\system\CodeIgniter.php(326): CodeIgniter\CodeIgniter->handleRequest(NULL, Object(Config\Cache), false)
#8 C:\xampp\htdocs\projectweb2\public\index.php(37): CodeIgniter\CodeIgniter->run()
#9 C:\xampp\htdocs\projectweb2\system\Commands\Server\rewrite.php(43): require_once('C:\\xampp\\htdocs...')
#10 {main}
CRITICAL - 2022-06-12 07:34:46 --> Undefined array key "nama"
#0 C:\xampp\htdocs\projectweb2\app\Views\admin\index.php(48): CodeIgniter\Debug\Exceptions->errorHandler(2, 'Undefined array...', 'C:\\xampp\\htdocs...', 48)
#1 C:\xampp\htdocs\projectweb2\system\View\View.php(210): include('C:\\xampp\\htdocs...')
#2 C:\xampp\htdocs\projectweb2\system\View\View.php(213): CodeIgniter\View\View->CodeIgniter\View\{closure}()
#3 C:\xampp\htdocs\projectweb2\system\Common.php(1089): CodeIgniter\View\View->render('admin/index', Array, true)
#4 C:\xampp\htdocs\projectweb2\app\Controllers\Admin.php(39): view('admin/index', Array)
#5 C:\xampp\htdocs\projectweb2\system\CodeIgniter.php(832): App\Controllers\Admin->index()
#6 C:\xampp\htdocs\projectweb2\system\CodeIgniter.php(419): CodeIgniter\CodeIgniter->runController(Object(App\Controllers\Admin))
#7 C:\xampp\htdocs\projectweb2\system\CodeIgniter.php(326): CodeIgniter\CodeIgniter->handleRequest(NULL, Object(Config\Cache), false)
#8 C:\xampp\htdocs\projectweb2\public\index.php(37): CodeIgniter\CodeIgniter->run()
#9 C:\xampp\htdocs\projectweb2\system\Commands\Server\rewrite.php(43): require_once('C:\\xampp\\htdocs...')
#10 {main}
CRITICAL - 2022-06-12 07:36:01 --> Undefined array key "nama"
#0 C:\xampp\htdocs\projectweb2\app\Views\admin\index.php(70): CodeIgniter\Debug\Exceptions->errorHandler(2, 'Undefined array...', 'C:\\xampp\\htdocs...', 70)
#1 C:\xampp\htdocs\projectweb2\system\View\View.php(210): include('C:\\xampp\\htdocs...')
#2 C:\xampp\htdocs\projectweb2\system\View\View.php(213): CodeIgniter\View\View->CodeIgniter\View\{closure}()
#3 C:\xampp\htdocs\projectweb2\system\Common.php(1089): CodeIgniter\View\View->render('admin/index', Array, true)
#4 C:\xampp\htdocs\projectweb2\app\Controllers\Admin.php(39): view('admin/index', Array)
#5 C:\xampp\htdocs\projectweb2\system\CodeIgniter.php(832): App\Controllers\Admin->index()
#6 C:\xampp\htdocs\projectweb2\system\CodeIgniter.php(419): CodeIgniter\CodeIgniter->runController(Object(App\Controllers\Admin))
#7 C:\xampp\htdocs\projectweb2\system\CodeIgniter.php(326): CodeIgniter\CodeIgniter->handleRequest(NULL, Object(Config\Cache), false)
#8 C:\xampp\htdocs\projectweb2\public\index.php(37): CodeIgniter\CodeIgniter->run()
#9 C:\xampp\htdocs\projectweb2\system\Commands\Server\rewrite.php(43): require_once('C:\\xampp\\htdocs...')
#10 {main}
ERROR - 2022-06-12 08:02:48 --> You have an error in your SQL syntax; check the manual that corresponds to your MariaDB server version for the right syntax to use near ':1:' at line 3
ERROR - 2022-06-12 08:03:34 --> You have an error in your SQL syntax; check the manual that corresponds to your MariaDB server version for the right syntax to use near '= '1'' at line 3
CRITICAL - 2022-06-12 08:06:25 --> You must set the database table to be used with your query.
#0 C:\xampp\htdocs\projectweb2\system\Model.php(545): CodeIgniter\Database\BaseConnection->table(NULL)
#1 C:\xampp\htdocs\projectweb2\system\Model.php(722): CodeIgniter\Model->builder()
#2 C:\xampp\htdocs\projectweb2\app\Views\admin\index.php(24): CodeIgniter\Model->__call('getUser', Array)
#3 C:\xampp\htdocs\projectweb2\system\View\View.php(210): include('C:\\xampp\\htdocs...')
#4 C:\xampp\htdocs\projectweb2\system\View\View.php(213): CodeIgniter\View\View->CodeIgniter\View\{closure}()
#5 C:\xampp\htdocs\projectweb2\system\Common.php(1089): CodeIgniter\View\View->render('admin/index', Array, true)
#6 C:\xampp\htdocs\projectweb2\app\Controllers\Admin.php(39): view('admin/index', Array)
#7 C:\xampp\htdocs\projectweb2\system\CodeIgniter.php(832): App\Controllers\Admin->index()
#8 C:\xampp\htdocs\projectweb2\system\CodeIgniter.php(419): CodeIgniter\CodeIgniter->runController(Object(App\Controllers\Admin))
#9 C:\xampp\htdocs\projectweb2\system\CodeIgniter.php(326): CodeIgniter\CodeIgniter->handleRequest(NULL, Object(Config\Cache), false)
#10 C:\xampp\htdocs\projectweb2\public\index.php(37): CodeIgniter\CodeIgniter->run()
#11 C:\xampp\htdocs\projectweb2\system\Commands\Server\rewrite.php(43): require_once('C:\\xampp\\htdocs...')
#12 {main}
CRITICAL - 2022-06-12 08:06:33 --> You must set the database table to be used with your query.
#0 C:\xampp\htdocs\projectweb2\system\Model.php(545): CodeIgniter\Database\BaseConnection->table(NULL)
#1 C:\xampp\htdocs\projectweb2\system\Model.php(722): CodeIgniter\Model->builder()
#2 C:\xampp\htdocs\projectweb2\app\Views\admin\index.php(24): CodeIgniter\Model->__call('getUser', Array)
#3 C:\xampp\htdocs\projectweb2\system\View\View.php(210): include('C:\\xampp\\htdocs...')
#4 C:\xampp\htdocs\projectweb2\system\View\View.php(213): CodeIgniter\View\View->CodeIgniter\View\{closure}()
#5 C:\xampp\htdocs\projectweb2\system\Common.php(1089): CodeIgniter\View\View->render('admin/index', Array, true)
#6 C:\xampp\htdocs\projectweb2\app\Controllers\Admin.php(39): view('admin/index', Array)
#7 C:\xampp\htdocs\projectweb2\system\CodeIgniter.php(832): App\Controllers\Admin->index()
#8 C:\xampp\htdocs\projectweb2\system\CodeIgniter.php(419): CodeIgniter\CodeIgniter->runController(Object(App\Controllers\Admin))
#9 C:\xampp\htdocs\projectweb2\system\CodeIgniter.php(326): CodeIgniter\CodeIgniter->handleRequest(NULL, Object(Config\Cache), false)
#10 C:\xampp\htdocs\projectweb2\public\index.php(37): CodeIgniter\CodeIgniter->run()
#11 C:\xampp\htdocs\projectweb2\system\Commands\Server\rewrite.php(43): require_once('C:\\xampp\\htdocs...')
#12 {main}
CRITICAL - 2022-06-12 08:08:23 --> Array to string conversion
#0 C:\xampp\htdocs\projectweb2\app\Views\admin\index.php(24): CodeIgniter\Debug\Exceptions->errorHandler(2, 'Array to string...', 'C:\\xampp\\htdocs...', 24)
#1 C:\xampp\htdocs\projectweb2\system\View\View.php(210): include('C:\\xampp\\htdocs...')
#2 C:\xampp\htdocs\projectweb2\system\View\View.php(213): CodeIgniter\View\View->CodeIgniter\View\{closure}()
#3 C:\xampp\htdocs\projectweb2\system\Common.php(1089): CodeIgniter\View\View->render('admin/index', Array, true)
#4 C:\xampp\htdocs\projectweb2\app\Controllers\Admin.php(39): view('admin/index', Array)
#5 C:\xampp\htdocs\projectweb2\system\CodeIgniter.php(832): App\Controllers\Admin->index()
#6 C:\xampp\htdocs\projectweb2\system\CodeIgniter.php(419): CodeIgniter\CodeIgniter->runController(Object(App\Controllers\Admin))
#7 C:\xampp\htdocs\projectweb2\system\CodeIgniter.php(326): CodeIgniter\CodeIgniter->handleRequest(NULL, Object(Config\Cache), false)
#8 C:\xampp\htdocs\projectweb2\public\index.php(37): CodeIgniter\CodeIgniter->run()
#9 C:\xampp\htdocs\projectweb2\system\Commands\Server\rewrite.php(43): require_once('C:\\xampp\\htdocs...')
#10 {main}
CRITICAL - 2022-06-12 08:41:59 --> Invalid file: user/member.php
#0 C:\xampp\htdocs\projectweb2\system\View\View.php(198): CodeIgniter\Exceptions\FrameworkException::forInvalidFile('user/member.php')
#1 C:\xampp\htdocs\projectweb2\system\Common.php(1089): CodeIgniter\View\View->render('user/member', Array, true)
#2 C:\xampp\htdocs\projectweb2\app\Controllers\User.php(68): view('user/member', Array)
#3 C:\xampp\htdocs\projectweb2\system\CodeIgniter.php(832): App\Controllers\User->admin()
#4 C:\xampp\htdocs\projectweb2\system\CodeIgniter.php(419): CodeIgniter\CodeIgniter->runController(Object(App\Controllers\User))
#5 C:\xampp\htdocs\projectweb2\system\CodeIgniter.php(326): CodeIgniter\CodeIgniter->handleRequest(NULL, Object(Config\Cache), false)
#6 C:\xampp\htdocs\projectweb2\public\index.php(37): CodeIgniter\CodeIgniter->run()
#7 C:\xampp\htdocs\projectweb2\system\Commands\Server\rewrite.php(43): require_once('C:\\xampp\\htdocs...')
#8 {main}
CRITICAL - 2022-06-12 09:00:58 --> Array to string conversion
#0 C:\xampp\htdocs\projectweb2\app\Views\admin\index.php(81): CodeIgniter\Debug\Exceptions->errorHandler(2, 'Array to string...', 'C:\\xampp\\htdocs...', 81)
#1 C:\xampp\htdocs\projectweb2\system\View\View.php(210): include('C:\\xampp\\htdocs...')
#2 C:\xampp\htdocs\projectweb2\system\View\View.php(213): CodeIgniter\View\View->CodeIgniter\View\{closure}()
#3 C:\xampp\htdocs\projectweb2\system\Common.php(1089): CodeIgniter\View\View->render('admin/index', Array, true)
#4 C:\xampp\htdocs\projectweb2\app\Controllers\Admin.php(39): view('admin/index', Array)
#5 C:\xampp\htdocs\projectweb2\system\CodeIgniter.php(832): App\Controllers\Admin->index()
#6 C:\xampp\htdocs\projectweb2\system\CodeIgniter.php(419): CodeIgniter\CodeIgniter->runController(Object(App\Controllers\Admin))
#7 C:\xampp\htdocs\projectweb2\system\CodeIgniter.php(326): CodeIgniter\CodeIgniter->handleRequest(NULL, Object(Config\Cache), false)
#8 C:\xampp\htdocs\projectweb2\public\index.php(37): CodeIgniter\CodeIgniter->run()
#9 C:\xampp\htdocs\projectweb2\system\Commands\Server\rewrite.php(43): require_once('C:\\xampp\\htdocs...')
#10 {main}
CRITICAL - 2022-06-12 09:01:18 --> Array to string conversion
#0 C:\xampp\htdocs\projectweb2\app\Views\admin\index.php(81): CodeIgniter\Debug\Exceptions->errorHandler(2, 'Array to string...', 'C:\\xampp\\htdocs...', 81)
#1 C:\xampp\htdocs\projectweb2\system\View\View.php(210): include('C:\\xampp\\htdocs...')
#2 C:\xampp\htdocs\projectweb2\system\View\View.php(213): CodeIgniter\View\View->CodeIgniter\View\{closure}()
#3 C:\xampp\htdocs\projectweb2\system\Common.php(1089): CodeIgniter\View\View->render('admin/index', Array, true)
#4 C:\xampp\htdocs\projectweb2\app\Controllers\Admin.php(39): view('admin/index', Array)
#5 C:\xampp\htdocs\projectweb2\system\CodeIgniter.php(832): App\Controllers\Admin->index()
#6 C:\xampp\htdocs\projectweb2\system\CodeIgniter.php(419): CodeIgniter\CodeIgniter->runController(Object(App\Controllers\Admin))
#7 C:\xampp\htdocs\projectweb2\system\CodeIgniter.php(326): CodeIgniter\CodeIgniter->handleRequest(NULL, Object(Config\Cache), false)
#8 C:\xampp\htdocs\projectweb2\public\index.php(37): CodeIgniter\CodeIgniter->run()
#9 C:\xampp\htdocs\projectweb2\system\Commands\Server\rewrite.php(43): require_once('C:\\xampp\\htdocs...')
#10 {main}
CRITICAL - 2022-06-12 09:04:44 --> Unclosed '{' on line 82
#0 C:\xampp\htdocs\projectweb2\system\View\View.php(213): CodeIgniter\View\View->CodeIgniter\View\{closure}()
#1 C:\xampp\htdocs\projectweb2\system\Common.php(1089): CodeIgniter\View\View->render('admin/index', Array, true)
#2 C:\xampp\htdocs\projectweb2\app\Controllers\Admin.php(39): view('admin/index', Array)
#3 C:\xampp\htdocs\projectweb2\system\CodeIgniter.php(832): App\Controllers\Admin->index()
#4 C:\xampp\htdocs\projectweb2\system\CodeIgniter.php(419): CodeIgniter\CodeIgniter->runController(Object(App\Controllers\Admin))
#5 C:\xampp\htdocs\projectweb2\system\CodeIgniter.php(326): CodeIgniter\CodeIgniter->handleRequest(NULL, Object(Config\Cache), false)
#6 C:\xampp\htdocs\projectweb2\public\index.php(37): CodeIgniter\CodeIgniter->run()
#7 C:\xampp\htdocs\projectweb2\system\Commands\Server\rewrite.php(43): require_once('C:\\xampp\\htdocs...')
#8 {main}
CRITICAL - 2022-06-12 09:04:45 --> Unclosed '{' on line 82
#0 C:\xampp\htdocs\projectweb2\system\View\View.php(213): CodeIgniter\View\View->CodeIgniter\View\{closure}()
#1 C:\xampp\htdocs\projectweb2\system\Common.php(1089): CodeIgniter\View\View->render('admin/index', Array, true)
#2 C:\xampp\htdocs\projectweb2\app\Controllers\Admin.php(39): view('admin/index', Array)
#3 C:\xampp\htdocs\projectweb2\system\CodeIgniter.php(832): App\Controllers\Admin->index()
#4 C:\xampp\htdocs\projectweb2\system\CodeIgniter.php(419): CodeIgniter\CodeIgniter->runController(Object(App\Controllers\Admin))
#5 C:\xampp\htdocs\projectweb2\system\CodeIgniter.php(326): CodeIgniter\CodeIgniter->handleRequest(NULL, Object(Config\Cache), false)
#6 C:\xampp\htdocs\projectweb2\public\index.php(37): CodeIgniter\CodeIgniter->run()
#7 C:\xampp\htdocs\projectweb2\system\Commands\Server\rewrite.php(43): require_once('C:\\xampp\\htdocs...')
#8 {main}
CRITICAL - 2022-06-12 09:10:19 --> Trying to access array offset on value of type null
#0 C:\xampp\htdocs\projectweb2\app\Views\user\ubahmahasiswa.php(5): CodeIgniter\Debug\Exceptions->errorHandler(2, 'Trying to acces...', 'C:\\xampp\\htdocs...', 5)
#1 C:\xampp\htdocs\projectweb2\system\View\View.php(210): include('C:\\xampp\\htdocs...')
#2 C:\xampp\htdocs\projectweb2\system\View\View.php(213): CodeIgniter\View\View->CodeIgniter\View\{closure}()
#3 C:\xampp\htdocs\projectweb2\system\Common.php(1089): CodeIgniter\View\View->render('user/ubahmahasi...', Array, true)
#4 C:\xampp\htdocs\projectweb2\app\Controllers\User.php(118): view('user/ubahmahasi...', Array)
#5 C:\xampp\htdocs\projectweb2\system\CodeIgniter.php(832): App\Controllers\User->ubahmahasiswa('admin')
#6 C:\xampp\htdocs\projectweb2\system\CodeIgniter.php(419): CodeIgniter\CodeIgniter->runController(Object(App\Controllers\User))
#7 C:\xampp\htdocs\projectweb2\system\CodeIgniter.php(326): CodeIgniter\CodeIgniter->handleRequest(NULL, Object(Config\Cache), false)
#8 C:\xampp\htdocs\projectweb2\public\index.php(37): CodeIgniter\CodeIgniter->run()
#9 C:\xampp\htdocs\projectweb2\system\Commands\Server\rewrite.php(43): require_once('C:\\xampp\\htdocs...')
#10 {main}
ERROR - 2022-06-12 09:11:34 --> You have an error in your SQL syntax; check the manual that corresponds to your MariaDB server version for the right syntax to use near ':0:' at line 4
CRITICAL - 2022-06-12 09:11:34 --> Call to a member function getResultArray() on bool
#0 C:\xampp\htdocs\projectweb2\system\CodeIgniter.php(832): App\Controllers\Admin->index()
#1 C:\xampp\htdocs\projectweb2\system\CodeIgniter.php(419): CodeIgniter\CodeIgniter->runController(Object(App\Controllers\Admin))
#2 C:\xampp\htdocs\projectweb2\system\CodeIgniter.php(326): CodeIgniter\CodeIgniter->handleRequest(NULL, Object(Config\Cache), false)
#3 C:\xampp\htdocs\projectweb2\public\index.php(37): CodeIgniter\CodeIgniter->run()
#4 C:\xampp\htdocs\projectweb2\system\Commands\Server\rewrite.php(43): require_once('C:\\xampp\\htdocs...')
#5 {main}
ERROR - 2022-06-12 09:11:57 --> You have an error in your SQL syntax; check the manual that corresponds to your MariaDB server version for the right syntax to use near ':0:' at line 4
CRITICAL - 2022-06-12 09:11:57 --> Call to a member function getRowArray() on bool
#0 C:\xampp\htdocs\projectweb2\system\CodeIgniter.php(832): App\Controllers\Admin->index()
#1 C:\xampp\htdocs\projectweb2\system\CodeIgniter.php(419): CodeIgniter\CodeIgniter->runController(Object(App\Controllers\Admin))
#2 C:\xampp\htdocs\projectweb2\system\CodeIgniter.php(326): CodeIgniter\CodeIgniter->handleRequest(NULL, Object(Config\Cache), false)
#3 C:\xampp\htdocs\projectweb2\public\index.php(37): CodeIgniter\CodeIgniter->run()
#4 C:\xampp\htdocs\projectweb2\system\Commands\Server\rewrite.php(43): require_once('C:\\xampp\\htdocs...')
#5 {main}
CRITICAL - 2022-06-12 09:12:10 --> Cannot access offset of type string on string
#0 C:\xampp\htdocs\projectweb2\system\View\View.php(210): include()
#1 C:\xampp\htdocs\projectweb2\system\View\View.php(213): CodeIgniter\View\View->CodeIgniter\View\{closure}()
#2 C:\xampp\htdocs\projectweb2\system\Common.php(1089): CodeIgniter\View\View->render('admin/index', Array, true)
#3 C:\xampp\htdocs\projectweb2\app\Controllers\Admin.php(39): view('admin/index', Array)
#4 C:\xampp\htdocs\projectweb2\system\CodeIgniter.php(832): App\Controllers\Admin->index()
#5 C:\xampp\htdocs\projectweb2\system\CodeIgniter.php(419): CodeIgniter\CodeIgniter->runController(Object(App\Controllers\Admin))
#6 C:\xampp\htdocs\projectweb2\system\CodeIgniter.php(326): CodeIgniter\CodeIgniter->handleRequest(NULL, Object(Config\Cache), false)
#7 C:\xampp\htdocs\projectweb2\public\index.php(37): CodeIgniter\CodeIgniter->run()
#8 C:\xampp\htdocs\projectweb2\system\Commands\Server\rewrite.php(43): require_once('C:\\xampp\\htdocs...')
#9 {main}
CRITICAL - 2022-06-12 09:12:17 --> Cannot use object of type stdClass as array
#0 C:\xampp\htdocs\projectweb2\system\View\View.php(210): include()
#1 C:\xampp\htdocs\projectweb2\system\View\View.php(213): CodeIgniter\View\View->CodeIgniter\View\{closure}()
#2 C:\xampp\htdocs\projectweb2\system\Common.php(1089): CodeIgniter\View\View->render('admin/index', Array, true)
#3 C:\xampp\htdocs\projectweb2\app\Controllers\Admin.php(39): view('admin/index', Array)
#4 C:\xampp\htdocs\projectweb2\system\CodeIgniter.php(832): App\Controllers\Admin->index()
#5 C:\xampp\htdocs\projectweb2\system\CodeIgniter.php(419): CodeIgniter\CodeIgniter->runController(Object(App\Controllers\Admin))
#6 C:\xampp\htdocs\projectweb2\system\CodeIgniter.php(326): CodeIgniter\CodeIgniter->handleRequest(NULL, Object(Config\Cache), false)
#7 C:\xampp\htdocs\projectweb2\public\index.php(37): CodeIgniter\CodeIgniter->run()
#8 C:\xampp\htdocs\projectweb2\system\Commands\Server\rewrite.php(43): require_once('C:\\xampp\\htdocs...')
#9 {main}
CRITICAL - 2022-06-12 09:13:13 --> Invalid file: user/member.php
#0 C:\xampp\htdocs\projectweb2\system\View\View.php(198): CodeIgniter\Exceptions\FrameworkException::forInvalidFile('user/member.php')
#1 C:\xampp\htdocs\projectweb2\system\Common.php(1089): CodeIgniter\View\View->render('user/member', Array, true)
#2 C:\xampp\htdocs\projectweb2\app\Controllers\User.php(54): view('user/member', Array)
#3 C:\xampp\htdocs\projectweb2\system\CodeIgniter.php(832): App\Controllers\User->member()
#4 C:\xampp\htdocs\projectweb2\system\CodeIgniter.php(419): CodeIgniter\CodeIgniter->runController(Object(App\Controllers\User))
#5 C:\xampp\htdocs\projectweb2\system\CodeIgniter.php(326): CodeIgniter\CodeIgniter->handleRequest(NULL, Object(Config\Cache), false)
#6 C:\xampp\htdocs\projectweb2\public\index.php(37): CodeIgniter\CodeIgniter->run()
#7 C:\xampp\htdocs\projectweb2\system\Commands\Server\rewrite.php(43): require_once('C:\\xampp\\htdocs...')
#8 {main}
CRITICAL - 2022-06-12 09:22:51 --> Undefined array key "aktif"
#0 C:\xampp\htdocs\projectweb2\app\Controllers\Admin.php(48): CodeIgniter\Debug\Exceptions->errorHandler(2, 'Undefined array...', 'C:\\xampp\\htdocs...', 48)
#1 C:\xampp\htdocs\projectweb2\system\CodeIgniter.php(832): App\Controllers\Admin->aktif()
#2 C:\xampp\htdocs\projectweb2\system\CodeIgniter.php(419): CodeIgniter\CodeIgniter->runController(Object(App\Controllers\Admin))
#3 C:\xampp\htdocs\projectweb2\system\CodeIgniter.php(326): CodeIgniter\CodeIgniter->handleRequest(NULL, Object(Config\Cache), false)
#4 C:\xampp\htdocs\projectweb2\public\index.php(37): CodeIgniter\CodeIgniter->run()
#5 C:\xampp\htdocs\projectweb2\system\Commands\Server\rewrite.php(43): require_once('C:\\xampp\\htdocs...')
#6 {main}
CRITICAL - 2022-06-12 09:26:40 --> Undefined array key "aktif"
#0 C:\xampp\htdocs\projectweb2\app\Controllers\Admin.php(48): CodeIgniter\Debug\Exceptions->errorHandler(2, 'Undefined array...', 'C:\\xampp\\htdocs...', 48)
#1 C:\xampp\htdocs\projectweb2\system\CodeIgniter.php(832): App\Controllers\Admin->aktif()
#2 C:\xampp\htdocs\projectweb2\system\CodeIgniter.php(419): CodeIgniter\CodeIgniter->runController(Object(App\Controllers\Admin))
#3 C:\xampp\htdocs\projectweb2\system\CodeIgniter.php(326): CodeIgniter\CodeIgniter->handleRequest(NULL, Object(Config\Cache), false)
#4 C:\xampp\htdocs\projectweb2\public\index.php(37): CodeIgniter\CodeIgniter->run()
#5 C:\xampp\htdocs\projectweb2\system\Commands\Server\rewrite.php(43): require_once('C:\\xampp\\htdocs...')
#6 {main}
CRITICAL - 2022-06-12 09:32:06 --> Invalid file: user/member.php
#0 C:\xampp\htdocs\projectweb2\system\View\View.php(198): CodeIgniter\Exceptions\FrameworkException::forInvalidFile('user/member.php')
#1 C:\xampp\htdocs\projectweb2\system\Common.php(1089): CodeIgniter\View\View->render('user/member', Array, true)
#2 C:\xampp\htdocs\projectweb2\app\Controllers\User.php(68): view('user/member', Array)
#3 C:\xampp\htdocs\projectweb2\system\CodeIgniter.php(832): App\Controllers\User->admin()
#4 C:\xampp\htdocs\projectweb2\system\CodeIgniter.php(419): CodeIgniter\CodeIgniter->runController(Object(App\Controllers\User))
#5 C:\xampp\htdocs\projectweb2\system\CodeIgniter.php(326): CodeIgniter\CodeIgniter->handleRequest(NULL, Object(Config\Cache), false)
#6 C:\xampp\htdocs\projectweb2\public\index.php(37): CodeIgniter\CodeIgniter->run()
#7 C:\xampp\htdocs\projectweb2\system\Commands\Server\rewrite.php(43): require_once('C:\\xampp\\htdocs...')
#8 {main}
CRITICAL - 2022-06-12 09:35:28 -->  route cannot be found while reverse-routing.
#0 C:\xampp\htdocs\projectweb2\system\HTTP\RedirectResponse.php(56): CodeIgniter\HTTP\Exceptions\HTTPException::forInvalidRedirectRoute('')
#1 C:\xampp\htdocs\projectweb2\system\Common.php(832): CodeIgniter\HTTP\RedirectResponse->route(false)
#2 C:\xampp\htdocs\projectweb2\app\Controllers\Kuliah.php(17): redirect('kuliah/mahasisw...')
#3 C:\xampp\htdocs\projectweb2\system\CodeIgniter.php(832): App\Controllers\Kuliah->index()
#4 C:\xampp\htdocs\projectweb2\system\CodeIgniter.php(419): CodeIgniter\CodeIgniter->runController(Object(App\Controllers\Kuliah))
#5 C:\xampp\htdocs\projectweb2\system\CodeIgniter.php(326): CodeIgniter\CodeIgniter->handleRequest(NULL, Object(Config\Cache), false)
#6 C:\xampp\htdocs\projectweb2\public\index.php(37): CodeIgniter\CodeIgniter->run()
#7 C:\xampp\htdocs\projectweb2\system\Commands\Server\rewrite.php(43): require_once('C:\\xampp\\htdocs...')
#8 {main}
CRITICAL - 2022-06-12 09:45:41 --> Undefined property: CodeIgniter\View\View::$db
#0 C:\xampp\htdocs\projectweb2\app\Views\admin\index.php(87): CodeIgniter\Debug\Exceptions->errorHandler(2, 'Undefined prope...', 'C:\\xampp\\htdocs...', 87)
#1 C:\xampp\htdocs\projectweb2\system\View\View.php(210): include('C:\\xampp\\htdocs...')
#2 C:\xampp\htdocs\projectweb2\system\View\View.php(213): CodeIgniter\View\View->CodeIgniter\View\{closure}()
#3 C:\xampp\htdocs\projectweb2\system\Common.php(1089): CodeIgniter\View\View->render('admin/index', Array, true)
#4 C:\xampp\htdocs\projectweb2\app\Controllers\Admin.php(39): view('admin/index', Array)
#5 C:\xampp\htdocs\projectweb2\system\CodeIgniter.php(832): App\Controllers\Admin->index()
#6 C:\xampp\htdocs\projectweb2\system\CodeIgniter.php(419): CodeIgniter\CodeIgniter->runController(Object(App\Controllers\Admin))
#7 C:\xampp\htdocs\projectweb2\system\CodeIgniter.php(326): CodeIgniter\CodeIgniter->handleRequest(NULL, Object(Config\Cache), false)
#8 C:\xampp\htdocs\projectweb2\public\index.php(37): CodeIgniter\CodeIgniter->run()
#9 C:\xampp\htdocs\projectweb2\system\Commands\Server\rewrite.php(43): require_once('C:\\xampp\\htdocs...')
#10 {main}
CRITICAL - 2022-06-12 09:46:33 --> Undefined property: CodeIgniter\View\View::$db
#0 C:\xampp\htdocs\projectweb2\app\Views\admin\index.php(87): CodeIgniter\Debug\Exceptions->errorHandler(2, 'Undefined prope...', 'C:\\xampp\\htdocs...', 87)
#1 C:\xampp\htdocs\projectweb2\system\View\View.php(210): include('C:\\xampp\\htdocs...')
#2 C:\xampp\htdocs\projectweb2\system\View\View.php(213): CodeIgniter\View\View->CodeIgniter\View\{closure}()
#3 C:\xampp\htdocs\projectweb2\system\Common.php(1089): CodeIgniter\View\View->render('admin/index', Array, true)
#4 C:\xampp\htdocs\projectweb2\app\Controllers\Admin.php(39): view('admin/index', Array)
#5 C:\xampp\htdocs\projectweb2\system\CodeIgniter.php(832): App\Controllers\Admin->index()
#6 C:\xampp\htdocs\projectweb2\system\CodeIgniter.php(419): CodeIgniter\CodeIgniter->runController(Object(App\Controllers\Admin))
#7 C:\xampp\htdocs\projectweb2\system\CodeIgniter.php(326): CodeIgniter\CodeIgniter->handleRequest(NULL, Object(Config\Cache), false)
#8 C:\xampp\htdocs\projectweb2\public\index.php(37): CodeIgniter\CodeIgniter->run()
#9 C:\xampp\htdocs\projectweb2\system\Commands\Server\rewrite.php(43): require_once('C:\\xampp\\htdocs...')
#10 {main}
CRITICAL - 2022-06-12 09:46:49 --> Undefined property: CodeIgniter\View\View::$db
#0 C:\xampp\htdocs\projectweb2\app\Views\admin\index.php(87): CodeIgniter\Debug\Exceptions->errorHandler(2, 'Undefined prope...', 'C:\\xampp\\htdocs...', 87)
#1 C:\xampp\htdocs\projectweb2\system\View\View.php(210): include('C:\\xampp\\htdocs...')
#2 C:\xampp\htdocs\projectweb2\system\View\View.php(213): CodeIgniter\View\View->CodeIgniter\View\{closure}()
#3 C:\xampp\htdocs\projectweb2\system\Common.php(1089): CodeIgniter\View\View->render('admin/index', Array, true)
#4 C:\xampp\htdocs\projectweb2\app\Controllers\Admin.php(39): view('admin/index', Array)
#5 C:\xampp\htdocs\projectweb2\system\CodeIgniter.php(832): App\Controllers\Admin->index()
#6 C:\xampp\htdocs\projectweb2\system\CodeIgniter.php(419): CodeIgniter\CodeIgniter->runController(Object(App\Controllers\Admin))
#7 C:\xampp\htdocs\projectweb2\system\CodeIgniter.php(326): CodeIgniter\CodeIgniter->handleRequest(NULL, Object(Config\Cache), false)
#8 C:\xampp\htdocs\projectweb2\public\index.php(37): CodeIgniter\CodeIgniter->run()
#9 C:\xampp\htdocs\projectweb2\system\Commands\Server\rewrite.php(43): require_once('C:\\xampp\\htdocs...')
#10 {main}
CRITICAL - 2022-06-12 09:49:11 --> You must set the database table to be used with your query.
#0 C:\xampp\htdocs\projectweb2\system\Model.php(545): CodeIgniter\Database\BaseConnection->table(NULL)
#1 C:\xampp\htdocs\projectweb2\system\Model.php(722): CodeIgniter\Model->builder()
#2 C:\xampp\htdocs\projectweb2\app\Views\admin\index.php(87): CodeIgniter\Model->__call('table', Array)
#3 C:\xampp\htdocs\projectweb2\system\View\View.php(210): include('C:\\xampp\\htdocs...')
#4 C:\xampp\htdocs\projectweb2\system\View\View.php(213): CodeIgniter\View\View->CodeIgniter\View\{closure}()
#5 C:\xampp\htdocs\projectweb2\system\Common.php(1089): CodeIgniter\View\View->render('admin/index', Array, true)
#6 C:\xampp\htdocs\projectweb2\app\Controllers\Admin.php(39): view('admin/index', Array)
#7 C:\xampp\htdocs\projectweb2\system\CodeIgniter.php(832): App\Controllers\Admin->index()
#8 C:\xampp\htdocs\projectweb2\system\CodeIgniter.php(419): CodeIgniter\CodeIgniter->runController(Object(App\Controllers\Admin))
#9 C:\xampp\htdocs\projectweb2\system\CodeIgniter.php(326): CodeIgniter\CodeIgniter->handleRequest(NULL, Object(Config\Cache), false)
#10 C:\xampp\htdocs\projectweb2\public\index.php(37): CodeIgniter\CodeIgniter->run()
#11 C:\xampp\htdocs\projectweb2\system\Commands\Server\rewrite.php(43): require_once('C:\\xampp\\htdocs...')
#12 {main}
CRITICAL - 2022-06-12 09:57:44 --> Undefined property: CodeIgniter\View\View::$db
#0 C:\xampp\htdocs\projectweb2\app\Views\admin\index.php(87): CodeIgniter\Debug\Exceptions->errorHandler(2, 'Undefined prope...', 'C:\\xampp\\htdocs...', 87)
#1 C:\xampp\htdocs\projectweb2\system\View\View.php(210): include('C:\\xampp\\htdocs...')
#2 C:\xampp\htdocs\projectweb2\system\View\View.php(213): CodeIgniter\View\View->CodeIgniter\View\{closure}()
#3 C:\xampp\htdocs\projectweb2\system\Common.php(1089): CodeIgniter\View\View->render('admin/index', Array, true)
#4 C:\xampp\htdocs\projectweb2\app\Controllers\Admin.php(39): view('admin/index', Array)
#5 C:\xampp\htdocs\projectweb2\system\CodeIgniter.php(832): App\Controllers\Admin->index()
#6 C:\xampp\htdocs\projectweb2\system\CodeIgniter.php(419): CodeIgniter\CodeIgniter->runController(Object(App\Controllers\Admin))
#7 C:\xampp\htdocs\projectweb2\system\CodeIgniter.php(326): CodeIgniter\CodeIgniter->handleRequest(NULL, Object(Config\Cache), false)
#8 C:\xampp\htdocs\projectweb2\public\index.php(37): CodeIgniter\CodeIgniter->run()
#9 C:\xampp\htdocs\projectweb2\system\Commands\Server\rewrite.php(43): require_once('C:\\xampp\\htdocs...')
#10 {main}
CRITICAL - 2022-06-12 10:17:24 --> syntax error, unexpected token "}"
#0 C:\xampp\htdocs\projectweb2\system\Router\Router.php(175): CodeIgniter\Router\Router->autoRoute('/admin')
#1 C:\xampp\htdocs\projectweb2\system\CodeIgniter.php(726): CodeIgniter\Router\Router->handle('/admin')
#2 C:\xampp\htdocs\projectweb2\system\CodeIgniter.php(368): CodeIgniter\CodeIgniter->tryToRouteIt(Object(CodeIgniter\Router\RouteCollection))
#3 C:\xampp\htdocs\projectweb2\system\CodeIgniter.php(326): CodeIgniter\CodeIgniter->handleRequest(NULL, Object(Config\Cache), false)
#4 C:\xampp\htdocs\projectweb2\public\index.php(37): CodeIgniter\CodeIgniter->run()
#5 C:\xampp\htdocs\projectweb2\system\Commands\Server\rewrite.php(43): require_once('C:\\xampp\\htdocs...')
#6 {main}
CRITICAL - 2022-06-12 10:20:23 --> Call to undefined function App\Helpers\cek_login()
#0 C:\xampp\htdocs\projectweb2\system\CodeIgniter.php(832): App\Controllers\Admin->aktif()
#1 C:\xampp\htdocs\projectweb2\system\CodeIgniter.php(419): CodeIgniter\CodeIgniter->runController(Object(App\Controllers\Admin))
#2 C:\xampp\htdocs\projectweb2\system\CodeIgniter.php(326): CodeIgniter\CodeIgniter->handleRequest(NULL, Object(Config\Cache), false)
#3 C:\xampp\htdocs\projectweb2\public\index.php(37): CodeIgniter\CodeIgniter->run()
#4 C:\xampp\htdocs\projectweb2\system\Commands\Server\rewrite.php(43): require_once('C:\\xampp\\htdocs...')
#5 {main}
CRITICAL - 2022-06-12 10:20:35 --> Call to undefined function App\Helpers\cek_login()
#0 C:\xampp\htdocs\projectweb2\system\CodeIgniter.php(832): App\Controllers\Admin->aktif()
#1 C:\xampp\htdocs\projectweb2\system\CodeIgniter.php(419): CodeIgniter\CodeIgniter->runController(Object(App\Controllers\Admin))
#2 C:\xampp\htdocs\projectweb2\system\CodeIgniter.php(326): CodeIgniter\CodeIgniter->handleRequest(NULL, Object(Config\Cache), false)
#3 C:\xampp\htdocs\projectweb2\public\index.php(37): CodeIgniter\CodeIgniter->run()
#4 C:\xampp\htdocs\projectweb2\system\Commands\Server\rewrite.php(43): require_once('C:\\xampp\\htdocs...')
#5 {main}
CRITICAL - 2022-06-12 10:20:40 --> Call to undefined function App\Helpers\cek_login()
#0 C:\xampp\htdocs\projectweb2\system\CodeIgniter.php(832): App\Controllers\Admin->aktif('1')
#1 C:\xampp\htdocs\projectweb2\system\CodeIgniter.php(419): CodeIgniter\CodeIgniter->runController(Object(App\Controllers\Admin))
#2 C:\xampp\htdocs\projectweb2\system\CodeIgniter.php(326): CodeIgniter\CodeIgniter->handleRequest(NULL, Object(Config\Cache), false)
#3 C:\xampp\htdocs\projectweb2\public\index.php(37): CodeIgniter\CodeIgniter->run()
#4 C:\xampp\htdocs\projectweb2\system\Commands\Server\rewrite.php(43): require_once('C:\\xampp\\htdocs...')
#5 {main}
CRITICAL - 2022-06-12 10:21:54 --> Call to undefined function App\Helpers\cek_login()
#0 C:\xampp\htdocs\projectweb2\system\CodeIgniter.php(832): App\Controllers\Admin->aktif()
#1 C:\xampp\htdocs\projectweb2\system\CodeIgniter.php(419): CodeIgniter\CodeIgniter->runController(Object(App\Controllers\Admin))
#2 C:\xampp\htdocs\projectweb2\system\CodeIgniter.php(326): CodeIgniter\CodeIgniter->handleRequest(NULL, Object(Config\Cache), false)
#3 C:\xampp\htdocs\projectweb2\public\index.php(37): CodeIgniter\CodeIgniter->run()
#4 C:\xampp\htdocs\projectweb2\system\Commands\Server\rewrite.php(43): require_once('C:\\xampp\\htdocs...')
#5 {main}
CRITICAL - 2022-06-12 10:21:57 --> Call to undefined function App\Helpers\cek_login()
#0 C:\xampp\htdocs\projectweb2\system\CodeIgniter.php(832): App\Controllers\Admin->aktif('1')
#1 C:\xampp\htdocs\projectweb2\system\CodeIgniter.php(419): CodeIgniter\CodeIgniter->runController(Object(App\Controllers\Admin))
#2 C:\xampp\htdocs\projectweb2\system\CodeIgniter.php(326): CodeIgniter\CodeIgniter->handleRequest(NULL, Object(Config\Cache), false)
#3 C:\xampp\htdocs\projectweb2\public\index.php(37): CodeIgniter\CodeIgniter->run()
#4 C:\xampp\htdocs\projectweb2\system\Commands\Server\rewrite.php(43): require_once('C:\\xampp\\htdocs...')
#5 {main}
CRITICAL - 2022-06-12 10:22:02 --> Call to undefined function App\Helpers\cek_login()
#0 C:\xampp\htdocs\projectweb2\system\CodeIgniter.php(832): App\Controllers\Admin->aktif()
#1 C:\xampp\htdocs\projectweb2\system\CodeIgniter.php(419): CodeIgniter\CodeIgniter->runController(Object(App\Controllers\Admin))
#2 C:\xampp\htdocs\projectweb2\system\CodeIgniter.php(326): CodeIgniter\CodeIgniter->handleRequest(NULL, Object(Config\Cache), false)
#3 C:\xampp\htdocs\projectweb2\public\index.php(37): CodeIgniter\CodeIgniter->run()
#4 C:\xampp\htdocs\projectweb2\system\Commands\Server\rewrite.php(43): require_once('C:\\xampp\\htdocs...')
#5 {main}
CRITICAL - 2022-06-12 10:22:10 --> Call to undefined function App\Helpers\cek_login()
#0 C:\xampp\htdocs\projectweb2\system\CodeIgniter.php(832): App\Controllers\Admin->aktif('100')
#1 C:\xampp\htdocs\projectweb2\system\CodeIgniter.php(419): CodeIgniter\CodeIgniter->runController(Object(App\Controllers\Admin))
#2 C:\xampp\htdocs\projectweb2\system\CodeIgniter.php(326): CodeIgniter\CodeIgniter->handleRequest(NULL, Object(Config\Cache), false)
#3 C:\xampp\htdocs\projectweb2\public\index.php(37): CodeIgniter\CodeIgniter->run()
#4 C:\xampp\htdocs\projectweb2\system\Commands\Server\rewrite.php(43): require_once('C:\\xampp\\htdocs...')
#5 {main}
CRITICAL - 2022-06-12 10:23:26 --> Call to undefined function App\Helpers\cek_login()
#0 C:\xampp\htdocs\projectweb2\system\CodeIgniter.php(832): App\Controllers\Admin->aktif('15200318')
#1 C:\xampp\htdocs\projectweb2\system\CodeIgniter.php(419): CodeIgniter\CodeIgniter->runController(Object(App\Controllers\Admin))
#2 C:\xampp\htdocs\projectweb2\system\CodeIgniter.php(326): CodeIgniter\CodeIgniter->handleRequest(NULL, Object(Config\Cache), false)
#3 C:\xampp\htdocs\projectweb2\public\index.php(37): CodeIgniter\CodeIgniter->run()
#4 C:\xampp\htdocs\projectweb2\system\Commands\Server\rewrite.php(43): require_once('C:\\xampp\\htdocs...')
#5 {main}
CRITICAL - 2022-06-12 10:25:27 --> Call to undefined function App\Helpers\cek_login()
#0 C:\xampp\htdocs\projectweb2\system\CodeIgniter.php(832): App\Controllers\Admin->aktif('15200318')
#1 C:\xampp\htdocs\projectweb2\system\CodeIgniter.php(419): CodeIgniter\CodeIgniter->runController(Object(App\Controllers\Admin))
#2 C:\xampp\htdocs\projectweb2\system\CodeIgniter.php(326): CodeIgniter\CodeIgniter->handleRequest(NULL, Object(Config\Cache), false)
#3 C:\xampp\htdocs\projectweb2\public\index.php(37): CodeIgniter\CodeIgniter->run()
#4 C:\xampp\htdocs\projectweb2\system\Commands\Server\rewrite.php(43): require_once('C:\\xampp\\htdocs...')
#5 {main}
CRITICAL - 2022-06-12 10:25:29 --> Call to undefined function App\Helpers\cek_login()
#0 C:\xampp\htdocs\projectweb2\system\CodeIgniter.php(832): App\Controllers\Admin->aktif('15200318')
#1 C:\xampp\htdocs\projectweb2\system\CodeIgniter.php(419): CodeIgniter\CodeIgniter->runController(Object(App\Controllers\Admin))
#2 C:\xampp\htdocs\projectweb2\system\CodeIgniter.php(326): CodeIgniter\CodeIgniter->handleRequest(NULL, Object(Config\Cache), false)
#3 C:\xampp\htdocs\projectweb2\public\index.php(37): CodeIgniter\CodeIgniter->run()
#4 C:\xampp\htdocs\projectweb2\system\Commands\Server\rewrite.php(43): require_once('C:\\xampp\\htdocs...')
#5 {main}
CRITICAL - 2022-06-12 10:26:06 --> Call to undefined function App\Helpers\cek_login()
#0 C:\xampp\htdocs\projectweb2\system\CodeIgniter.php(832): App\Controllers\Admin->aktif('15200318')
#1 C:\xampp\htdocs\projectweb2\system\CodeIgniter.php(419): CodeIgniter\CodeIgniter->runController(Object(App\Controllers\Admin))
#2 C:\xampp\htdocs\projectweb2\system\CodeIgniter.php(326): CodeIgniter\CodeIgniter->handleRequest(NULL, Object(Config\Cache), false)
#3 C:\xampp\htdocs\projectweb2\public\index.php(37): CodeIgniter\CodeIgniter->run()
#4 C:\xampp\htdocs\projectweb2\system\Commands\Server\rewrite.php(43): require_once('C:\\xampp\\htdocs...')
#5 {main}
