CRITICAL - 2022-11-26 21:49:50 --> Trying to access array offset on value of type null
#0 C:\xampp\htdocs\E-Learning-WP3\app\Controllers\Kuliah.php(35): CodeIgniter\Debug\Exceptions->errorHandler(2, 'Trying to acces...', 'C:\\xampp\\htdocs...', 35)
#1 C:\xampp\htdocs\E-Learning-WP3\system\CodeIgniter.php(832): App\Controllers\Kuliah->materi()
#2 C:\xampp\htdocs\E-Learning-WP3\system\CodeIgniter.php(419): CodeIgniter\CodeIgniter->runController(Object(App\Controllers\Kuliah))
#3 C:\xampp\htdocs\E-Learning-WP3\system\CodeIgniter.php(326): CodeIgniter\CodeIgniter->handleRequest(NULL, Object(Config\Cache), false)
#4 C:\xampp\htdocs\E-Learning-WP3\public\index.php(37): CodeIgniter\CodeIgniter->run()
#5 C:\xampp\htdocs\E-Learning-WP3\system\Commands\Server\rewrite.php(43): require_once('C:\\xampp\\htdocs...')
#6 {main}
CRITICAL - 2022-11-26 22:02:50 --> Trying to access array offset on value of type null
#0 C:\xampp\htdocs\E-Learning-WP3\app\Controllers\Kuliah.php(57): CodeIgniter\Debug\Exceptions->errorHandler(2, 'Trying to acces...', 'C:\\xampp\\htdocs...', 57)
#1 C:\xampp\htdocs\E-Learning-WP3\system\CodeIgniter.php(832): App\Controllers\Kuliah->tugas('N')
#2 C:\xampp\htdocs\E-Learning-WP3\system\CodeIgniter.php(419): CodeIgniter\CodeIgniter->runController(Object(App\Controllers\Kuliah))
#3 C:\xampp\htdocs\E-Learning-WP3\system\CodeIgniter.php(326): CodeIgniter\CodeIgniter->handleRequest(NULL, Object(Config\Cache), false)
#4 C:\xampp\htdocs\E-Learning-WP3\public\index.php(37): CodeIgniter\CodeIgniter->run()
#5 C:\xampp\htdocs\E-Learning-WP3\system\Commands\Server\rewrite.php(43): require_once('C:\\xampp\\htdocs...')
#6 {main}
CRITICAL - 2022-11-26 22:02:54 --> Trying to access array offset on value of type null
#0 C:\xampp\htdocs\E-Learning-WP3\app\Controllers\Kuliah.php(57): CodeIgniter\Debug\Exceptions->errorHandler(2, 'Trying to acces...', 'C:\\xampp\\htdocs...', 57)
#1 C:\xampp\htdocs\E-Learning-WP3\system\CodeIgniter.php(832): App\Controllers\Kuliah->tugas('Ng')
#2 C:\xampp\htdocs\E-Learning-WP3\system\CodeIgniter.php(419): CodeIgniter\CodeIgniter->runController(Object(App\Controllers\Kuliah))
#3 C:\xampp\htdocs\E-Learning-WP3\system\CodeIgniter.php(326): CodeIgniter\CodeIgniter->handleRequest(NULL, Object(Config\Cache), false)
#4 C:\xampp\htdocs\E-Learning-WP3\public\index.php(37): CodeIgniter\CodeIgniter->run()
#5 C:\xampp\htdocs\E-Learning-WP3\system\Commands\Server\rewrite.php(43): require_once('C:\\xampp\\htdocs...')
#6 {main}
CRITICAL - 2022-11-26 22:02:59 --> Trying to access array offset on value of type null
#0 C:\xampp\htdocs\E-Learning-WP3\app\Controllers\Kuliah.php(57): CodeIgniter\Debug\Exceptions->errorHandler(2, 'Trying to acces...', 'C:\\xampp\\htdocs...', 57)
#1 C:\xampp\htdocs\E-Learning-WP3\system\CodeIgniter.php(832): App\Controllers\Kuliah->tugas('Na')
#2 C:\xampp\htdocs\E-Learning-WP3\system\CodeIgniter.php(419): CodeIgniter\CodeIgniter->runController(Object(App\Controllers\Kuliah))
#3 C:\xampp\htdocs\E-Learning-WP3\system\CodeIgniter.php(326): CodeIgniter\CodeIgniter->handleRequest(NULL, Object(Config\Cache), false)
#4 C:\xampp\htdocs\E-Learning-WP3\public\index.php(37): CodeIgniter\CodeIgniter->run()
#5 C:\xampp\htdocs\E-Learning-WP3\system\Commands\Server\rewrite.php(43): require_once('C:\\xampp\\htdocs...')
#6 {main}
