CRITICAL - 2022-06-10 21:14:57 --> Undefined array key "email"
#0 C:\xampp\htdocs\projectweb2\app\Controllers\Autentifikasi.php(35): CodeIgniter\Debug\Exceptions->errorHandler(2, 'Undefined array...', 'C:\\xampp\\htdocs...', 35)
#1 C:\xampp\htdocs\projectweb2\app\Controllers\Autentifikasi.php(93): App\Controllers\Autentifikasi->_login()
#2 C:\xampp\htdocs\projectweb2\system\CodeIgniter.php(832): App\Controllers\Autentifikasi->cek()
#3 C:\xampp\htdocs\projectweb2\system\CodeIgniter.php(419): CodeIgniter\CodeIgniter->runController(Object(App\Controllers\Autentifikasi))
#4 C:\xampp\htdocs\projectweb2\system\CodeIgniter.php(326): CodeIgniter\CodeIgniter->handleRequest(NULL, Object(Config\Cache), false)
#5 C:\xampp\htdocs\projectweb2\public\index.php(37): CodeIgniter\CodeIgniter->run()
#6 C:\xampp\htdocs\projectweb2\system\Commands\Server\rewrite.php(43): require_once('C:\\xampp\\htdocs...')
#7 {main}
ERROR - 2022-06-10 21:16:52 --> Unknown column 'email' in 'where clause'
CRITICAL - 2022-06-10 21:16:52 --> Call to a member function getRowArray() on bool
#0 C:\xampp\htdocs\projectweb2\system\CodeIgniter.php(832): App\Controllers\Admin->index()
#1 C:\xampp\htdocs\projectweb2\system\CodeIgniter.php(419): CodeIgniter\CodeIgniter->runController(Object(App\Controllers\Admin))
#2 C:\xampp\htdocs\projectweb2\system\CodeIgniter.php(326): CodeIgniter\CodeIgniter->handleRequest(NULL, Object(Config\Cache), false)
#3 C:\xampp\htdocs\projectweb2\public\index.php(37): CodeIgniter\CodeIgniter->run()
#4 C:\xampp\htdocs\projectweb2\system\Commands\Server\rewrite.php(43): require_once('C:\\xampp\\htdocs...')
#5 {main}
ERROR - 2022-06-10 21:19:37 --> Unknown column 'email' in 'where clause'
CRITICAL - 2022-06-10 21:19:37 --> Call to a member function getRowArray() on bool
#0 C:\xampp\htdocs\projectweb2\system\CodeIgniter.php(832): App\Controllers\Admin->index()
#1 C:\xampp\htdocs\projectweb2\system\CodeIgniter.php(419): CodeIgniter\CodeIgniter->runController(Object(App\Controllers\Admin))
#2 C:\xampp\htdocs\projectweb2\system\CodeIgniter.php(326): CodeIgniter\CodeIgniter->handleRequest(NULL, Object(Config\Cache), false)
#3 C:\xampp\htdocs\projectweb2\public\index.php(37): CodeIgniter\CodeIgniter->run()
#4 C:\xampp\htdocs\projectweb2\system\Commands\Server\rewrite.php(43): require_once('C:\\xampp\\htdocs...')
#5 {main}
ERROR - 2022-06-10 21:20:42 --> Table 'elearning.buku' doesn't exist
CRITICAL - 2022-06-10 21:20:42 --> Call to a member function getResultArray() on bool
#0 C:\xampp\htdocs\projectweb2\system\CodeIgniter.php(832): App\Controllers\Admin->index()
#1 C:\xampp\htdocs\projectweb2\system\CodeIgniter.php(419): CodeIgniter\CodeIgniter->runController(Object(App\Controllers\Admin))
#2 C:\xampp\htdocs\projectweb2\system\CodeIgniter.php(326): CodeIgniter\CodeIgniter->handleRequest(NULL, Object(Config\Cache), false)
#3 C:\xampp\htdocs\projectweb2\public\index.php(37): CodeIgniter\CodeIgniter->run()
#4 C:\xampp\htdocs\projectweb2\system\Commands\Server\rewrite.php(43): require_once('C:\\xampp\\htdocs...')
#5 {main}
ERROR - 2022-06-10 21:21:05 --> Unknown column 'email' in 'where clause'
CRITICAL - 2022-06-10 21:21:05 --> Call to a member function getRowArray() on bool
#0 C:\xampp\htdocs\projectweb2\system\CodeIgniter.php(832): App\Controllers\User->index()
#1 C:\xampp\htdocs\projectweb2\system\CodeIgniter.php(419): CodeIgniter\CodeIgniter->runController(Object(App\Controllers\User))
#2 C:\xampp\htdocs\projectweb2\system\CodeIgniter.php(326): CodeIgniter\CodeIgniter->handleRequest(NULL, Object(Config\Cache), false)
#3 C:\xampp\htdocs\projectweb2\public\index.php(37): CodeIgniter\CodeIgniter->run()
#4 C:\xampp\htdocs\projectweb2\system\Commands\Server\rewrite.php(43): require_once('C:\\xampp\\htdocs...')
#5 {main}
ERROR - 2022-06-10 21:21:16 --> Unknown column 'email' in 'where clause'
CRITICAL - 2022-06-10 21:21:16 --> Call to a member function getRowArray() on bool
#0 C:\xampp\htdocs\projectweb2\system\CodeIgniter.php(832): App\Controllers\User->index()
#1 C:\xampp\htdocs\projectweb2\system\CodeIgniter.php(419): CodeIgniter\CodeIgniter->runController(Object(App\Controllers\User))
#2 C:\xampp\htdocs\projectweb2\system\CodeIgniter.php(326): CodeIgniter\CodeIgniter->handleRequest(NULL, Object(Config\Cache), false)
#3 C:\xampp\htdocs\projectweb2\public\index.php(37): CodeIgniter\CodeIgniter->run()
#4 C:\xampp\htdocs\projectweb2\system\Commands\Server\rewrite.php(43): require_once('C:\\xampp\\htdocs...')
#5 {main}
CRITICAL - 2022-06-10 21:21:31 --> Undefined variable $modeluser
#0 C:\xampp\htdocs\projectweb2\app\Views\admin\index.php(24): CodeIgniter\Debug\Exceptions->errorHandler(2, 'Undefined varia...', 'C:\\xampp\\htdocs...', 24)
#1 C:\xampp\htdocs\projectweb2\system\View\View.php(210): include('C:\\xampp\\htdocs...')
#2 C:\xampp\htdocs\projectweb2\system\View\View.php(213): CodeIgniter\View\View->CodeIgniter\View\{closure}()
#3 C:\xampp\htdocs\projectweb2\system\Common.php(1089): CodeIgniter\View\View->render('admin/index', Array, true)
#4 C:\xampp\htdocs\projectweb2\app\Controllers\Admin.php(45): view('admin/index', Array)
#5 C:\xampp\htdocs\projectweb2\system\CodeIgniter.php(832): App\Controllers\Admin->index()
#6 C:\xampp\htdocs\projectweb2\system\CodeIgniter.php(419): CodeIgniter\CodeIgniter->runController(Object(App\Controllers\Admin))
#7 C:\xampp\htdocs\projectweb2\system\CodeIgniter.php(326): CodeIgniter\CodeIgniter->handleRequest(NULL, Object(Config\Cache), false)
#8 C:\xampp\htdocs\projectweb2\public\index.php(37): CodeIgniter\CodeIgniter->run()
#9 C:\xampp\htdocs\projectweb2\system\Commands\Server\rewrite.php(43): require_once('C:\\xampp\\htdocs...')
#10 {main}
ERROR - 2022-06-10 21:22:36 --> Unknown column 'email' in 'where clause'
CRITICAL - 2022-06-10 21:22:36 --> Call to a member function getRowArray() on bool
#0 C:\xampp\htdocs\projectweb2\system\CodeIgniter.php(832): App\Controllers\User->index()
#1 C:\xampp\htdocs\projectweb2\system\CodeIgniter.php(419): CodeIgniter\CodeIgniter->runController(Object(App\Controllers\User))
#2 C:\xampp\htdocs\projectweb2\system\CodeIgniter.php(326): CodeIgniter\CodeIgniter->handleRequest(NULL, Object(Config\Cache), false)
#3 C:\xampp\htdocs\projectweb2\public\index.php(37): CodeIgniter\CodeIgniter->run()
#4 C:\xampp\htdocs\projectweb2\system\Commands\Server\rewrite.php(43): require_once('C:\\xampp\\htdocs...')
#5 {main}
CRITICAL - 2022-06-10 21:23:00 --> Undefined variable $modelbuku
#0 C:\xampp\htdocs\projectweb2\app\Views\admin\index.php(47): CodeIgniter\Debug\Exceptions->errorHandler(2, 'Undefined varia...', 'C:\\xampp\\htdocs...', 47)
#1 C:\xampp\htdocs\projectweb2\system\View\View.php(210): include('C:\\xampp\\htdocs...')
#2 C:\xampp\htdocs\projectweb2\system\View\View.php(213): CodeIgniter\View\View->CodeIgniter\View\{closure}()
#3 C:\xampp\htdocs\projectweb2\system\Common.php(1089): CodeIgniter\View\View->render('admin/index', Array, true)
#4 C:\xampp\htdocs\projectweb2\app\Controllers\Admin.php(45): view('admin/index', Array)
#5 C:\xampp\htdocs\projectweb2\system\CodeIgniter.php(832): App\Controllers\Admin->index()
#6 C:\xampp\htdocs\projectweb2\system\CodeIgniter.php(419): CodeIgniter\CodeIgniter->runController(Object(App\Controllers\Admin))
#7 C:\xampp\htdocs\projectweb2\system\CodeIgniter.php(326): CodeIgniter\CodeIgniter->handleRequest(NULL, Object(Config\Cache), false)
#8 C:\xampp\htdocs\projectweb2\public\index.php(37): CodeIgniter\CodeIgniter->run()
#9 C:\xampp\htdocs\projectweb2\system\Commands\Server\rewrite.php(43): require_once('C:\\xampp\\htdocs...')
#10 {main}
CRITICAL - 2022-06-10 21:24:28 --> Undefined variable $anggota
#0 C:\xampp\htdocs\projectweb2\app\Views\admin\index.php(136): CodeIgniter\Debug\Exceptions->errorHandler(2, 'Undefined varia...', 'C:\\xampp\\htdocs...', 136)
#1 C:\xampp\htdocs\projectweb2\system\View\View.php(210): include('C:\\xampp\\htdocs...')
#2 C:\xampp\htdocs\projectweb2\system\View\View.php(213): CodeIgniter\View\View->CodeIgniter\View\{closure}()
#3 C:\xampp\htdocs\projectweb2\system\Common.php(1089): CodeIgniter\View\View->render('admin/index', Array, true)
#4 C:\xampp\htdocs\projectweb2\app\Controllers\Admin.php(45): view('admin/index', Array)
#5 C:\xampp\htdocs\projectweb2\system\CodeIgniter.php(832): App\Controllers\Admin->index()
#6 C:\xampp\htdocs\projectweb2\system\CodeIgniter.php(419): CodeIgniter\CodeIgniter->runController(Object(App\Controllers\Admin))
#7 C:\xampp\htdocs\projectweb2\system\CodeIgniter.php(326): CodeIgniter\CodeIgniter->handleRequest(NULL, Object(Config\Cache), false)
#8 C:\xampp\htdocs\projectweb2\public\index.php(37): CodeIgniter\CodeIgniter->run()
#9 C:\xampp\htdocs\projectweb2\system\Commands\Server\rewrite.php(43): require_once('C:\\xampp\\htdocs...')
#10 {main}
CRITICAL - 2022-06-10 21:25:26 --> Undefined variable $anggota
#0 C:\xampp\htdocs\projectweb2\app\Views\admin\index.php(136): CodeIgniter\Debug\Exceptions->errorHandler(2, 'Undefined varia...', 'C:\\xampp\\htdocs...', 136)
#1 C:\xampp\htdocs\projectweb2\system\View\View.php(210): include('C:\\xampp\\htdocs...')
#2 C:\xampp\htdocs\projectweb2\system\View\View.php(213): CodeIgniter\View\View->CodeIgniter\View\{closure}()
#3 C:\xampp\htdocs\projectweb2\system\Common.php(1089): CodeIgniter\View\View->render('admin/index', Array, true)
#4 C:\xampp\htdocs\projectweb2\app\Controllers\Admin.php(45): view('admin/index', Array)
#5 C:\xampp\htdocs\projectweb2\system\CodeIgniter.php(832): App\Controllers\Admin->index()
#6 C:\xampp\htdocs\projectweb2\system\CodeIgniter.php(419): CodeIgniter\CodeIgniter->runController(Object(App\Controllers\Admin))
#7 C:\xampp\htdocs\projectweb2\system\CodeIgniter.php(326): CodeIgniter\CodeIgniter->handleRequest(NULL, Object(Config\Cache), false)
#8 C:\xampp\htdocs\projectweb2\public\index.php(37): CodeIgniter\CodeIgniter->run()
#9 C:\xampp\htdocs\projectweb2\system\Commands\Server\rewrite.php(43): require_once('C:\\xampp\\htdocs...')
#10 {main}
CRITICAL - 2022-06-10 21:26:55 --> Undefined variable $anggota
#0 C:\xampp\htdocs\projectweb2\app\Views\admin\index.php(136): CodeIgniter\Debug\Exceptions->errorHandler(2, 'Undefined varia...', 'C:\\xampp\\htdocs...', 136)
#1 C:\xampp\htdocs\projectweb2\system\View\View.php(210): include('C:\\xampp\\htdocs...')
#2 C:\xampp\htdocs\projectweb2\system\View\View.php(213): CodeIgniter\View\View->CodeIgniter\View\{closure}()
#3 C:\xampp\htdocs\projectweb2\system\Common.php(1089): CodeIgniter\View\View->render('admin/index', Array, true)
#4 C:\xampp\htdocs\projectweb2\app\Controllers\Admin.php(45): view('admin/index', Array)
#5 C:\xampp\htdocs\projectweb2\system\CodeIgniter.php(832): App\Controllers\Admin->index()
#6 C:\xampp\htdocs\projectweb2\system\CodeIgniter.php(419): CodeIgniter\CodeIgniter->runController(Object(App\Controllers\Admin))
#7 C:\xampp\htdocs\projectweb2\system\CodeIgniter.php(326): CodeIgniter\CodeIgniter->handleRequest(NULL, Object(Config\Cache), false)
#8 C:\xampp\htdocs\projectweb2\public\index.php(37): CodeIgniter\CodeIgniter->run()
#9 C:\xampp\htdocs\projectweb2\system\Commands\Server\rewrite.php(43): require_once('C:\\xampp\\htdocs...')
#10 {main}
CRITICAL - 2022-06-10 21:28:08 --> Undefined variable $anggota
#0 C:\xampp\htdocs\projectweb2\app\Views\admin\index.php(133): CodeIgniter\Debug\Exceptions->errorHandler(2, 'Undefined varia...', 'C:\\xampp\\htdocs...', 133)
#1 C:\xampp\htdocs\projectweb2\system\View\View.php(210): include('C:\\xampp\\htdocs...')
#2 C:\xampp\htdocs\projectweb2\system\View\View.php(213): CodeIgniter\View\View->CodeIgniter\View\{closure}()
#3 C:\xampp\htdocs\projectweb2\system\Common.php(1089): CodeIgniter\View\View->render('admin/index', Array, true)
#4 C:\xampp\htdocs\projectweb2\app\Controllers\Admin.php(45): view('admin/index', Array)
#5 C:\xampp\htdocs\projectweb2\system\CodeIgniter.php(832): App\Controllers\Admin->index()
#6 C:\xampp\htdocs\projectweb2\system\CodeIgniter.php(419): CodeIgniter\CodeIgniter->runController(Object(App\Controllers\Admin))
#7 C:\xampp\htdocs\projectweb2\system\CodeIgniter.php(326): CodeIgniter\CodeIgniter->handleRequest(NULL, Object(Config\Cache), false)
#8 C:\xampp\htdocs\projectweb2\public\index.php(37): CodeIgniter\CodeIgniter->run()
#9 C:\xampp\htdocs\projectweb2\system\Commands\Server\rewrite.php(43): require_once('C:\\xampp\\htdocs...')
#10 {main}
ERROR - 2022-06-10 21:55:41 --> Unknown column 'email' in 'where clause'
CRITICAL - 2022-06-10 21:55:41 --> Call to a member function getRowArray() on bool
#0 C:\xampp\htdocs\projectweb2\system\CodeIgniter.php(832): App\Controllers\User->anggota()
#1 C:\xampp\htdocs\projectweb2\system\CodeIgniter.php(419): CodeIgniter\CodeIgniter->runController(Object(App\Controllers\User))
#2 C:\xampp\htdocs\projectweb2\system\CodeIgniter.php(326): CodeIgniter\CodeIgniter->handleRequest(NULL, Object(Config\Cache), false)
#3 C:\xampp\htdocs\projectweb2\public\index.php(37): CodeIgniter\CodeIgniter->run()
#4 C:\xampp\htdocs\projectweb2\system\Commands\Server\rewrite.php(43): require_once('C:\\xampp\\htdocs...')
#5 {main}
ERROR - 2022-06-10 22:16:59 --> Unknown column 'email' in 'where clause'
CRITICAL - 2022-06-10 22:16:59 --> Call to a member function getRowArray() on bool
#0 C:\xampp\htdocs\projectweb2\system\CodeIgniter.php(832): App\Controllers\User->index()
#1 C:\xampp\htdocs\projectweb2\system\CodeIgniter.php(419): CodeIgniter\CodeIgniter->runController(Object(App\Controllers\User))
#2 C:\xampp\htdocs\projectweb2\system\CodeIgniter.php(326): CodeIgniter\CodeIgniter->handleRequest(NULL, Object(Config\Cache), false)
#3 C:\xampp\htdocs\projectweb2\public\index.php(37): CodeIgniter\CodeIgniter->run()
#4 C:\xampp\htdocs\projectweb2\system\Commands\Server\rewrite.php(43): require_once('C:\\xampp\\htdocs...')
#5 {main}
CRITICAL - 2022-06-10 22:18:05 --> Invalid file: user/anggota.php
#0 C:\xampp\htdocs\projectweb2\system\View\View.php(198): CodeIgniter\Exceptions\FrameworkException::forInvalidFile('user/anggota.ph...')
#1 C:\xampp\htdocs\projectweb2\system\Common.php(1089): CodeIgniter\View\View->render('user/anggota', Array, true)
#2 C:\xampp\htdocs\projectweb2\app\Controllers\User.php(47): view('user/anggota', Array)
#3 C:\xampp\htdocs\projectweb2\system\CodeIgniter.php(832): App\Controllers\User->anggota()
#4 C:\xampp\htdocs\projectweb2\system\CodeIgniter.php(419): CodeIgniter\CodeIgniter->runController(Object(App\Controllers\User))
#5 C:\xampp\htdocs\projectweb2\system\CodeIgniter.php(326): CodeIgniter\CodeIgniter->handleRequest(NULL, Object(Config\Cache), false)
#6 C:\xampp\htdocs\projectweb2\public\index.php(37): CodeIgniter\CodeIgniter->run()
#7 C:\xampp\htdocs\projectweb2\system\Commands\Server\rewrite.php(43): require_once('C:\\xampp\\htdocs...')
#8 {main}
CRITICAL - 2022-06-10 22:18:41 --> Invalid file: user/anggota.php
#0 C:\xampp\htdocs\projectweb2\system\View\View.php(198): CodeIgniter\Exceptions\FrameworkException::forInvalidFile('user/anggota.ph...')
#1 C:\xampp\htdocs\projectweb2\system\Common.php(1089): CodeIgniter\View\View->render('user/anggota', Array, true)
#2 C:\xampp\htdocs\projectweb2\app\Controllers\User.php(47): view('user/anggota', Array)
#3 C:\xampp\htdocs\projectweb2\system\CodeIgniter.php(832): App\Controllers\User->anggota()
#4 C:\xampp\htdocs\projectweb2\system\CodeIgniter.php(419): CodeIgniter\CodeIgniter->runController(Object(App\Controllers\User))
#5 C:\xampp\htdocs\projectweb2\system\CodeIgniter.php(326): CodeIgniter\CodeIgniter->handleRequest(NULL, Object(Config\Cache), false)
#6 C:\xampp\htdocs\projectweb2\public\index.php(37): CodeIgniter\CodeIgniter->run()
#7 C:\xampp\htdocs\projectweb2\system\Commands\Server\rewrite.php(43): require_once('C:\\xampp\\htdocs...')
#8 {main}
ERROR - 2022-06-10 23:18:13 --> Unknown column 'email' in 'where clause'
CRITICAL - 2022-06-10 23:18:13 --> Call to a member function getRowArray() on bool
#0 C:\xampp\htdocs\projectweb2\system\CodeIgniter.php(832): App\Controllers\User->index()
#1 C:\xampp\htdocs\projectweb2\system\CodeIgniter.php(419): CodeIgniter\CodeIgniter->runController(Object(App\Controllers\User))
#2 C:\xampp\htdocs\projectweb2\system\CodeIgniter.php(326): CodeIgniter\CodeIgniter->handleRequest(NULL, Object(Config\Cache), false)
#3 C:\xampp\htdocs\projectweb2\public\index.php(37): CodeIgniter\CodeIgniter->run()
#4 C:\xampp\htdocs\projectweb2\system\Commands\Server\rewrite.php(43): require_once('C:\\xampp\\htdocs...')
#5 {main}
ERROR - 2022-06-10 23:35:27 --> Unknown column 'email' in 'where clause'
CRITICAL - 2022-06-10 23:35:27 --> Call to a member function getRowArray() on bool
#0 C:\xampp\htdocs\projectweb2\system\CodeIgniter.php(832): App\Controllers\User->index()
#1 C:\xampp\htdocs\projectweb2\system\CodeIgniter.php(419): CodeIgniter\CodeIgniter->runController(Object(App\Controllers\User))
#2 C:\xampp\htdocs\projectweb2\system\CodeIgniter.php(326): CodeIgniter\CodeIgniter->handleRequest(NULL, Object(Config\Cache), false)
#3 C:\xampp\htdocs\projectweb2\public\index.php(37): CodeIgniter\CodeIgniter->run()
#4 C:\xampp\htdocs\projectweb2\system\Commands\Server\rewrite.php(43): require_once('C:\\xampp\\htdocs...')
#5 {main}
CRITICAL - 2022-06-10 23:41:37 --> Cannot access offset of type string on string
#0 C:\xampp\htdocs\projectweb2\system\View\View.php(210): include()
#1 C:\xampp\htdocs\projectweb2\system\View\View.php(213): CodeIgniter\View\View->CodeIgniter\View\{closure}()
#2 C:\xampp\htdocs\projectweb2\system\Common.php(1089): CodeIgniter\View\View->render('user/member', Array, true)
#3 C:\xampp\htdocs\projectweb2\app\Controllers\User.php(47): view('user/member', Array)
#4 C:\xampp\htdocs\projectweb2\system\CodeIgniter.php(832): App\Controllers\User->member()
#5 C:\xampp\htdocs\projectweb2\system\CodeIgniter.php(419): CodeIgniter\CodeIgniter->runController(Object(App\Controllers\User))
#6 C:\xampp\htdocs\projectweb2\system\CodeIgniter.php(326): CodeIgniter\CodeIgniter->handleRequest(NULL, Object(Config\Cache), false)
#7 C:\xampp\htdocs\projectweb2\public\index.php(37): CodeIgniter\CodeIgniter->run()
#8 C:\xampp\htdocs\projectweb2\system\Commands\Server\rewrite.php(43): require_once('C:\\xampp\\htdocs...')
#9 {main}
CRITICAL - 2022-06-10 23:41:43 --> Cannot access offset of type string on string
#0 C:\xampp\htdocs\projectweb2\system\View\View.php(210): include()
#1 C:\xampp\htdocs\projectweb2\system\View\View.php(213): CodeIgniter\View\View->CodeIgniter\View\{closure}()
#2 C:\xampp\htdocs\projectweb2\system\Common.php(1089): CodeIgniter\View\View->render('user/member', Array, true)
#3 C:\xampp\htdocs\projectweb2\app\Controllers\User.php(47): view('user/member', Array)
#4 C:\xampp\htdocs\projectweb2\system\CodeIgniter.php(832): App\Controllers\User->member()
#5 C:\xampp\htdocs\projectweb2\system\CodeIgniter.php(419): CodeIgniter\CodeIgniter->runController(Object(App\Controllers\User))
#6 C:\xampp\htdocs\projectweb2\system\CodeIgniter.php(326): CodeIgniter\CodeIgniter->handleRequest(NULL, Object(Config\Cache), false)
#7 C:\xampp\htdocs\projectweb2\public\index.php(37): CodeIgniter\CodeIgniter->run()
#8 C:\xampp\htdocs\projectweb2\system\Commands\Server\rewrite.php(43): require_once('C:\\xampp\\htdocs...')
#9 {main}
CRITICAL - 2022-06-10 23:43:09 --> Cannot access offset of type string on string
#0 C:\xampp\htdocs\projectweb2\system\View\View.php(210): include()
#1 C:\xampp\htdocs\projectweb2\system\View\View.php(213): CodeIgniter\View\View->CodeIgniter\View\{closure}()
#2 C:\xampp\htdocs\projectweb2\system\Common.php(1089): CodeIgniter\View\View->render('user/member', Array, true)
#3 C:\xampp\htdocs\projectweb2\app\Controllers\User.php(47): view('user/member', Array)
#4 C:\xampp\htdocs\projectweb2\system\CodeIgniter.php(832): App\Controllers\User->member()
#5 C:\xampp\htdocs\projectweb2\system\CodeIgniter.php(419): CodeIgniter\CodeIgniter->runController(Object(App\Controllers\User))
#6 C:\xampp\htdocs\projectweb2\system\CodeIgniter.php(326): CodeIgniter\CodeIgniter->handleRequest(NULL, Object(Config\Cache), false)
#7 C:\xampp\htdocs\projectweb2\public\index.php(37): CodeIgniter\CodeIgniter->run()
#8 C:\xampp\htdocs\projectweb2\system\Commands\Server\rewrite.php(43): require_once('C:\\xampp\\htdocs...')
#9 {main}
CRITICAL - 2022-06-10 23:43:31 --> Undefined array key "nama"
#0 C:\xampp\htdocs\projectweb2\app\Views\templates\topbar.php(27): CodeIgniter\Debug\Exceptions->errorHandler(2, 'Undefined array...', 'C:\\xampp\\htdocs...', 27)
#1 C:\xampp\htdocs\projectweb2\system\View\View.php(210): include('C:\\xampp\\htdocs...')
#2 C:\xampp\htdocs\projectweb2\system\View\View.php(213): CodeIgniter\View\View->CodeIgniter\View\{closure}()
#3 C:\xampp\htdocs\projectweb2\system\Common.php(1089): CodeIgniter\View\View->render('templates/topba...', Array, true)
#4 C:\xampp\htdocs\projectweb2\app\Controllers\User.php(46): view('templates/topba...', Array)
#5 C:\xampp\htdocs\projectweb2\system\CodeIgniter.php(832): App\Controllers\User->member()
#6 C:\xampp\htdocs\projectweb2\system\CodeIgniter.php(419): CodeIgniter\CodeIgniter->runController(Object(App\Controllers\User))
#7 C:\xampp\htdocs\projectweb2\system\CodeIgniter.php(326): CodeIgniter\CodeIgniter->handleRequest(NULL, Object(Config\Cache), false)
#8 C:\xampp\htdocs\projectweb2\public\index.php(37): CodeIgniter\CodeIgniter->run()
#9 C:\xampp\htdocs\projectweb2\system\Commands\Server\rewrite.php(43): require_once('C:\\xampp\\htdocs...')
#10 {main}
CRITICAL - 2022-06-10 23:43:55 --> Cannot access offset of type string on string
#0 C:\xampp\htdocs\projectweb2\system\View\View.php(210): include()
#1 C:\xampp\htdocs\projectweb2\system\View\View.php(213): CodeIgniter\View\View->CodeIgniter\View\{closure}()
#2 C:\xampp\htdocs\projectweb2\system\Common.php(1089): CodeIgniter\View\View->render('user/member', Array, true)
#3 C:\xampp\htdocs\projectweb2\app\Controllers\User.php(47): view('user/member', Array)
#4 C:\xampp\htdocs\projectweb2\system\CodeIgniter.php(832): App\Controllers\User->member()
#5 C:\xampp\htdocs\projectweb2\system\CodeIgniter.php(419): CodeIgniter\CodeIgniter->runController(Object(App\Controllers\User))
#6 C:\xampp\htdocs\projectweb2\system\CodeIgniter.php(326): CodeIgniter\CodeIgniter->handleRequest(NULL, Object(Config\Cache), false)
#7 C:\xampp\htdocs\projectweb2\public\index.php(37): CodeIgniter\CodeIgniter->run()
#8 C:\xampp\htdocs\projectweb2\system\Commands\Server\rewrite.php(43): require_once('C:\\xampp\\htdocs...')
#9 {main}
CRITICAL - 2022-06-10 23:46:18 --> Undefined array key "nama"
#0 C:\xampp\htdocs\projectweb2\app\Views\templates\topbar.php(27): CodeIgniter\Debug\Exceptions->errorHandler(2, 'Undefined array...', 'C:\\xampp\\htdocs...', 27)
#1 C:\xampp\htdocs\projectweb2\system\View\View.php(210): include('C:\\xampp\\htdocs...')
#2 C:\xampp\htdocs\projectweb2\system\View\View.php(213): CodeIgniter\View\View->CodeIgniter\View\{closure}()
#3 C:\xampp\htdocs\projectweb2\system\Common.php(1089): CodeIgniter\View\View->render('templates/topba...', Array, true)
#4 C:\xampp\htdocs\projectweb2\app\Controllers\User.php(47): view('templates/topba...', Array)
#5 C:\xampp\htdocs\projectweb2\system\CodeIgniter.php(832): App\Controllers\User->member()
#6 C:\xampp\htdocs\projectweb2\system\CodeIgniter.php(419): CodeIgniter\CodeIgniter->runController(Object(App\Controllers\User))
#7 C:\xampp\htdocs\projectweb2\system\CodeIgniter.php(326): CodeIgniter\CodeIgniter->handleRequest(NULL, Object(Config\Cache), false)
#8 C:\xampp\htdocs\projectweb2\public\index.php(37): CodeIgniter\CodeIgniter->run()
#9 C:\xampp\htdocs\projectweb2\system\Commands\Server\rewrite.php(43): require_once('C:\\xampp\\htdocs...')
#10 {main}
CRITICAL - 2022-06-10 23:47:32 --> Cannot access offset of type string on string
#0 C:\xampp\htdocs\projectweb2\system\View\View.php(210): include()
#1 C:\xampp\htdocs\projectweb2\system\View\View.php(213): CodeIgniter\View\View->CodeIgniter\View\{closure}()
#2 C:\xampp\htdocs\projectweb2\system\Common.php(1089): CodeIgniter\View\View->render('user/member', Array, true)
#3 C:\xampp\htdocs\projectweb2\app\Controllers\User.php(48): view('user/member', Array)
#4 C:\xampp\htdocs\projectweb2\system\CodeIgniter.php(832): App\Controllers\User->member()
#5 C:\xampp\htdocs\projectweb2\system\CodeIgniter.php(419): CodeIgniter\CodeIgniter->runController(Object(App\Controllers\User))
#6 C:\xampp\htdocs\projectweb2\system\CodeIgniter.php(326): CodeIgniter\CodeIgniter->handleRequest(NULL, Object(Config\Cache), false)
#7 C:\xampp\htdocs\projectweb2\public\index.php(37): CodeIgniter\CodeIgniter->run()
#8 C:\xampp\htdocs\projectweb2\system\Commands\Server\rewrite.php(43): require_once('C:\\xampp\\htdocs...')
#9 {main}
CRITICAL - 2022-06-10 23:47:48 --> Cannot access offset of type string on string
#0 C:\xampp\htdocs\projectweb2\system\View\View.php(210): include()
#1 C:\xampp\htdocs\projectweb2\system\View\View.php(213): CodeIgniter\View\View->CodeIgniter\View\{closure}()
#2 C:\xampp\htdocs\projectweb2\system\Common.php(1089): CodeIgniter\View\View->render('user/member', Array, true)
#3 C:\xampp\htdocs\projectweb2\app\Controllers\User.php(48): view('user/member', Array)
#4 C:\xampp\htdocs\projectweb2\system\CodeIgniter.php(832): App\Controllers\User->member()
#5 C:\xampp\htdocs\projectweb2\system\CodeIgniter.php(419): CodeIgniter\CodeIgniter->runController(Object(App\Controllers\User))
#6 C:\xampp\htdocs\projectweb2\system\CodeIgniter.php(326): CodeIgniter\CodeIgniter->handleRequest(NULL, Object(Config\Cache), false)
#7 C:\xampp\htdocs\projectweb2\public\index.php(37): CodeIgniter\CodeIgniter->run()
#8 C:\xampp\htdocs\projectweb2\system\Commands\Server\rewrite.php(43): require_once('C:\\xampp\\htdocs...')
#9 {main}
CRITICAL - 2022-06-10 23:48:09 --> Cannot access offset of type string on string
#0 C:\xampp\htdocs\projectweb2\system\View\View.php(210): include()
#1 C:\xampp\htdocs\projectweb2\system\View\View.php(213): CodeIgniter\View\View->CodeIgniter\View\{closure}()
#2 C:\xampp\htdocs\projectweb2\system\Common.php(1089): CodeIgniter\View\View->render('user/member', Array, true)
#3 C:\xampp\htdocs\projectweb2\app\Controllers\User.php(49): view('user/member', Array)
#4 C:\xampp\htdocs\projectweb2\system\CodeIgniter.php(832): App\Controllers\User->member()
#5 C:\xampp\htdocs\projectweb2\system\CodeIgniter.php(419): CodeIgniter\CodeIgniter->runController(Object(App\Controllers\User))
#6 C:\xampp\htdocs\projectweb2\system\CodeIgniter.php(326): CodeIgniter\CodeIgniter->handleRequest(NULL, Object(Config\Cache), false)
#7 C:\xampp\htdocs\projectweb2\public\index.php(37): CodeIgniter\CodeIgniter->run()
#8 C:\xampp\htdocs\projectweb2\system\Commands\Server\rewrite.php(43): require_once('C:\\xampp\\htdocs...')
#9 {main}
CRITICAL - 2022-06-10 23:48:18 --> Cannot access offset of type string on string
#0 C:\xampp\htdocs\projectweb2\system\View\View.php(210): include()
#1 C:\xampp\htdocs\projectweb2\system\View\View.php(213): CodeIgniter\View\View->CodeIgniter\View\{closure}()
#2 C:\xampp\htdocs\projectweb2\system\Common.php(1089): CodeIgniter\View\View->render('user/member', Array, true)
#3 C:\xampp\htdocs\projectweb2\app\Controllers\User.php(50): view('user/member', Array)
#4 C:\xampp\htdocs\projectweb2\system\CodeIgniter.php(832): App\Controllers\User->member()
#5 C:\xampp\htdocs\projectweb2\system\CodeIgniter.php(419): CodeIgniter\CodeIgniter->runController(Object(App\Controllers\User))
#6 C:\xampp\htdocs\projectweb2\system\CodeIgniter.php(326): CodeIgniter\CodeIgniter->handleRequest(NULL, Object(Config\Cache), false)
#7 C:\xampp\htdocs\projectweb2\public\index.php(37): CodeIgniter\CodeIgniter->run()
#8 C:\xampp\htdocs\projectweb2\system\Commands\Server\rewrite.php(43): require_once('C:\\xampp\\htdocs...')
#9 {main}
CRITICAL - 2022-06-10 23:48:25 --> Cannot access offset of type string on string
#0 C:\xampp\htdocs\projectweb2\system\View\View.php(210): include()
#1 C:\xampp\htdocs\projectweb2\system\View\View.php(213): CodeIgniter\View\View->CodeIgniter\View\{closure}()
#2 C:\xampp\htdocs\projectweb2\system\Common.php(1089): CodeIgniter\View\View->render('user/member', Array, true)
#3 C:\xampp\htdocs\projectweb2\app\Controllers\User.php(51): view('user/member', Array)
#4 C:\xampp\htdocs\projectweb2\system\CodeIgniter.php(832): App\Controllers\User->member()
#5 C:\xampp\htdocs\projectweb2\system\CodeIgniter.php(419): CodeIgniter\CodeIgniter->runController(Object(App\Controllers\User))
#6 C:\xampp\htdocs\projectweb2\system\CodeIgniter.php(326): CodeIgniter\CodeIgniter->handleRequest(NULL, Object(Config\Cache), false)
#7 C:\xampp\htdocs\projectweb2\public\index.php(37): CodeIgniter\CodeIgniter->run()
#8 C:\xampp\htdocs\projectweb2\system\Commands\Server\rewrite.php(43): require_once('C:\\xampp\\htdocs...')
#9 {main}
CRITICAL - 2022-06-10 23:48:39 --> Cannot access offset of type string on string
#0 C:\xampp\htdocs\projectweb2\system\View\View.php(210): include()
#1 C:\xampp\htdocs\projectweb2\system\View\View.php(213): CodeIgniter\View\View->CodeIgniter\View\{closure}()
#2 C:\xampp\htdocs\projectweb2\system\Common.php(1089): CodeIgniter\View\View->render('user/member', Array, true)
#3 C:\xampp\htdocs\projectweb2\app\Controllers\User.php(51): view('user/member', Array)
#4 C:\xampp\htdocs\projectweb2\system\CodeIgniter.php(832): App\Controllers\User->member()
#5 C:\xampp\htdocs\projectweb2\system\CodeIgniter.php(419): CodeIgniter\CodeIgniter->runController(Object(App\Controllers\User))
#6 C:\xampp\htdocs\projectweb2\system\CodeIgniter.php(326): CodeIgniter\CodeIgniter->handleRequest(NULL, Object(Config\Cache), false)
#7 C:\xampp\htdocs\projectweb2\public\index.php(37): CodeIgniter\CodeIgniter->run()
#8 C:\xampp\htdocs\projectweb2\system\Commands\Server\rewrite.php(43): require_once('C:\\xampp\\htdocs...')
#9 {main}
CRITICAL - 2022-06-10 23:49:03 --> Cannot access offset of type string on string
#0 C:\xampp\htdocs\projectweb2\system\View\View.php(210): include()
#1 C:\xampp\htdocs\projectweb2\system\View\View.php(213): CodeIgniter\View\View->CodeIgniter\View\{closure}()
#2 C:\xampp\htdocs\projectweb2\system\Common.php(1089): CodeIgniter\View\View->render('user/member', Array, true)
#3 C:\xampp\htdocs\projectweb2\app\Controllers\User.php(48): view('user/member', Array)
#4 C:\xampp\htdocs\projectweb2\system\CodeIgniter.php(832): App\Controllers\User->member()
#5 C:\xampp\htdocs\projectweb2\system\CodeIgniter.php(419): CodeIgniter\CodeIgniter->runController(Object(App\Controllers\User))
#6 C:\xampp\htdocs\projectweb2\system\CodeIgniter.php(326): CodeIgniter\CodeIgniter->handleRequest(NULL, Object(Config\Cache), false)
#7 C:\xampp\htdocs\projectweb2\public\index.php(37): CodeIgniter\CodeIgniter->run()
#8 C:\xampp\htdocs\projectweb2\system\Commands\Server\rewrite.php(43): require_once('C:\\xampp\\htdocs...')
#9 {main}
CRITICAL - 2022-06-10 23:49:36 --> Cannot access offset of type string on string
#0 C:\xampp\htdocs\projectweb2\system\View\View.php(210): include()
#1 C:\xampp\htdocs\projectweb2\system\View\View.php(213): CodeIgniter\View\View->CodeIgniter\View\{closure}()
#2 C:\xampp\htdocs\projectweb2\system\Common.php(1089): CodeIgniter\View\View->render('user/member', Array, true)
#3 C:\xampp\htdocs\projectweb2\app\Controllers\User.php(48): view('user/member', Array)
#4 C:\xampp\htdocs\projectweb2\system\CodeIgniter.php(832): App\Controllers\User->member()
#5 C:\xampp\htdocs\projectweb2\system\CodeIgniter.php(419): CodeIgniter\CodeIgniter->runController(Object(App\Controllers\User))
#6 C:\xampp\htdocs\projectweb2\system\CodeIgniter.php(326): CodeIgniter\CodeIgniter->handleRequest(NULL, Object(Config\Cache), false)
#7 C:\xampp\htdocs\projectweb2\public\index.php(37): CodeIgniter\CodeIgniter->run()
#8 C:\xampp\htdocs\projectweb2\system\Commands\Server\rewrite.php(43): require_once('C:\\xampp\\htdocs...')
#9 {main}
CRITICAL - 2022-06-10 23:50:17 --> Cannot access offset of type string on string
#0 C:\xampp\htdocs\projectweb2\system\View\View.php(210): include()
#1 C:\xampp\htdocs\projectweb2\system\View\View.php(213): CodeIgniter\View\View->CodeIgniter\View\{closure}()
#2 C:\xampp\htdocs\projectweb2\system\Common.php(1089): CodeIgniter\View\View->render('user/member', Array, true)
#3 C:\xampp\htdocs\projectweb2\app\Controllers\User.php(48): view('user/member', Array)
#4 C:\xampp\htdocs\projectweb2\system\CodeIgniter.php(832): App\Controllers\User->member()
#5 C:\xampp\htdocs\projectweb2\system\CodeIgniter.php(419): CodeIgniter\CodeIgniter->runController(Object(App\Controllers\User))
#6 C:\xampp\htdocs\projectweb2\system\CodeIgniter.php(326): CodeIgniter\CodeIgniter->handleRequest(NULL, Object(Config\Cache), false)
#7 C:\xampp\htdocs\projectweb2\public\index.php(37): CodeIgniter\CodeIgniter->run()
#8 C:\xampp\htdocs\projectweb2\system\Commands\Server\rewrite.php(43): require_once('C:\\xampp\\htdocs...')
#9 {main}
CRITICAL - 2022-06-10 23:50:49 --> Cannot access offset of type string on string
#0 C:\xampp\htdocs\projectweb2\system\View\View.php(210): include()
#1 C:\xampp\htdocs\projectweb2\system\View\View.php(213): CodeIgniter\View\View->CodeIgniter\View\{closure}()
#2 C:\xampp\htdocs\projectweb2\system\Common.php(1089): CodeIgniter\View\View->render('user/member', Array, true)
#3 C:\xampp\htdocs\projectweb2\app\Controllers\User.php(48): view('user/member', Array)
#4 C:\xampp\htdocs\projectweb2\system\CodeIgniter.php(832): App\Controllers\User->member()
#5 C:\xampp\htdocs\projectweb2\system\CodeIgniter.php(419): CodeIgniter\CodeIgniter->runController(Object(App\Controllers\User))
#6 C:\xampp\htdocs\projectweb2\system\CodeIgniter.php(326): CodeIgniter\CodeIgniter->handleRequest(NULL, Object(Config\Cache), false)
#7 C:\xampp\htdocs\projectweb2\public\index.php(37): CodeIgniter\CodeIgniter->run()
#8 C:\xampp\htdocs\projectweb2\system\Commands\Server\rewrite.php(43): require_once('C:\\xampp\\htdocs...')
#9 {main}
CRITICAL - 2022-06-10 23:51:51 --> Undefined array key "nama"
#0 C:\xampp\htdocs\projectweb2\app\Views\templates\topbar.php(27): CodeIgniter\Debug\Exceptions->errorHandler(2, 'Undefined array...', 'C:\\xampp\\htdocs...', 27)
#1 C:\xampp\htdocs\projectweb2\system\View\View.php(210): include('C:\\xampp\\htdocs...')
#2 C:\xampp\htdocs\projectweb2\system\View\View.php(213): CodeIgniter\View\View->CodeIgniter\View\{closure}()
#3 C:\xampp\htdocs\projectweb2\system\Common.php(1089): CodeIgniter\View\View->render('templates/topba...', Array, true)
#4 C:\xampp\htdocs\projectweb2\app\Controllers\User.php(47): view('templates/topba...', Array)
#5 C:\xampp\htdocs\projectweb2\system\CodeIgniter.php(832): App\Controllers\User->member()
#6 C:\xampp\htdocs\projectweb2\system\CodeIgniter.php(419): CodeIgniter\CodeIgniter->runController(Object(App\Controllers\User))
#7 C:\xampp\htdocs\projectweb2\system\CodeIgniter.php(326): CodeIgniter\CodeIgniter->handleRequest(NULL, Object(Config\Cache), false)
#8 C:\xampp\htdocs\projectweb2\public\index.php(37): CodeIgniter\CodeIgniter->run()
#9 C:\xampp\htdocs\projectweb2\system\Commands\Server\rewrite.php(43): require_once('C:\\xampp\\htdocs...')
#10 {main}
CRITICAL - 2022-06-10 23:52:02 --> Cannot access offset of type string on string
#0 C:\xampp\htdocs\projectweb2\system\View\View.php(210): include()
#1 C:\xampp\htdocs\projectweb2\system\View\View.php(213): CodeIgniter\View\View->CodeIgniter\View\{closure}()
#2 C:\xampp\htdocs\projectweb2\system\Common.php(1089): CodeIgniter\View\View->render('user/member', Array, true)
#3 C:\xampp\htdocs\projectweb2\app\Controllers\User.php(48): view('user/member', Array)
#4 C:\xampp\htdocs\projectweb2\system\CodeIgniter.php(832): App\Controllers\User->member()
#5 C:\xampp\htdocs\projectweb2\system\CodeIgniter.php(419): CodeIgniter\CodeIgniter->runController(Object(App\Controllers\User))
#6 C:\xampp\htdocs\projectweb2\system\CodeIgniter.php(326): CodeIgniter\CodeIgniter->handleRequest(NULL, Object(Config\Cache), false)
#7 C:\xampp\htdocs\projectweb2\public\index.php(37): CodeIgniter\CodeIgniter->run()
#8 C:\xampp\htdocs\projectweb2\system\Commands\Server\rewrite.php(43): require_once('C:\\xampp\\htdocs...')
#9 {main}
CRITICAL - 2022-06-10 23:52:42 --> Cannot access offset of type string on string
#0 C:\xampp\htdocs\projectweb2\system\View\View.php(210): include()
#1 C:\xampp\htdocs\projectweb2\system\View\View.php(213): CodeIgniter\View\View->CodeIgniter\View\{closure}()
#2 C:\xampp\htdocs\projectweb2\system\Common.php(1089): CodeIgniter\View\View->render('user/member', Array, true)
#3 C:\xampp\htdocs\projectweb2\app\Controllers\User.php(49): view('user/member', Array)
#4 C:\xampp\htdocs\projectweb2\system\CodeIgniter.php(832): App\Controllers\User->member()
#5 C:\xampp\htdocs\projectweb2\system\CodeIgniter.php(419): CodeIgniter\CodeIgniter->runController(Object(App\Controllers\User))
#6 C:\xampp\htdocs\projectweb2\system\CodeIgniter.php(326): CodeIgniter\CodeIgniter->handleRequest(NULL, Object(Config\Cache), false)
#7 C:\xampp\htdocs\projectweb2\public\index.php(37): CodeIgniter\CodeIgniter->run()
#8 C:\xampp\htdocs\projectweb2\system\Commands\Server\rewrite.php(43): require_once('C:\\xampp\\htdocs...')
#9 {main}
CRITICAL - 2022-06-10 23:53:14 --> Cannot access offset of type string on string
#0 C:\xampp\htdocs\projectweb2\system\View\View.php(210): include()
#1 C:\xampp\htdocs\projectweb2\system\View\View.php(213): CodeIgniter\View\View->CodeIgniter\View\{closure}()
#2 C:\xampp\htdocs\projectweb2\system\Common.php(1089): CodeIgniter\View\View->render('user/member', Array, true)
#3 C:\xampp\htdocs\projectweb2\app\Controllers\User.php(49): view('user/member', Array)
#4 C:\xampp\htdocs\projectweb2\system\CodeIgniter.php(832): App\Controllers\User->member()
#5 C:\xampp\htdocs\projectweb2\system\CodeIgniter.php(419): CodeIgniter\CodeIgniter->runController(Object(App\Controllers\User))
#6 C:\xampp\htdocs\projectweb2\system\CodeIgniter.php(326): CodeIgniter\CodeIgniter->handleRequest(NULL, Object(Config\Cache), false)
#7 C:\xampp\htdocs\projectweb2\public\index.php(37): CodeIgniter\CodeIgniter->run()
#8 C:\xampp\htdocs\projectweb2\system\Commands\Server\rewrite.php(43): require_once('C:\\xampp\\htdocs...')
#9 {main}
CRITICAL - 2022-06-10 23:53:59 --> Cannot access offset of type string on string
#0 C:\xampp\htdocs\projectweb2\system\View\View.php(210): include()
#1 C:\xampp\htdocs\projectweb2\system\View\View.php(213): CodeIgniter\View\View->CodeIgniter\View\{closure}()
#2 C:\xampp\htdocs\projectweb2\system\Common.php(1089): CodeIgniter\View\View->render('user/member', Array, true)
#3 C:\xampp\htdocs\projectweb2\app\Controllers\User.php(49): view('user/member', Array)
#4 C:\xampp\htdocs\projectweb2\system\CodeIgniter.php(832): App\Controllers\User->member()
#5 C:\xampp\htdocs\projectweb2\system\CodeIgniter.php(419): CodeIgniter\CodeIgniter->runController(Object(App\Controllers\User))
#6 C:\xampp\htdocs\projectweb2\system\CodeIgniter.php(326): CodeIgniter\CodeIgniter->handleRequest(NULL, Object(Config\Cache), false)
#7 C:\xampp\htdocs\projectweb2\public\index.php(37): CodeIgniter\CodeIgniter->run()
#8 C:\xampp\htdocs\projectweb2\system\Commands\Server\rewrite.php(43): require_once('C:\\xampp\\htdocs...')
#9 {main}
CRITICAL - 2022-06-10 23:55:00 --> Cannot access offset of type string on string
#0 C:\xampp\htdocs\projectweb2\system\View\View.php(210): include()
#1 C:\xampp\htdocs\projectweb2\system\View\View.php(213): CodeIgniter\View\View->CodeIgniter\View\{closure}()
#2 C:\xampp\htdocs\projectweb2\system\Common.php(1089): CodeIgniter\View\View->render('user/member', Array, true)
#3 C:\xampp\htdocs\projectweb2\app\Controllers\User.php(49): view('user/member', Array)
#4 C:\xampp\htdocs\projectweb2\system\CodeIgniter.php(832): App\Controllers\User->member()
#5 C:\xampp\htdocs\projectweb2\system\CodeIgniter.php(419): CodeIgniter\CodeIgniter->runController(Object(App\Controllers\User))
#6 C:\xampp\htdocs\projectweb2\system\CodeIgniter.php(326): CodeIgniter\CodeIgniter->handleRequest(NULL, Object(Config\Cache), false)
#7 C:\xampp\htdocs\projectweb2\public\index.php(37): CodeIgniter\CodeIgniter->run()
#8 C:\xampp\htdocs\projectweb2\system\Commands\Server\rewrite.php(43): require_once('C:\\xampp\\htdocs...')
#9 {main}
CRITICAL - 2022-06-10 23:55:28 --> Cannot access offset of type string on string
#0 C:\xampp\htdocs\projectweb2\system\View\View.php(210): include()
#1 C:\xampp\htdocs\projectweb2\system\View\View.php(213): CodeIgniter\View\View->CodeIgniter\View\{closure}()
#2 C:\xampp\htdocs\projectweb2\system\Common.php(1089): CodeIgniter\View\View->render('user/member', Array, true)
#3 C:\xampp\htdocs\projectweb2\app\Controllers\User.php(49): view('user/member', Array)
#4 C:\xampp\htdocs\projectweb2\system\CodeIgniter.php(832): App\Controllers\User->member()
#5 C:\xampp\htdocs\projectweb2\system\CodeIgniter.php(419): CodeIgniter\CodeIgniter->runController(Object(App\Controllers\User))
#6 C:\xampp\htdocs\projectweb2\system\CodeIgniter.php(326): CodeIgniter\CodeIgniter->handleRequest(NULL, Object(Config\Cache), false)
#7 C:\xampp\htdocs\projectweb2\public\index.php(37): CodeIgniter\CodeIgniter->run()
#8 C:\xampp\htdocs\projectweb2\system\Commands\Server\rewrite.php(43): require_once('C:\\xampp\\htdocs...')
#9 {main}
CRITICAL - 2022-06-10 23:55:37 --> Cannot access offset of type string on string
#0 C:\xampp\htdocs\projectweb2\system\View\View.php(210): include()
#1 C:\xampp\htdocs\projectweb2\system\View\View.php(213): CodeIgniter\View\View->CodeIgniter\View\{closure}()
#2 C:\xampp\htdocs\projectweb2\system\Common.php(1089): CodeIgniter\View\View->render('user/member', Array, true)
#3 C:\xampp\htdocs\projectweb2\app\Controllers\User.php(49): view('user/member', Array)
#4 C:\xampp\htdocs\projectweb2\system\CodeIgniter.php(832): App\Controllers\User->member()
#5 C:\xampp\htdocs\projectweb2\system\CodeIgniter.php(419): CodeIgniter\CodeIgniter->runController(Object(App\Controllers\User))
#6 C:\xampp\htdocs\projectweb2\system\CodeIgniter.php(326): CodeIgniter\CodeIgniter->handleRequest(NULL, Object(Config\Cache), false)
#7 C:\xampp\htdocs\projectweb2\public\index.php(37): CodeIgniter\CodeIgniter->run()
#8 C:\xampp\htdocs\projectweb2\system\Commands\Server\rewrite.php(43): require_once('C:\\xampp\\htdocs...')
#9 {main}
CRITICAL - 2022-06-10 23:58:16 --> Cannot access offset of type string on string
#0 C:\xampp\htdocs\projectweb2\system\View\View.php(210): include()
#1 C:\xampp\htdocs\projectweb2\system\View\View.php(213): CodeIgniter\View\View->CodeIgniter\View\{closure}()
#2 C:\xampp\htdocs\projectweb2\system\Common.php(1089): CodeIgniter\View\View->render('user/member', Array, true)
#3 C:\xampp\htdocs\projectweb2\app\Controllers\User.php(49): view('user/member', Array)
#4 C:\xampp\htdocs\projectweb2\system\CodeIgniter.php(832): App\Controllers\User->member()
#5 C:\xampp\htdocs\projectweb2\system\CodeIgniter.php(419): CodeIgniter\CodeIgniter->runController(Object(App\Controllers\User))
#6 C:\xampp\htdocs\projectweb2\system\CodeIgniter.php(326): CodeIgniter\CodeIgniter->handleRequest(NULL, Object(Config\Cache), false)
#7 C:\xampp\htdocs\projectweb2\public\index.php(37): CodeIgniter\CodeIgniter->run()
#8 C:\xampp\htdocs\projectweb2\system\Commands\Server\rewrite.php(43): require_once('C:\\xampp\\htdocs...')
#9 {main}
CRITICAL - 2022-06-10 23:58:55 --> Undefined array key "image"
#0 C:\xampp\htdocs\projectweb2\app\Controllers\User.php(44): CodeIgniter\Debug\Exceptions->errorHandler(2, 'Undefined array...', 'C:\\xampp\\htdocs...', 44)
#1 C:\xampp\htdocs\projectweb2\system\CodeIgniter.php(832): App\Controllers\User->member()
#2 C:\xampp\htdocs\projectweb2\system\CodeIgniter.php(419): CodeIgniter\CodeIgniter->runController(Object(App\Controllers\User))
#3 C:\xampp\htdocs\projectweb2\system\CodeIgniter.php(326): CodeIgniter\CodeIgniter->handleRequest(NULL, Object(Config\Cache), false)
#4 C:\xampp\htdocs\projectweb2\public\index.php(37): CodeIgniter\CodeIgniter->run()
#5 C:\xampp\htdocs\projectweb2\system\Commands\Server\rewrite.php(43): require_once('C:\\xampp\\htdocs...')
#6 {main}
CRITICAL - 2022-06-10 23:58:56 --> Undefined array key "image"
#0 C:\xampp\htdocs\projectweb2\app\Controllers\User.php(44): CodeIgniter\Debug\Exceptions->errorHandler(2, 'Undefined array...', 'C:\\xampp\\htdocs...', 44)
#1 C:\xampp\htdocs\projectweb2\system\CodeIgniter.php(832): App\Controllers\User->member()
#2 C:\xampp\htdocs\projectweb2\system\CodeIgniter.php(419): CodeIgniter\CodeIgniter->runController(Object(App\Controllers\User))
#3 C:\xampp\htdocs\projectweb2\system\CodeIgniter.php(326): CodeIgniter\CodeIgniter->handleRequest(NULL, Object(Config\Cache), false)
#4 C:\xampp\htdocs\projectweb2\public\index.php(37): CodeIgniter\CodeIgniter->run()
#5 C:\xampp\htdocs\projectweb2\system\Commands\Server\rewrite.php(43): require_once('C:\\xampp\\htdocs...')
#6 {main}
CRITICAL - 2022-06-10 23:58:58 --> Undefined array key "image"
#0 C:\xampp\htdocs\projectweb2\app\Controllers\User.php(44): CodeIgniter\Debug\Exceptions->errorHandler(2, 'Undefined array...', 'C:\\xampp\\htdocs...', 44)
#1 C:\xampp\htdocs\projectweb2\system\CodeIgniter.php(832): App\Controllers\User->member()
#2 C:\xampp\htdocs\projectweb2\system\CodeIgniter.php(419): CodeIgniter\CodeIgniter->runController(Object(App\Controllers\User))
#3 C:\xampp\htdocs\projectweb2\system\CodeIgniter.php(326): CodeIgniter\CodeIgniter->handleRequest(NULL, Object(Config\Cache), false)
#4 C:\xampp\htdocs\projectweb2\public\index.php(37): CodeIgniter\CodeIgniter->run()
#5 C:\xampp\htdocs\projectweb2\system\Commands\Server\rewrite.php(43): require_once('C:\\xampp\\htdocs...')
#6 {main}
CRITICAL - 2022-06-10 23:59:35 --> Undefined array key "nama"
#0 C:\xampp\htdocs\projectweb2\app\Views\templates\topbar.php(27): CodeIgniter\Debug\Exceptions->errorHandler(2, 'Undefined array...', 'C:\\xampp\\htdocs...', 27)
#1 C:\xampp\htdocs\projectweb2\system\View\View.php(210): include('C:\\xampp\\htdocs...')
#2 C:\xampp\htdocs\projectweb2\system\View\View.php(213): CodeIgniter\View\View->CodeIgniter\View\{closure}()
#3 C:\xampp\htdocs\projectweb2\system\Common.php(1089): CodeIgniter\View\View->render('templates/topba...', Array, true)
#4 C:\xampp\htdocs\projectweb2\app\Controllers\User.php(48): view('templates/topba...', Array)
#5 C:\xampp\htdocs\projectweb2\system\CodeIgniter.php(832): App\Controllers\User->member()
#6 C:\xampp\htdocs\projectweb2\system\CodeIgniter.php(419): CodeIgniter\CodeIgniter->runController(Object(App\Controllers\User))
#7 C:\xampp\htdocs\projectweb2\system\CodeIgniter.php(326): CodeIgniter\CodeIgniter->handleRequest(NULL, Object(Config\Cache), false)
#8 C:\xampp\htdocs\projectweb2\public\index.php(37): CodeIgniter\CodeIgniter->run()
#9 C:\xampp\htdocs\projectweb2\system\Commands\Server\rewrite.php(43): require_once('C:\\xampp\\htdocs...')
#10 {main}
