CRITICAL - 2022-12-12 00:49:04 --> Class "Dompdf\Dompdf" not found
#0 C:\xampp\htdocs\E-Learning-WP3\system\CodeIgniter.php(832): App\Controllers\Kuliah->absen_pdf('MQ==', 'MTUuNUIuMDE=')
#1 C:\xampp\htdocs\E-Learning-WP3\system\CodeIgniter.php(419): CodeIgniter\CodeIgniter->runController(Object(App\Controllers\Kuliah))
#2 C:\xampp\htdocs\E-Learning-WP3\system\CodeIgniter.php(326): CodeIgniter\CodeIgniter->handleRequest(NULL, Object(Config\Cache), false)
#3 C:\xampp\htdocs\E-Learning-WP3\public\index.php(37): CodeIgniter\CodeIgniter->run()
#4 C:\xampp\htdocs\E-Learning-WP3\system\Commands\Server\rewrite.php(43): require_once('C:\\xampp\\htdocs...')
#5 {main}
CRITICAL - 2022-12-12 00:52:41 --> Class "Dompdf\Dompdf" not found
#0 C:\xampp\htdocs\E-Learning-WP3\system\CodeIgniter.php(832): App\Controllers\Kuliah->absen_pdf('MQ==', 'MTUuNUIuMDE=')
#1 C:\xampp\htdocs\E-Learning-WP3\system\CodeIgniter.php(419): CodeIgniter\CodeIgniter->runController(Object(App\Controllers\Kuliah))
#2 C:\xampp\htdocs\E-Learning-WP3\system\CodeIgniter.php(326): CodeIgniter\CodeIgniter->handleRequest(NULL, Object(Config\Cache), false)
#3 C:\xampp\htdocs\E-Learning-WP3\public\index.php(37): CodeIgniter\CodeIgniter->run()
#4 C:\xampp\htdocs\E-Learning-WP3\system\Commands\Server\rewrite.php(43): require_once('C:\\xampp\\htdocs...')
#5 {main}
CRITICAL - 2022-12-12 00:52:42 --> Class "Dompdf\Dompdf" not found
#0 C:\xampp\htdocs\E-Learning-WP3\system\CodeIgniter.php(832): App\Controllers\Kuliah->absen_pdf('MQ==', 'MTUuNUIuMDE=')
#1 C:\xampp\htdocs\E-Learning-WP3\system\CodeIgniter.php(419): CodeIgniter\CodeIgniter->runController(Object(App\Controllers\Kuliah))
#2 C:\xampp\htdocs\E-Learning-WP3\system\CodeIgniter.php(326): CodeIgniter\CodeIgniter->handleRequest(NULL, Object(Config\Cache), false)
#3 C:\xampp\htdocs\E-Learning-WP3\public\index.php(37): CodeIgniter\CodeIgniter->run()
#4 C:\xampp\htdocs\E-Learning-WP3\system\Commands\Server\rewrite.php(43): require_once('C:\\xampp\\htdocs...')
#5 {main}
CRITICAL - 2022-12-12 00:52:42 --> Class "Dompdf\Dompdf" not found
#0 C:\xampp\htdocs\E-Learning-WP3\system\CodeIgniter.php(832): App\Controllers\Kuliah->absen_pdf('MQ==', 'MTUuNUIuMDE=')
#1 C:\xampp\htdocs\E-Learning-WP3\system\CodeIgniter.php(419): CodeIgniter\CodeIgniter->runController(Object(App\Controllers\Kuliah))
#2 C:\xampp\htdocs\E-Learning-WP3\system\CodeIgniter.php(326): CodeIgniter\CodeIgniter->handleRequest(NULL, Object(Config\Cache), false)
#3 C:\xampp\htdocs\E-Learning-WP3\public\index.php(37): CodeIgniter\CodeIgniter->run()
#4 C:\xampp\htdocs\E-Learning-WP3\system\Commands\Server\rewrite.php(43): require_once('C:\\xampp\\htdocs...')
#5 {main}
CRITICAL - 2022-12-12 00:52:42 --> Class "Dompdf\Dompdf" not found
#0 C:\xampp\htdocs\E-Learning-WP3\system\CodeIgniter.php(832): App\Controllers\Kuliah->absen_pdf('MQ==', 'MTUuNUIuMDE=')
#1 C:\xampp\htdocs\E-Learning-WP3\system\CodeIgniter.php(419): CodeIgniter\CodeIgniter->runController(Object(App\Controllers\Kuliah))
#2 C:\xampp\htdocs\E-Learning-WP3\system\CodeIgniter.php(326): CodeIgniter\CodeIgniter->handleRequest(NULL, Object(Config\Cache), false)
#3 C:\xampp\htdocs\E-Learning-WP3\public\index.php(37): CodeIgniter\CodeIgniter->run()
#4 C:\xampp\htdocs\E-Learning-WP3\system\Commands\Server\rewrite.php(43): require_once('C:\\xampp\\htdocs...')
#5 {main}
CRITICAL - 2022-12-12 00:52:42 --> Class "Dompdf\Dompdf" not found
#0 C:\xampp\htdocs\E-Learning-WP3\system\CodeIgniter.php(832): App\Controllers\Kuliah->absen_pdf('MQ==', 'MTUuNUIuMDE=')
#1 C:\xampp\htdocs\E-Learning-WP3\system\CodeIgniter.php(419): CodeIgniter\CodeIgniter->runController(Object(App\Controllers\Kuliah))
#2 C:\xampp\htdocs\E-Learning-WP3\system\CodeIgniter.php(326): CodeIgniter\CodeIgniter->handleRequest(NULL, Object(Config\Cache), false)
#3 C:\xampp\htdocs\E-Learning-WP3\public\index.php(37): CodeIgniter\CodeIgniter->run()
#4 C:\xampp\htdocs\E-Learning-WP3\system\Commands\Server\rewrite.php(43): require_once('C:\\xampp\\htdocs...')
#5 {main}
CRITICAL - 2022-12-12 00:52:43 --> Class "Dompdf\Dompdf" not found
#0 C:\xampp\htdocs\E-Learning-WP3\system\CodeIgniter.php(832): App\Controllers\Kuliah->absen_pdf('MQ==', 'MTUuNUIuMDE=')
#1 C:\xampp\htdocs\E-Learning-WP3\system\CodeIgniter.php(419): CodeIgniter\CodeIgniter->runController(Object(App\Controllers\Kuliah))
#2 C:\xampp\htdocs\E-Learning-WP3\system\CodeIgniter.php(326): CodeIgniter\CodeIgniter->handleRequest(NULL, Object(Config\Cache), false)
#3 C:\xampp\htdocs\E-Learning-WP3\public\index.php(37): CodeIgniter\CodeIgniter->run()
#4 C:\xampp\htdocs\E-Learning-WP3\system\Commands\Server\rewrite.php(43): require_once('C:\\xampp\\htdocs...')
#5 {main}
CRITICAL - 2022-12-12 00:52:43 --> Class "Dompdf\Dompdf" not found
#0 C:\xampp\htdocs\E-Learning-WP3\system\CodeIgniter.php(832): App\Controllers\Kuliah->absen_pdf('MQ==', 'MTUuNUIuMDE=')
#1 C:\xampp\htdocs\E-Learning-WP3\system\CodeIgniter.php(419): CodeIgniter\CodeIgniter->runController(Object(App\Controllers\Kuliah))
#2 C:\xampp\htdocs\E-Learning-WP3\system\CodeIgniter.php(326): CodeIgniter\CodeIgniter->handleRequest(NULL, Object(Config\Cache), false)
#3 C:\xampp\htdocs\E-Learning-WP3\public\index.php(37): CodeIgniter\CodeIgniter->run()
#4 C:\xampp\htdocs\E-Learning-WP3\system\Commands\Server\rewrite.php(43): require_once('C:\\xampp\\htdocs...')
#5 {main}
CRITICAL - 2022-12-12 00:52:43 --> Class "Dompdf\Dompdf" not found
#0 C:\xampp\htdocs\E-Learning-WP3\system\CodeIgniter.php(832): App\Controllers\Kuliah->absen_pdf('MQ==', 'MTUuNUIuMDE=')
#1 C:\xampp\htdocs\E-Learning-WP3\system\CodeIgniter.php(419): CodeIgniter\CodeIgniter->runController(Object(App\Controllers\Kuliah))
#2 C:\xampp\htdocs\E-Learning-WP3\system\CodeIgniter.php(326): CodeIgniter\CodeIgniter->handleRequest(NULL, Object(Config\Cache), false)
#3 C:\xampp\htdocs\E-Learning-WP3\public\index.php(37): CodeIgniter\CodeIgniter->run()
#4 C:\xampp\htdocs\E-Learning-WP3\system\Commands\Server\rewrite.php(43): require_once('C:\\xampp\\htdocs...')
#5 {main}
CRITICAL - 2022-12-12 00:52:43 --> Class "Dompdf\Dompdf" not found
#0 C:\xampp\htdocs\E-Learning-WP3\system\CodeIgniter.php(832): App\Controllers\Kuliah->absen_pdf('MQ==', 'MTUuNUIuMDE=')
#1 C:\xampp\htdocs\E-Learning-WP3\system\CodeIgniter.php(419): CodeIgniter\CodeIgniter->runController(Object(App\Controllers\Kuliah))
#2 C:\xampp\htdocs\E-Learning-WP3\system\CodeIgniter.php(326): CodeIgniter\CodeIgniter->handleRequest(NULL, Object(Config\Cache), false)
#3 C:\xampp\htdocs\E-Learning-WP3\public\index.php(37): CodeIgniter\CodeIgniter->run()
#4 C:\xampp\htdocs\E-Learning-WP3\system\Commands\Server\rewrite.php(43): require_once('C:\\xampp\\htdocs...')
#5 {main}
ERROR - 2022-12-12 01:18:17 --> Column 'kelas' in where clause is ambiguous
CRITICAL - 2022-12-12 01:18:17 --> Column 'kelas' in where clause is ambiguous
#0 C:\xampp\htdocs\E-Learning-WP3\system\Database\MySQLi\Connection.php(292): mysqli->query('SELECT *\nFROM `...', 0)
#1 C:\xampp\htdocs\E-Learning-WP3\system\Database\BaseConnection.php(670): CodeIgniter\Database\MySQLi\Connection->execute('SELECT *\nFROM `...')
#2 C:\xampp\htdocs\E-Learning-WP3\system\Database\BaseConnection.php(598): CodeIgniter\Database\BaseConnection->simpleQuery('SELECT *\nFROM `...')
#3 C:\xampp\htdocs\E-Learning-WP3\system\Database\BaseBuilder.php(1588): CodeIgniter\Database\BaseConnection->query('SELECT *\nFROM `...', Array, false)
#4 C:\xampp\htdocs\E-Learning-WP3\app\Controllers\Dosen.php(461): CodeIgniter\Database\BaseBuilder->getWhere(Array)
#5 C:\xampp\htdocs\E-Learning-WP3\system\CodeIgniter.php(832): App\Controllers\Dosen->absensi('MQ==', 'MTUuNUIuMDE=')
#6 C:\xampp\htdocs\E-Learning-WP3\system\CodeIgniter.php(419): CodeIgniter\CodeIgniter->runController(Object(App\Controllers\Dosen))
#7 C:\xampp\htdocs\E-Learning-WP3\system\CodeIgniter.php(326): CodeIgniter\CodeIgniter->handleRequest(NULL, Object(Config\Cache), false)
#8 C:\xampp\htdocs\E-Learning-WP3\public\index.php(37): CodeIgniter\CodeIgniter->run()
#9 C:\xampp\htdocs\E-Learning-WP3\system\Commands\Server\rewrite.php(43): require_once('C:\\xampp\\htdocs...')
#10 {main}
CRITICAL - 2022-12-12 01:18:25 --> Array to string conversion
#0 C:\xampp\htdocs\E-Learning-WP3\app\Views\dosen\absensi.php(13): CodeIgniter\Debug\Exceptions->errorHandler(2, 'Array to string...', 'C:\\xampp\\htdocs...', 13)
#1 C:\xampp\htdocs\E-Learning-WP3\system\View\View.php(210): include('C:\\xampp\\htdocs...')
#2 C:\xampp\htdocs\E-Learning-WP3\system\View\View.php(213): CodeIgniter\View\View->CodeIgniter\View\{closure}()
#3 C:\xampp\htdocs\E-Learning-WP3\system\Common.php(1089): CodeIgniter\View\View->render('dosen/absensi', Array, true)
#4 C:\xampp\htdocs\E-Learning-WP3\app\Controllers\Dosen.php(473): view('dosen/absensi', Array)
#5 C:\xampp\htdocs\E-Learning-WP3\system\CodeIgniter.php(832): App\Controllers\Dosen->absensi('MQ==', 'MTUuNUIuMDE=')
#6 C:\xampp\htdocs\E-Learning-WP3\system\CodeIgniter.php(419): CodeIgniter\CodeIgniter->runController(Object(App\Controllers\Dosen))
#7 C:\xampp\htdocs\E-Learning-WP3\system\CodeIgniter.php(326): CodeIgniter\CodeIgniter->handleRequest(NULL, Object(Config\Cache), false)
#8 C:\xampp\htdocs\E-Learning-WP3\public\index.php(37): CodeIgniter\CodeIgniter->run()
#9 C:\xampp\htdocs\E-Learning-WP3\system\Commands\Server\rewrite.php(43): require_once('C:\\xampp\\htdocs...')
#10 {main}
